Using pre-set license
Built from '2021.3/staging' branch; Version is '2021.3.18f1 (3129e69bc0c7) revision 3221990'; Using compiler version '192829333'; Build Type 'Release'
OS: 'Windows 10  (10.0.14393) 64bit EnterpriseS' Language: 'en' Physical Memory: 65487 MB
BatchMode: 1, IsHumanControllingUs: 0, StartBugReporterOnCrash: 0, Is64bit: 1, IsPro: 1

COMMAND LINE ARGUMENTS:
D:\_UNITY_\Editor\2021.3.18f1\Editor\Unity.exe
-adb2
-batchMode
-noUpm
-name
AssetImportWorker2
-projectPath
D:/_UNITY_/Projects/_PRIORITY_/2DTopShooter/2DTopShooter
-logFile
Logs/AssetImportWorker2.log
-srvPort
53881
Successfully changed project path to: D:/_UNITY_/Projects/_PRIORITY_/2DTopShooter/2DTopShooter
D:/_UNITY_/Projects/_PRIORITY_/2DTopShooter/2DTopShooter
[UnityMemory] Configuration Parameters - Can be set up in boot.config
    "memorysetup-bucket-allocator-granularity=16"
    "memorysetup-bucket-allocator-bucket-count=8"
    "memorysetup-bucket-allocator-block-size=33554432"
    "memorysetup-bucket-allocator-block-count=8"
    "memorysetup-main-allocator-block-size=16777216"
    "memorysetup-thread-allocator-block-size=16777216"
    "memorysetup-gfx-main-allocator-block-size=16777216"
    "memorysetup-gfx-thread-allocator-block-size=16777216"
    "memorysetup-cache-allocator-block-size=4194304"
    "memorysetup-typetree-allocator-block-size=2097152"
    "memorysetup-profiler-bucket-allocator-granularity=16"
    "memorysetup-profiler-bucket-allocator-bucket-count=8"
    "memorysetup-profiler-bucket-allocator-block-size=33554432"
    "memorysetup-profiler-bucket-allocator-block-count=8"
    "memorysetup-profiler-allocator-block-size=16777216"
    "memorysetup-profiler-editor-allocator-block-size=1048576"
    "memorysetup-temp-allocator-size-main=16777216"
    "memorysetup-job-temp-allocator-block-size=2097152"
    "memorysetup-job-temp-allocator-block-size-background=1048576"
    "memorysetup-job-temp-allocator-reduction-small-platforms=262144"
    "memorysetup-temp-allocator-size-background-worker=32768"
    "memorysetup-temp-allocator-size-job-worker=262144"
    "memorysetup-temp-allocator-size-preload-manager=33554432"
    "memorysetup-temp-allocator-size-nav-mesh-worker=65536"
    "memorysetup-temp-allocator-size-audio-worker=65536"
    "memorysetup-temp-allocator-size-cloud-worker=32768"
    "memorysetup-temp-allocator-size-gi-baking-worker=262144"
    "memorysetup-temp-allocator-size-gfx=262144"
Player connection [24480] Host "[IP] 172.25.0.165 [Port] 0 [Flags] 2 [Guid] 1032144548 [EditorId] 1032144548 [Version] 1048832 [Id] WindowsEditor(7,Atom-PC) [Debug] 1 [PackageName] WindowsEditor [ProjectName] Editor" joined multi-casting on [225.0.0.222:54997]...

Player connection [24480] Host "[IP] 172.25.0.165 [Port] 0 [Flags] 2 [Guid] 1032144548 [EditorId] 1032144548 [Version] 1048832 [Id] WindowsEditor(7,Atom-PC) [Debug] 1 [PackageName] WindowsEditor [ProjectName] Editor" joined alternative multi-casting on [225.0.0.222:34997]...

Refreshing native plugins compatible for Editor in 85.85 ms, found 4 plugins.
Preloading 0 native plugins for Editor in 0.00 ms.
Initialize engine version: 2021.3.18f1 (3129e69bc0c7)
[Subsystems] Discovering subsystems at path D:/_UNITY_/Editor/2021.3.18f1/Editor/Data/Resources/UnitySubsystems
[Subsystems] Discovering subsystems at path D:/_UNITY_/Projects/_PRIORITY_/2DTopShooter/2DTopShooter/Assets
GfxDevice: creating device client; threaded=0; jobified=0
Direct3D:
    Version:  Direct3D 11.0 [level 11.1]
    Renderer: NVIDIA GeForce GTX 1080 (ID=0x1b80)
    Vendor:   NVIDIA
    VRAM:     8084 MB
    Driver:   27.21.14.5206
Initialize mono
Mono path[0] = 'D:/_UNITY_/Editor/2021.3.18f1/Editor/Data/Managed'
Mono path[1] = 'D:/_UNITY_/Editor/2021.3.18f1/Editor/Data/MonoBleedingEdge/lib/mono/unityjit-win32'
Mono config path = 'D:/_UNITY_/Editor/2021.3.18f1/Editor/Data/MonoBleedingEdge/etc'
Using monoOptions --debugger-agent=transport=dt_socket,embedding=1,server=y,suspend=n,address=127.0.0.1:56464
Begin MonoManager ReloadAssembly
Registering precompiled unity dll's ...
Register platform support module: D:/_UNITY_/Editor/2021.3.18f1/Editor/Data/PlaybackEngines/WindowsStandaloneSupport/UnityEditor.WindowsStandalone.Extensions.dll
Registered in 0.001713 seconds.
Native extension for WindowsStandalone target not found
Refreshing native plugins compatible for Editor in 79.62 ms, found 4 plugins.
Preloading 0 native plugins for Editor in 0.00 ms.
Mono: successfully reloaded assembly
- Completed reload, in  0.564 seconds
Domain Reload Profiling:
	ReloadAssembly (564ms)
		BeginReloadAssembly (66ms)
			ExecutionOrderSort (0ms)
			DisableScriptedObjects (0ms)
			BackupInstance (0ms)
			ReleaseScriptingObjects (0ms)
			CreateAndSetChildDomain (1ms)
		EndReloadAssembly (410ms)
			LoadAssemblies (66ms)
			RebuildTransferFunctionScriptingTraits (0ms)
			SetupTypeCache (91ms)
			ReleaseScriptCaches (0ms)
			RebuildScriptCaches (25ms)
			SetupLoadedEditorAssemblies (253ms)
				LogAssemblyErrors (0ms)
				InitializePlatformSupportModulesInManaged (6ms)
				SetLoadedEditorAssemblies (0ms)
				RefreshPlugins (80ms)
				BeforeProcessingInitializeOnLoad (1ms)
				ProcessInitializeOnLoadAttributes (125ms)
				ProcessInitializeOnLoadMethodAttributes (40ms)
				AfterProcessingInitializeOnLoad (0ms)
				EditorAssembliesLoaded (0ms)
			ExecutionOrderSort2 (0ms)
			AwakeInstancesAfterBackupRestoration (0ms)
Platform modules already initialized, skipping
Registering precompiled user dll's ...
Registered in 0.004467 seconds.
Begin MonoManager ReloadAssembly
Symbol file LoadedFromMemory doesn't match image D:\_UNITY_\Projects\_PRIORITY_\2DTopShooter\2DTopShooter\Library\PackageCache\com.unity.visualscripting@1.8.0\Editor\VisualScripting.Core\Dependencies\YamlDotNet\Unity.VisualScripting.YamlDotNet.dll
Symbol file LoadedFromMemory doesn't match image D:\_UNITY_\Projects\_PRIORITY_\2DTopShooter\2DTopShooter\Library\PackageCache\com.unity.visualscripting@1.8.0\Editor\VisualScripting.Core\Dependencies\DotNetZip\Unity.VisualScripting.IonicZip.dll
Native extension for WindowsStandalone target not found
Refreshing native plugins compatible for Editor in 83.21 ms, found 4 plugins.
Preloading 0 native plugins for Editor in 0.00 ms.
Mono: successfully reloaded assembly
- Completed reload, in  0.968 seconds
Domain Reload Profiling:
	ReloadAssembly (969ms)
		BeginReloadAssembly (95ms)
			ExecutionOrderSort (0ms)
			DisableScriptedObjects (5ms)
			BackupInstance (0ms)
			ReleaseScriptingObjects (0ms)
			CreateAndSetChildDomain (17ms)
		EndReloadAssembly (775ms)
			LoadAssemblies (74ms)
			RebuildTransferFunctionScriptingTraits (0ms)
			SetupTypeCache (202ms)
			ReleaseScriptCaches (1ms)
			RebuildScriptCaches (51ms)
			SetupLoadedEditorAssemblies (411ms)
				LogAssemblyErrors (0ms)
				InitializePlatformSupportModulesInManaged (3ms)
				SetLoadedEditorAssemblies (0ms)
				RefreshPlugins (83ms)
				BeforeProcessingInitializeOnLoad (77ms)
				ProcessInitializeOnLoadAttributes (209ms)
				ProcessInitializeOnLoadMethodAttributes (36ms)
				AfterProcessingInitializeOnLoad (2ms)
				EditorAssembliesLoaded (0ms)
			ExecutionOrderSort2 (0ms)
			AwakeInstancesAfterBackupRestoration (5ms)
Platform modules already initialized, skipping
========================================================================
Worker process is ready to serve import requests
Launched and connected shader compiler UnityShaderCompiler.exe after 0.02 seconds
Refreshing native plugins compatible for Editor in 0.70 ms, found 4 plugins.
Preloading 0 native plugins for Editor in 0.00 ms.
Unloading 3797 Unused Serialized files (Serialized files now loaded: 0)
Unloading 35 unused Assets / (56.1 KB). Loaded Objects now: 4258.
Memory consumption went from 146.3 MB to 146.2 MB.
Total: 3.061733 ms (FindLiveObjects: 0.290005 ms CreateObjectMapping: 0.269153 ms MarkObjects: 2.415959 ms  DeleteObjects: 0.086296 ms)

AssetImportParameters requested are different than current active one (requested -> active):
  custom:video-decoder-ogg-theora: a1e56fd34408186e4bbccfd4996cb3dc -> 
  custom:container-muxer-webm: aa71ff27fc2769a1b78a27578f13a17b -> 
  custom:container-demuxer-webm: 4f35f7cbe854078d1ac9338744f61a02 -> 
  custom:video-encoder-webm-vp8: eb34c28f22e8b96e1ab97ce403110664 -> 
  custom:video-codec-MediaFoundation-h265: 55f8c8538cf0483ab7069ead6b737db2 -> 
  custom:audio-encoder-webm-vorbis: bf7c407c2cedff20999df2af8eb42d56 -> 
  custom:framework-win-MediaFoundation: 216162199b28c13a410421893ffa2e32 -> 
  custom:container-demuxer-ogg: 62fdf1f143b41e24485cea50d1cbac27 -> 
  custom:video-decoder-webm-vp8: 9c59270c3fd7afecdb556c50c9e8de78 -> 
  custom:audio-decoder-ogg-vorbis: bf7c407c2cedff20999df2af8eb42d56 -> 
========================================================================
Received Import Request.
  Time since last request: 394323.091506 seconds.
  path: Assets/Prefabs/LaserBeam.prefab
  artifactKey: Guid(0eeca5876ea68994e986bb9a5d3180b3) Importer(815301076,1909f56bfc062723c751e8b465ee728b)
Start importing Assets/Prefabs/LaserBeam.prefab using Guid(0eeca5876ea68994e986bb9a5d3180b3) Importer(815301076,1909f56bfc062723c751e8b465ee728b)  -> (artifact id: '4515c9d0e1e164381681000200b11617') in 0.096797 seconds 
========================================================================
Received Import Request.
  Time since last request: 74.620694 seconds.
  path: Assets/Scripts/Interfaces
  artifactKey: Guid(c211da4c9fe6bde49b59bc06af5ab7cc) Importer(815301076,1909f56bfc062723c751e8b465ee728b)
Start importing Assets/Scripts/Interfaces using Guid(c211da4c9fe6bde49b59bc06af5ab7cc) Importer(815301076,1909f56bfc062723c751e8b465ee728b)  -> (artifact id: 'beb3502c33060bf5debe96fac505dfd3') in 0.002581 seconds 
========================================================================
Received Import Request.
  Time since last request: 15.995499 seconds.
  path: Assets/Scripts/Interfaces/IProjectile.cs
  artifactKey: Guid(e406c61734175f241b17396b71e5cdcf) Importer(815301076,1909f56bfc062723c751e8b465ee728b)
Start importing Assets/Scripts/Interfaces/IProjectile.cs using Guid(e406c61734175f241b17396b71e5cdcf) Importer(815301076,1909f56bfc062723c751e8b465ee728b)  -> (artifact id: 'ad6f85613c1dc6495645f3eab24b9e1f') in 0.004206 seconds 
========================================================================
Received Import Request.
  Time since last request: 55.666637 seconds.
  path: Assets/Scripts/Interfaces/IProjectile.cs
  artifactKey: Guid(e406c61734175f241b17396b71e5cdcf) Importer(815301076,1909f56bfc062723c751e8b465ee728b)
Start importing Assets/Scripts/Interfaces/IProjectile.cs using Guid(e406c61734175f241b17396b71e5cdcf) Importer(815301076,1909f56bfc062723c751e8b465ee728b)  -> (artifact id: '8e56a7009a5a28160aa1890786c53fab') in 0.001518 seconds 
========================================================================
Received Prepare
Registering precompiled user dll's ...
Registered in 0.004470 seconds.
Begin MonoManager ReloadAssembly
Symbol file LoadedFromMemory doesn't match image D:\_UNITY_\Projects\_PRIORITY_\2DTopShooter\2DTopShooter\Library\PackageCache\com.unity.visualscripting@1.8.0\Editor\VisualScripting.Core\Dependencies\YamlDotNet\Unity.VisualScripting.YamlDotNet.dll
Symbol file LoadedFromMemory doesn't match image D:\_UNITY_\Projects\_PRIORITY_\2DTopShooter\2DTopShooter\Library\PackageCache\com.unity.visualscripting@1.8.0\Editor\VisualScripting.Core\Dependencies\DotNetZip\Unity.VisualScripting.IonicZip.dll
Native extension for WindowsStandalone target not found
Refreshing native plugins compatible for Editor in 0.65 ms, found 4 plugins.
Preloading 0 native plugins for Editor in 0.00 ms.
Mono: successfully reloaded assembly
- Completed reload, in  0.814 seconds
Domain Reload Profiling:
	ReloadAssembly (815ms)
		BeginReloadAssembly (111ms)
			ExecutionOrderSort (0ms)
			DisableScriptedObjects (6ms)
			BackupInstance (0ms)
			ReleaseScriptingObjects (0ms)
			CreateAndSetChildDomain (32ms)
		EndReloadAssembly (625ms)
			LoadAssemblies (72ms)
			RebuildTransferFunctionScriptingTraits (0ms)
			SetupTypeCache (201ms)
			ReleaseScriptCaches (1ms)
			RebuildScriptCaches (40ms)
			SetupLoadedEditorAssemblies (277ms)
				LogAssemblyErrors (0ms)
				InitializePlatformSupportModulesInManaged (10ms)
				SetLoadedEditorAssemblies (0ms)
				RefreshPlugins (1ms)
				BeforeProcessingInitializeOnLoad (55ms)
				ProcessInitializeOnLoadAttributes (181ms)
				ProcessInitializeOnLoadMethodAttributes (29ms)
				AfterProcessingInitializeOnLoad (2ms)
				EditorAssembliesLoaded (0ms)
			ExecutionOrderSort2 (0ms)
			AwakeInstancesAfterBackupRestoration (7ms)
Platform modules already initialized, skipping
Refreshing native plugins compatible for Editor in 1.73 ms, found 4 plugins.
Preloading 0 native plugins for Editor in 0.00 ms.
Unloading 3774 Unused Serialized files (Serialized files now loaded: 0)
Unloading 22 unused Assets / (24.7 KB). Loaded Objects now: 4270.
Memory consumption went from 148.2 MB to 148.2 MB.
Total: 2.574114 ms (FindLiveObjects: 0.262095 ms CreateObjectMapping: 0.179649 ms MarkObjects: 2.112480 ms  DeleteObjects: 0.019248 ms)

AssetImportParameters requested are different than current active one (requested -> active):
  custom:video-decoder-ogg-theora: a1e56fd34408186e4bbccfd4996cb3dc -> 
  custom:container-muxer-webm: aa71ff27fc2769a1b78a27578f13a17b -> 
  custom:container-demuxer-webm: 4f35f7cbe854078d1ac9338744f61a02 -> 
  custom:video-encoder-webm-vp8: eb34c28f22e8b96e1ab97ce403110664 -> 
  custom:video-codec-MediaFoundation-h265: 55f8c8538cf0483ab7069ead6b737db2 -> 
  custom:audio-encoder-webm-vorbis: bf7c407c2cedff20999df2af8eb42d56 -> 
  custom:framework-win-MediaFoundation: 216162199b28c13a410421893ffa2e32 -> 
  custom:container-demuxer-ogg: 62fdf1f143b41e24485cea50d1cbac27 -> 
  custom:video-decoder-webm-vp8: 9c59270c3fd7afecdb556c50c9e8de78 -> 
  custom:audio-decoder-ogg-vorbis: bf7c407c2cedff20999df2af8eb42d56 -> 
========================================================================
Received Import Request.
  Time since last request: 84.401081 seconds.
  path: Assets/Scripts/Projectile.cs
  artifactKey: Guid(556c75a3b9a3062489d91ea0891e5898) Importer(815301076,1909f56bfc062723c751e8b465ee728b)
Start importing Assets/Scripts/Projectile.cs using Guid(556c75a3b9a3062489d91ea0891e5898) Importer(815301076,1909f56bfc062723c751e8b465ee728b)  -> (artifact id: 'da73e4b7713dd59ec947b760ba97e60e') in 0.007339 seconds 
========================================================================
Received Import Request.
  Time since last request: 15.441169 seconds.
  path: Assets/Scripts/Weapons/EnemyGun.cs
  artifactKey: Guid(30634fd9c07d1df409de05f7b60066ce) Importer(815301076,1909f56bfc062723c751e8b465ee728b)
Start importing Assets/Scripts/Weapons/EnemyGun.cs using Guid(30634fd9c07d1df409de05f7b60066ce) Importer(815301076,1909f56bfc062723c751e8b465ee728b)  -> (artifact id: '975e32afcee3e49faec96eb13f0ce678') in 0.002042 seconds 
========================================================================
Received Import Request.
  Time since last request: 227.539478 seconds.
  path: Assets/Scripts/Weapons/EnemyGun.cs
  artifactKey: Guid(30634fd9c07d1df409de05f7b60066ce) Importer(815301076,1909f56bfc062723c751e8b465ee728b)
Start importing Assets/Scripts/Weapons/EnemyGun.cs using Guid(30634fd9c07d1df409de05f7b60066ce) Importer(815301076,1909f56bfc062723c751e8b465ee728b)  -> (artifact id: '14e5b201b43823217c52b740c6469885') in 0.001992 seconds 
========================================================================
Received Import Request.
  Time since last request: 4.251907 seconds.
  path: Assets/Scripts/Weapons/ShotGun.cs
  artifactKey: Guid(a25f1dcd72c6de04c8637d183df00394) Importer(815301076,1909f56bfc062723c751e8b465ee728b)
Start importing Assets/Scripts/Weapons/ShotGun.cs using Guid(a25f1dcd72c6de04c8637d183df00394) Importer(815301076,1909f56bfc062723c751e8b465ee728b)  -> (artifact id: 'c5df460a0c436a9bd4b5c795208dcb41') in 0.002173 seconds 
========================================================================
Received Import Request.
  Time since last request: 11.821309 seconds.
  path: Assets/Scripts/Weapons/ShotGun.cs
  artifactKey: Guid(a25f1dcd72c6de04c8637d183df00394) Importer(815301076,1909f56bfc062723c751e8b465ee728b)
Start importing Assets/Scripts/Weapons/ShotGun.cs using Guid(a25f1dcd72c6de04c8637d183df00394) Importer(815301076,1909f56bfc062723c751e8b465ee728b)  -> (artifact id: '976e869eeb5cc967813443790572b808') in 0.001462 seconds 
========================================================================
Received Import Request.
  Time since last request: 18.914219 seconds.
  path: Assets/Scripts/Weapons/Gun.cs
  artifactKey: Guid(bd9b815d201e2144692c104609bfcbb7) Importer(815301076,1909f56bfc062723c751e8b465ee728b)
Start importing Assets/Scripts/Weapons/Gun.cs using Guid(bd9b815d201e2144692c104609bfcbb7) Importer(815301076,1909f56bfc062723c751e8b465ee728b)  -> (artifact id: 'e2a8e6187197177e8ea2e0b28cbfee4c') in 0.001521 seconds 
========================================================================
Received Import Request.
  Time since last request: 25.816519 seconds.
  path: Assets/Scripts/LaseBeam.cs
  artifactKey: Guid(d1139a093c2e11e40b20877aa042bafc) Importer(815301076,1909f56bfc062723c751e8b465ee728b)
Start importing Assets/Scripts/LaseBeam.cs using Guid(d1139a093c2e11e40b20877aa042bafc) Importer(815301076,1909f56bfc062723c751e8b465ee728b)  -> (artifact id: '937fc6dca3c18427b6247e421f14adcc') in 0.001802 seconds 
========================================================================
Received Prepare
Registering precompiled user dll's ...
Registered in 0.005745 seconds.
Begin MonoManager ReloadAssembly
Symbol file LoadedFromMemory doesn't match image D:\_UNITY_\Projects\_PRIORITY_\2DTopShooter\2DTopShooter\Library\PackageCache\com.unity.visualscripting@1.8.0\Editor\VisualScripting.Core\Dependencies\YamlDotNet\Unity.VisualScripting.YamlDotNet.dll
Symbol file LoadedFromMemory doesn't match image D:\_UNITY_\Projects\_PRIORITY_\2DTopShooter\2DTopShooter\Library\PackageCache\com.unity.visualscripting@1.8.0\Editor\VisualScripting.Core\Dependencies\DotNetZip\Unity.VisualScripting.IonicZip.dll
Native extension for WindowsStandalone target not found
Refreshing native plugins compatible for Editor in 0.66 ms, found 4 plugins.
Preloading 0 native plugins for Editor in 0.00 ms.
Mono: successfully reloaded assembly
- Completed reload, in  0.838 seconds
Domain Reload Profiling:
	ReloadAssembly (839ms)
		BeginReloadAssembly (116ms)
			ExecutionOrderSort (0ms)
			DisableScriptedObjects (8ms)
			BackupInstance (0ms)
			ReleaseScriptingObjects (0ms)
			CreateAndSetChildDomain (31ms)
		EndReloadAssembly (643ms)
			LoadAssemblies (79ms)
			RebuildTransferFunctionScriptingTraits (0ms)
			SetupTypeCache (203ms)
			ReleaseScriptCaches (1ms)
			RebuildScriptCaches (41ms)
			SetupLoadedEditorAssemblies (280ms)
				LogAssemblyErrors (0ms)
				InitializePlatformSupportModulesInManaged (10ms)
				SetLoadedEditorAssemblies (0ms)
				RefreshPlugins (1ms)
				BeforeProcessingInitializeOnLoad (55ms)
				ProcessInitializeOnLoadAttributes (178ms)
				ProcessInitializeOnLoadMethodAttributes (32ms)
				AfterProcessingInitializeOnLoad (3ms)
				EditorAssembliesLoaded (0ms)
			ExecutionOrderSort2 (0ms)
			AwakeInstancesAfterBackupRestoration (8ms)
Platform modules already initialized, skipping
Refreshing native plugins compatible for Editor in 1.81 ms, found 4 plugins.
Preloading 0 native plugins for Editor in 0.00 ms.
Unloading 3775 Unused Serialized files (Serialized files now loaded: 0)
Unloading 22 unused Assets / (24.7 KB). Loaded Objects now: 4274.
Memory consumption went from 148.2 MB to 148.2 MB.
Total: 2.687036 ms (FindLiveObjects: 0.276852 ms CreateObjectMapping: 0.208200 ms MarkObjects: 2.180169 ms  DeleteObjects: 0.021173 ms)

AssetImportParameters requested are different than current active one (requested -> active):
  custom:video-decoder-ogg-theora: a1e56fd34408186e4bbccfd4996cb3dc -> 
  custom:container-muxer-webm: aa71ff27fc2769a1b78a27578f13a17b -> 
  custom:container-demuxer-webm: 4f35f7cbe854078d1ac9338744f61a02 -> 
  custom:video-encoder-webm-vp8: eb34c28f22e8b96e1ab97ce403110664 -> 
  custom:video-codec-MediaFoundation-h265: 55f8c8538cf0483ab7069ead6b737db2 -> 
  custom:audio-encoder-webm-vorbis: bf7c407c2cedff20999df2af8eb42d56 -> 
  custom:framework-win-MediaFoundation: 216162199b28c13a410421893ffa2e32 -> 
  custom:container-demuxer-ogg: 62fdf1f143b41e24485cea50d1cbac27 -> 
  custom:video-decoder-webm-vp8: 9c59270c3fd7afecdb556c50c9e8de78 -> 
  custom:audio-decoder-ogg-vorbis: bf7c407c2cedff20999df2af8eb42d56 -> 
========================================================================
Received Import Request.
  Time since last request: 376.786634 seconds.
  path: Assets/Scripts/LaseBeam.cs
  artifactKey: Guid(d1139a093c2e11e40b20877aa042bafc) Importer(815301076,1909f56bfc062723c751e8b465ee728b)
Start importing Assets/Scripts/LaseBeam.cs using Guid(d1139a093c2e11e40b20877aa042bafc) Importer(815301076,1909f56bfc062723c751e8b465ee728b)  -> (artifact id: 'b379bcd42af0aae69225d91720112d59') in 0.008614 seconds 
========================================================================
Received Prepare
Registering precompiled user dll's ...
Registered in 0.004428 seconds.
Begin MonoManager ReloadAssembly
Symbol file LoadedFromMemory doesn't match image D:\_UNITY_\Projects\_PRIORITY_\2DTopShooter\2DTopShooter\Library\PackageCache\com.unity.visualscripting@1.8.0\Editor\VisualScripting.Core\Dependencies\YamlDotNet\Unity.VisualScripting.YamlDotNet.dll
Symbol file LoadedFromMemory doesn't match image D:\_UNITY_\Projects\_PRIORITY_\2DTopShooter\2DTopShooter\Library\PackageCache\com.unity.visualscripting@1.8.0\Editor\VisualScripting.Core\Dependencies\DotNetZip\Unity.VisualScripting.IonicZip.dll
Native extension for WindowsStandalone target not found
Refreshing native plugins compatible for Editor in 0.66 ms, found 4 plugins.
Preloading 0 native plugins for Editor in 0.00 ms.
Mono: successfully reloaded assembly
- Completed reload, in  0.819 seconds
Domain Reload Profiling:
	ReloadAssembly (819ms)
		BeginReloadAssembly (116ms)
			ExecutionOrderSort (0ms)
			DisableScriptedObjects (7ms)
			BackupInstance (0ms)
			ReleaseScriptingObjects (0ms)
			CreateAndSetChildDomain (31ms)
		EndReloadAssembly (624ms)
			LoadAssemblies (79ms)
			RebuildTransferFunctionScriptingTraits (0ms)
			SetupTypeCache (197ms)
			ReleaseScriptCaches (1ms)
			RebuildScriptCaches (39ms)
			SetupLoadedEditorAssemblies (276ms)
				LogAssemblyErrors (0ms)
				InitializePlatformSupportModulesInManaged (10ms)
				SetLoadedEditorAssemblies (0ms)
				RefreshPlugins (1ms)
				BeforeProcessingInitializeOnLoad (55ms)
				ProcessInitializeOnLoadAttributes (179ms)
				ProcessInitializeOnLoadMethodAttributes (29ms)
				AfterProcessingInitializeOnLoad (2ms)
				EditorAssembliesLoaded (0ms)
			ExecutionOrderSort2 (0ms)
			AwakeInstancesAfterBackupRestoration (8ms)
Platform modules already initialized, skipping
Refreshing native plugins compatible for Editor in 1.80 ms, found 4 plugins.
Preloading 0 native plugins for Editor in 0.00 ms.
Unloading 3775 Unused Serialized files (Serialized files now loaded: 0)
Unloading 22 unused Assets / (24.7 KB). Loaded Objects now: 4277.
Memory consumption went from 148.2 MB to 148.2 MB.
Total: 12.048997 ms (FindLiveObjects: 0.272040 ms CreateObjectMapping: 0.204992 ms MarkObjects: 11.516466 ms  DeleteObjects: 0.054216 ms)

AssetImportParameters requested are different than current active one (requested -> active):
  custom:video-decoder-ogg-theora: a1e56fd34408186e4bbccfd4996cb3dc -> 
  custom:container-muxer-webm: aa71ff27fc2769a1b78a27578f13a17b -> 
  custom:container-demuxer-webm: 4f35f7cbe854078d1ac9338744f61a02 -> 
  custom:video-encoder-webm-vp8: eb34c28f22e8b96e1ab97ce403110664 -> 
  custom:video-codec-MediaFoundation-h265: 55f8c8538cf0483ab7069ead6b737db2 -> 
  custom:audio-encoder-webm-vorbis: bf7c407c2cedff20999df2af8eb42d56 -> 
  custom:framework-win-MediaFoundation: 216162199b28c13a410421893ffa2e32 -> 
  custom:container-demuxer-ogg: 62fdf1f143b41e24485cea50d1cbac27 -> 
  custom:video-decoder-webm-vp8: 9c59270c3fd7afecdb556c50c9e8de78 -> 
  custom:audio-decoder-ogg-vorbis: bf7c407c2cedff20999df2af8eb42d56 -> 
========================================================================
Received Import Request.
  Time since last request: 4.967175 seconds.
  path: Assets/Scripts/LaseBeam.cs
  artifactKey: Guid(d1139a093c2e11e40b20877aa042bafc) Importer(815301076,1909f56bfc062723c751e8b465ee728b)
Start importing Assets/Scripts/LaseBeam.cs using Guid(d1139a093c2e11e40b20877aa042bafc) Importer(815301076,1909f56bfc062723c751e8b465ee728b)  -> (artifact id: '1a718e14bc3311af9addb97b945dec9e') in 0.008702 seconds 
========================================================================
Received Prepare
Registering precompiled user dll's ...
Registered in 0.004698 seconds.
Begin MonoManager ReloadAssembly
Symbol file LoadedFromMemory doesn't match image D:\_UNITY_\Projects\_PRIORITY_\2DTopShooter\2DTopShooter\Library\PackageCache\com.unity.visualscripting@1.8.0\Editor\VisualScripting.Core\Dependencies\YamlDotNet\Unity.VisualScripting.YamlDotNet.dll
Symbol file LoadedFromMemory doesn't match image D:\_UNITY_\Projects\_PRIORITY_\2DTopShooter\2DTopShooter\Library\PackageCache\com.unity.visualscripting@1.8.0\Editor\VisualScripting.Core\Dependencies\DotNetZip\Unity.VisualScripting.IonicZip.dll
Native extension for WindowsStandalone target not found
Refreshing native plugins compatible for Editor in 0.63 ms, found 4 plugins.
Preloading 0 native plugins for Editor in 0.00 ms.
Mono: successfully reloaded assembly
- Completed reload, in  0.828 seconds
Domain Reload Profiling:
	ReloadAssembly (828ms)
		BeginReloadAssembly (113ms)
			ExecutionOrderSort (0ms)
			DisableScriptedObjects (6ms)
			BackupInstance (0ms)
			ReleaseScriptingObjects (0ms)
			CreateAndSetChildDomain (31ms)
		EndReloadAssembly (635ms)
			LoadAssemblies (77ms)
			RebuildTransferFunctionScriptingTraits (0ms)
			SetupTypeCache (192ms)
			ReleaseScriptCaches (1ms)
			RebuildScriptCaches (43ms)
			SetupLoadedEditorAssemblies (284ms)
				LogAssemblyErrors (0ms)
				InitializePlatformSupportModulesInManaged (10ms)
				SetLoadedEditorAssemblies (0ms)
				RefreshPlugins (1ms)
				BeforeProcessingInitializeOnLoad (60ms)
				ProcessInitializeOnLoadAttributes (179ms)
				ProcessInitializeOnLoadMethodAttributes (32ms)
				AfterProcessingInitializeOnLoad (2ms)
				EditorAssembliesLoaded (0ms)
			ExecutionOrderSort2 (0ms)
			AwakeInstancesAfterBackupRestoration (8ms)
Platform modules already initialized, skipping
Refreshing native plugins compatible for Editor in 1.75 ms, found 4 plugins.
Preloading 0 native plugins for Editor in 0.00 ms.
Unloading 3775 Unused Serialized files (Serialized files now loaded: 0)
Unloading 22 unused Assets / (24.7 KB). Loaded Objects now: 4280.
Memory consumption went from 148.2 MB to 148.2 MB.
Total: 2.590796 ms (FindLiveObjects: 0.264341 ms CreateObjectMapping: 0.178045 ms MarkObjects: 2.128199 ms  DeleteObjects: 0.018927 ms)

AssetImportParameters requested are different than current active one (requested -> active):
  custom:video-decoder-ogg-theora: a1e56fd34408186e4bbccfd4996cb3dc -> 
  custom:container-muxer-webm: aa71ff27fc2769a1b78a27578f13a17b -> 
  custom:container-demuxer-webm: 4f35f7cbe854078d1ac9338744f61a02 -> 
  custom:video-encoder-webm-vp8: eb34c28f22e8b96e1ab97ce403110664 -> 
  custom:video-codec-MediaFoundation-h265: 55f8c8538cf0483ab7069ead6b737db2 -> 
  custom:audio-encoder-webm-vorbis: bf7c407c2cedff20999df2af8eb42d56 -> 
  custom:framework-win-MediaFoundation: 216162199b28c13a410421893ffa2e32 -> 
  custom:container-demuxer-ogg: 62fdf1f143b41e24485cea50d1cbac27 -> 
  custom:video-decoder-webm-vp8: 9c59270c3fd7afecdb556c50c9e8de78 -> 
  custom:audio-decoder-ogg-vorbis: bf7c407c2cedff20999df2af8eb42d56 -> 
========================================================================
Received Import Request.
  Time since last request: 61.729929 seconds.
  path: Assets/Art/free-guns-pixel-art/Amo1.png
  artifactKey: Guid(229daf3af76ba834c96b89fc4280913d) Importer(815301076,1909f56bfc062723c751e8b465ee728b)
Start importing Assets/Art/free-guns-pixel-art/Amo1.png using Guid(229daf3af76ba834c96b89fc4280913d) Importer(815301076,1909f56bfc062723c751e8b465ee728b)  -> (artifact id: 'fa07da1401e13c68141f62b150ae262e') in 0.062127 seconds 
========================================================================
Received Import Request.
  Time since last request: 0.000016 seconds.
  path: Assets/Art/Screen Overlay Effects/blurry Blood Overlay.png
  artifactKey: Guid(be86e78be6a7cb84da75d3762af9936b) Importer(815301076,1909f56bfc062723c751e8b465ee728b)
Start importing Assets/Art/Screen Overlay Effects/blurry Blood Overlay.png using Guid(be86e78be6a7cb84da75d3762af9936b) Importer(815301076,1909f56bfc062723c751e8b465ee728b)  -> (artifact id: '586b560f3bef54c2153869a78a5b8e56') in 0.143060 seconds 
========================================================================
Received Import Request.
  Time since last request: 0.000024 seconds.
  path: Assets/Art/CrossHairs/Outline/crosshair074.png
  artifactKey: Guid(eb70eb2fcbbc2fc44af7ae348fe3e73c) Importer(815301076,1909f56bfc062723c751e8b465ee728b)
Start importing Assets/Art/CrossHairs/Outline/crosshair074.png using Guid(eb70eb2fcbbc2fc44af7ae348fe3e73c) Importer(815301076,1909f56bfc062723c751e8b465ee728b)  -> (artifact id: 'bafbe8f81f4a6dee526583ed37f2a66f') in 0.008950 seconds 
========================================================================
Received Import Request.
  Time since last request: 0.000015 seconds.
  path: Packages/com.unity.2d.animation/Editor/Assets/SkinningModule/Icons/Light/Copy.png
  artifactKey: Guid(42f4b048501996743958df91513f824a) Importer(815301076,1909f56bfc062723c751e8b465ee728b)
Start importing Packages/com.unity.2d.animation/Editor/Assets/SkinningModule/Icons/Light/Copy.png using Guid(42f4b048501996743958df91513f824a) Importer(815301076,1909f56bfc062723c751e8b465ee728b)  -> (artifact id: '575f534e20652724c7cf0de7763d72a1') in 0.007576 seconds 
========================================================================
Received Import Request.
  Time since last request: 0.000016 seconds.
  path: Assets/Art/CrossHairs/Outline/crosshair058.png
  artifactKey: Guid(3acd0826b9d674545aa6fbffb51f5610) Importer(815301076,1909f56bfc062723c751e8b465ee728b)
Start importing Assets/Art/CrossHairs/Outline/crosshair058.png using Guid(3acd0826b9d674545aa6fbffb51f5610) Importer(815301076,1909f56bfc062723c751e8b465ee728b)  -> (artifact id: '176bc8213dc3c3f7f21c32347abf9ec6') in 0.007920 seconds 
========================================================================
Received Import Request.
  Time since last request: 0.000014 seconds.
  path: Assets/Art/CrossHairs/Outline/crosshair026.png
  artifactKey: Guid(990f8169193d21b4a8edd055de72e03a) Importer(815301076,1909f56bfc062723c751e8b465ee728b)
Start importing Assets/Art/CrossHairs/Outline/crosshair026.png using Guid(990f8169193d21b4a8edd055de72e03a) Importer(815301076,1909f56bfc062723c751e8b465ee728b)  -> (artifact id: 'a23f9254438f373bb2ea911f134678e7') in 0.009612 seconds 
========================================================================
Received Import Request.
  Time since last request: 0.000015 seconds.
  path: Packages/com.unity.2d.animation/Editor/Assets/SkinningModule/Icons/Light/Create_Edge@4x.png
  artifactKey: Guid(1f21190ca9d1e8540b2a3a2e46002685) Importer(815301076,1909f56bfc062723c751e8b465ee728b)
Start importing Packages/com.unity.2d.animation/Editor/Assets/SkinningModule/Icons/Light/Create_Edge@4x.png using Guid(1f21190ca9d1e8540b2a3a2e46002685) Importer(815301076,1909f56bfc062723c751e8b465ee728b)  -> (artifact id: '5e585e779d466ddc9267cd0910088f91') in 0.011073 seconds 
========================================================================
Received Import Request.
  Time since last request: 0.000017 seconds.
  path: Assets/Art/CrossHairs/Outline/crosshair045.png
  artifactKey: Guid(2a941c0c66eeb134792541e8d322a2f6) Importer(815301076,1909f56bfc062723c751e8b465ee728b)
Start importing Assets/Art/CrossHairs/Outline/crosshair045.png using Guid(2a941c0c66eeb134792541e8d322a2f6) Importer(815301076,1909f56bfc062723c751e8b465ee728b)  -> (artifact id: '471ddb44cd17eca5a22d3afac96f8ed2') in 0.017084 seconds 
========================================================================
Received Import Request.
  Time since last request: 0.000015 seconds.
  path: Packages/com.unity.2d.animation/Editor/Assets/SkinningModule/Icons/Selected/Copy.png
  artifactKey: Guid(678095381d851334fb550c5032ba1a81) Importer(815301076,1909f56bfc062723c751e8b465ee728b)
Start importing Packages/com.unity.2d.animation/Editor/Assets/SkinningModule/Icons/Selected/Copy.png using Guid(678095381d851334fb550c5032ba1a81) Importer(815301076,1909f56bfc062723c751e8b465ee728b)  -> (artifact id: '9f65ec613abe44984aa518e60ff4f9c7') in 0.007973 seconds 
========================================================================
Received Import Request.
  Time since last request: 0.000013 seconds.
  path: Packages/com.unity.2d.animation/Editor/Assets/SkinningModule/Icons/Selected/Bone_Influence.png
  artifactKey: Guid(ff00345da0563d641903c5bd5bb748a4) Importer(815301076,1909f56bfc062723c751e8b465ee728b)
Start importing Packages/com.unity.2d.animation/Editor/Assets/SkinningModule/Icons/Selected/Bone_Influence.png using Guid(ff00345da0563d641903c5bd5bb748a4) Importer(815301076,1909f56bfc062723c751e8b465ee728b)  -> (artifact id: '05301bb777e31444b5e09eb9c38276bd') in 0.007347 seconds 
========================================================================
Received Import Request.
  Time since last request: 0.000017 seconds.
  path: Assets/Art/CrossHairs/Outline/crosshair007.png
  artifactKey: Guid(77c0a21ed13f79f4a8bae565aedcdc47) Importer(815301076,1909f56bfc062723c751e8b465ee728b)
Start importing Assets/Art/CrossHairs/Outline/crosshair007.png using Guid(77c0a21ed13f79f4a8bae565aedcdc47) Importer(815301076,1909f56bfc062723c751e8b465ee728b)  -> (artifact id: '82c5d1e023ec6d352144997789c73898') in 0.008590 seconds 
========================================================================
Received Import Request.
  Time since last request: 0.000015 seconds.
  path: Assets/Art/CrossHairs/Outline/crosshair041.png
  artifactKey: Guid(ec483876297599141bb649c2aeb45c7c) Importer(815301076,1909f56bfc062723c751e8b465ee728b)
Start importing Assets/Art/CrossHairs/Outline/crosshair041.png using Guid(ec483876297599141bb649c2aeb45c7c) Importer(815301076,1909f56bfc062723c751e8b465ee728b)  -> (artifact id: 'b4597bd678c84f457cb7f59d06d5c74b') in 0.008673 seconds 
========================================================================
Received Import Request.
  Time since last request: 0.000017 seconds.
  path: Assets/Art/CrossHairs/Outline/crosshair055.png
  artifactKey: Guid(8d6218e66d54dc84298d29556fb94cf2) Importer(815301076,1909f56bfc062723c751e8b465ee728b)
Start importing Assets/Art/CrossHairs/Outline/crosshair055.png using Guid(8d6218e66d54dc84298d29556fb94cf2) Importer(815301076,1909f56bfc062723c751e8b465ee728b)  -> (artifact id: '868bba48a39018b98b43f542dc009136') in 0.008234 seconds 
========================================================================
Received Import Request.
  Time since last request: 0.000014 seconds.
  path: Packages/com.unity.2d.animation/Editor/Assets/SkinningModule/Icons/Light/character_Mode@2x.png
  artifactKey: Guid(25096ce515c063c48a2bd6b108c95912) Importer(815301076,1909f56bfc062723c751e8b465ee728b)
Start importing Packages/com.unity.2d.animation/Editor/Assets/SkinningModule/Icons/Light/character_Mode@2x.png using Guid(25096ce515c063c48a2bd6b108c95912) Importer(815301076,1909f56bfc062723c751e8b465ee728b)  -> (artifact id: 'bf3cf827cbae54f9b832c10fe2351037') in 0.006629 seconds 
========================================================================
Received Import Request.
  Time since last request: 0.000015 seconds.
  path: Packages/com.unity.collab-proxy/Editor/PlasticSCM/Assets/Images/buttonssosigninunity.png
  artifactKey: Guid(f9161c6c9e06dc445ada3ee16d991f90) Importer(815301076,1909f56bfc062723c751e8b465ee728b)
Start importing Packages/com.unity.collab-proxy/Editor/PlasticSCM/Assets/Images/buttonssosigninunity.png using Guid(f9161c6c9e06dc445ada3ee16d991f90) Importer(815301076,1909f56bfc062723c751e8b465ee728b)  -> (artifact id: '2de28bbd60403b3cea92704de0cc5c8a') in 0.007655 seconds 
========================================================================
Received Import Request.
  Time since last request: 0.000019 seconds.
  path: Assets/Art/CrossHairs/Outline/crosshair028.png
  artifactKey: Guid(3829061c60aa03549a62c4467a30fbb1) Importer(815301076,1909f56bfc062723c751e8b465ee728b)
Start importing Assets/Art/CrossHairs/Outline/crosshair028.png using Guid(3829061c60aa03549a62c4467a30fbb1) Importer(815301076,1909f56bfc062723c751e8b465ee728b)  -> (artifact id: '3bb5912cc85edaf6d614df1f75b8816b') in 0.007428 seconds 
========================================================================
Received Import Request.
  Time since last request: 0.000019 seconds.
  path: Assets/Art/CrossHairs/Outline/crosshair050.png
  artifactKey: Guid(279c0604aec5b0c43b576eac2a46dbc0) Importer(815301076,1909f56bfc062723c751e8b465ee728b)
Start importing Assets/Art/CrossHairs/Outline/crosshair050.png using Guid(279c0604aec5b0c43b576eac2a46dbc0) Importer(815301076,1909f56bfc062723c751e8b465ee728b)  -> (artifact id: 'a3394d8600cc966cb3c71ebeda1df575') in 0.008276 seconds 
========================================================================
Received Import Request.
  Time since last request: 0.000017 seconds.
  path: Packages/com.unity.2d.animation/Editor/Assets/SkinningModule/Icons/Light/Create_Vertex.png
  artifactKey: Guid(31f371f2dfe50c34081023094aed72c3) Importer(815301076,1909f56bfc062723c751e8b465ee728b)
Start importing Packages/com.unity.2d.animation/Editor/Assets/SkinningModule/Icons/Light/Create_Vertex.png using Guid(31f371f2dfe50c34081023094aed72c3) Importer(815301076,1909f56bfc062723c751e8b465ee728b)  -> (artifact id: '9b1e478d7b8d56f0ed2b71e3c112b2fe') in 0.006672 seconds 
========================================================================
Received Import Request.
  Time since last request: 0.000020 seconds.
  path: Assets/Art/CrossHairs/Outline/crosshair011.png
  artifactKey: Guid(82605cb03af7ac24d8985905e4f55a2c) Importer(815301076,1909f56bfc062723c751e8b465ee728b)
Start importing Assets/Art/CrossHairs/Outline/crosshair011.png using Guid(82605cb03af7ac24d8985905e4f55a2c) Importer(815301076,1909f56bfc062723c751e8b465ee728b)  -> (artifact id: 'd04d50ab8d5e867cbd2b065282a2ac2f') in 0.007829 seconds 
========================================================================
Received Import Request.
  Time since last request: 0.000028 seconds.
  path: Assets/Art/CrossHairs/Outline/crosshair084.png
  artifactKey: Guid(3197068604c207e48906c62ba192a014) Importer(815301076,1909f56bfc062723c751e8b465ee728b)
Start importing Assets/Art/CrossHairs/Outline/crosshair084.png using Guid(3197068604c207e48906c62ba192a014) Importer(815301076,1909f56bfc062723c751e8b465ee728b)  -> (artifact id: '2e04c0a9a76961da31610429b7f44301') in 0.008373 seconds 
========================================================================
Received Import Request.
  Time since last request: 0.000016 seconds.
  path: Packages/com.unity.2d.animation/Editor/Assets/SkinningModule/Icons/Light/Bone_Influence.png
  artifactKey: Guid(e92fc44f12c21dd44a49e390f39f7ffd) Importer(815301076,1909f56bfc062723c751e8b465ee728b)
Start importing Packages/com.unity.2d.animation/Editor/Assets/SkinningModule/Icons/Light/Bone_Influence.png using Guid(e92fc44f12c21dd44a49e390f39f7ffd) Importer(815301076,1909f56bfc062723c751e8b465ee728b)  -> (artifact id: 'f2a992d1c4359f6d5c0c45a763888b4b') in 0.006822 seconds 
========================================================================
Received Import Request.
  Time since last request: 0.000016 seconds.
  path: Assets/Art/CrossHairs/Outline/crosshair060.png
  artifactKey: Guid(700ff7ff3d8ea5348baaccd9c8a5c074) Importer(815301076,1909f56bfc062723c751e8b465ee728b)
Start importing Assets/Art/CrossHairs/Outline/crosshair060.png using Guid(700ff7ff3d8ea5348baaccd9c8a5c074) Importer(815301076,1909f56bfc062723c751e8b465ee728b)  -> (artifact id: '9b67f9ed036db602f2afe459a8ac6849') in 0.007454 seconds 
========================================================================
Received Import Request.
  Time since last request: 0.000016 seconds.
  path: Packages/com.unity.2d.animation/Editor/Assets/SkinningModule/Icons/Selected/Copy@4x.png
  artifactKey: Guid(b6a96c7c65795c94abf54a62adbf5c38) Importer(815301076,1909f56bfc062723c751e8b465ee728b)
Start importing Packages/com.unity.2d.animation/Editor/Assets/SkinningModule/Icons/Selected/Copy@4x.png using Guid(b6a96c7c65795c94abf54a62adbf5c38) Importer(815301076,1909f56bfc062723c751e8b465ee728b)  -> (artifact id: '57c354f71e71bb8e3e764248f2cdfe6a') in 0.006869 seconds 
========================================================================
Received Import Request.
  Time since last request: 0.000015 seconds.
  path: Assets/Art/CrossHairs/Outline/crosshair072.png
  artifactKey: Guid(6fd6cf9f46aa6d44e84f16c6cf88cc82) Importer(815301076,1909f56bfc062723c751e8b465ee728b)
Start importing Assets/Art/CrossHairs/Outline/crosshair072.png using Guid(6fd6cf9f46aa6d44e84f16c6cf88cc82) Importer(815301076,1909f56bfc062723c751e8b465ee728b)  -> (artifact id: '26f77171a6e2bd3a11d2d9d69e58d21c') in 0.006999 seconds 
========================================================================
Received Import Request.
  Time since last request: 0.000017 seconds.
  path: Packages/com.unity.2d.animation/Editor/Assets/SkinningModule/Icons/Light/Create_Vertex@2x.png
  artifactKey: Guid(a0c33b3a6e0728343b29883d739f1322) Importer(815301076,1909f56bfc062723c751e8b465ee728b)
Start importing Packages/com.unity.2d.animation/Editor/Assets/SkinningModule/Icons/Light/Create_Vertex@2x.png using Guid(a0c33b3a6e0728343b29883d739f1322) Importer(815301076,1909f56bfc062723c751e8b465ee728b)  -> (artifact id: '706a85c8898a1927bea338d43094bcfa') in 0.006916 seconds 
========================================================================
Received Import Request.
  Time since last request: 0.000017 seconds.
  path: Assets/Art/CrossHairs/Outline/crosshair051.png
  artifactKey: Guid(a4d9008b10d109648a1352752355869e) Importer(815301076,1909f56bfc062723c751e8b465ee728b)
Start importing Assets/Art/CrossHairs/Outline/crosshair051.png using Guid(a4d9008b10d109648a1352752355869e) Importer(815301076,1909f56bfc062723c751e8b465ee728b)  -> (artifact id: '8cae6f9ccf6f5e48d37eae0f4ee3a783') in 0.007155 seconds 
========================================================================
Received Import Request.
  Time since last request: 0.000016 seconds.
  path: Packages/com.unity.2d.animation/Editor/Assets/SkinningModule/Icons/Light/Create Bones@2x.png
  artifactKey: Guid(03976b6af3289c0409a55e2c4eab4087) Importer(815301076,1909f56bfc062723c751e8b465ee728b)
Start importing Packages/com.unity.2d.animation/Editor/Assets/SkinningModule/Icons/Light/Create Bones@2x.png using Guid(03976b6af3289c0409a55e2c4eab4087) Importer(815301076,1909f56bfc062723c751e8b465ee728b)  -> (artifact id: 'c72ec3e9d2cefa004ebb15408612b6d5') in 0.007061 seconds 
========================================================================
Received Import Request.
  Time since last request: 0.000014 seconds.
  path: Packages/com.unity.2d.animation/Editor/Assets/SkinningModule/Icons/Light/character_Mode.png
  artifactKey: Guid(d4d64a6cd9624c34a815dd79fb2a20a4) Importer(815301076,1909f56bfc062723c751e8b465ee728b)
Start importing Packages/com.unity.2d.animation/Editor/Assets/SkinningModule/Icons/Light/character_Mode.png using Guid(d4d64a6cd9624c34a815dd79fb2a20a4) Importer(815301076,1909f56bfc062723c751e8b465ee728b)  -> (artifact id: 'd7e11b276dee502a140753523b35c98a') in 0.007665 seconds 
========================================================================
Received Import Request.
  Time since last request: 0.000014 seconds.
  path: Assets/Art/CrossHairs/Outline/crosshair019.png
  artifactKey: Guid(43db92a06e2249e4ca8926c32d5c7855) Importer(815301076,1909f56bfc062723c751e8b465ee728b)
Start importing Assets/Art/CrossHairs/Outline/crosshair019.png using Guid(43db92a06e2249e4ca8926c32d5c7855) Importer(815301076,1909f56bfc062723c751e8b465ee728b)  -> (artifact id: '159c5d90e9e3011068404dd6166af037') in 0.007598 seconds 
========================================================================
Received Import Request.
  Time since last request: 0.000016 seconds.
  path: Assets/Art/CrossHairs/Outline/crosshair035.png
  artifactKey: Guid(0db0fe60ceb78934c80049cb9217e327) Importer(815301076,1909f56bfc062723c751e8b465ee728b)
Start importing Assets/Art/CrossHairs/Outline/crosshair035.png using Guid(0db0fe60ceb78934c80049cb9217e327) Importer(815301076,1909f56bfc062723c751e8b465ee728b)  -> (artifact id: '30944f50a17f845e578c79d3a0a14433') in 0.008213 seconds 
========================================================================
Received Import Request.
  Time since last request: 0.000014 seconds.
  path: Packages/com.unity.2d.animation/Editor/Assets/SkinningModule/Icons/Selected/Create_Edge.png
  artifactKey: Guid(ad7b296d426713b4593ee1a19fcbf9d1) Importer(815301076,1909f56bfc062723c751e8b465ee728b)
Start importing Packages/com.unity.2d.animation/Editor/Assets/SkinningModule/Icons/Selected/Create_Edge.png using Guid(ad7b296d426713b4593ee1a19fcbf9d1) Importer(815301076,1909f56bfc062723c751e8b465ee728b)  -> (artifact id: 'a032a8e2ebf713c682e03210e52db335') in 0.006782 seconds 
========================================================================
Received Import Request.
  Time since last request: 0.000014 seconds.
  path: Assets/Art/Screen Overlay Effects/blurry Blood Overlay V2.png
  artifactKey: Guid(9b06719bf918a744c85937475abf4e6c) Importer(815301076,1909f56bfc062723c751e8b465ee728b)
Start importing Assets/Art/Screen Overlay Effects/blurry Blood Overlay V2.png using Guid(9b06719bf918a744c85937475abf4e6c) Importer(815301076,1909f56bfc062723c751e8b465ee728b)  -> (artifact id: '2e8944406a77de137409e30837b8fac9') in 0.101634 seconds 
========================================================================
Received Import Request.
  Time since last request: 0.000017 seconds.
  path: Assets/Art/Screen Overlay Effects/Blood Cloud Blood Overlay V3.png
  artifactKey: Guid(15c738c46b1b95148a4d19daf6dde678) Importer(815301076,1909f56bfc062723c751e8b465ee728b)
Start importing Assets/Art/Screen Overlay Effects/Blood Cloud Blood Overlay V3.png using Guid(15c738c46b1b95148a4d19daf6dde678) Importer(815301076,1909f56bfc062723c751e8b465ee728b)  -> (artifact id: '65d2d03c575172fed4aba1bdcd9e3a8e') in 0.124841 seconds 
========================================================================
Received Import Request.
  Time since last request: 0.000023 seconds.
  path: Packages/com.unity.2d.animation/Editor/Assets/SkinningModule/Icons/Selected/Create_Edge@3x.png
  artifactKey: Guid(374643871a39dd44880f1c0eff14f46c) Importer(815301076,1909f56bfc062723c751e8b465ee728b)
Start importing Packages/com.unity.2d.animation/Editor/Assets/SkinningModule/Icons/Selected/Create_Edge@3x.png using Guid(374643871a39dd44880f1c0eff14f46c) Importer(815301076,1909f56bfc062723c751e8b465ee728b)  -> (artifact id: 'eede50fb6bb4c751143b95d94b77f127') in 0.008354 seconds 
========================================================================
Received Import Request.
  Time since last request: 0.000015 seconds.
  path: Packages/com.unity.2d.animation/Editor/Assets/SkinningModule/Icons/Selected/Create_Edge@2x.png
  artifactKey: Guid(e5da66fa63839274dbffb877e43e888b) Importer(815301076,1909f56bfc062723c751e8b465ee728b)
Start importing Packages/com.unity.2d.animation/Editor/Assets/SkinningModule/Icons/Selected/Create_Edge@2x.png using Guid(e5da66fa63839274dbffb877e43e888b) Importer(815301076,1909f56bfc062723c751e8b465ee728b)  -> (artifact id: 'd3dfb1275ee707c191eb30aaa3569291') in 0.007332 seconds 
========================================================================
Received Import Request.
  Time since last request: 0.000015 seconds.
  path: Assets/Art/CrossHairs/Outline/crosshair005.png
  artifactKey: Guid(c71e5898f164f8c4aa64d0bc66a1d908) Importer(815301076,1909f56bfc062723c751e8b465ee728b)
Start importing Assets/Art/CrossHairs/Outline/crosshair005.png using Guid(c71e5898f164f8c4aa64d0bc66a1d908) Importer(815301076,1909f56bfc062723c751e8b465ee728b)  -> (artifact id: '9e3b457cb8c66c1762ba6b5de06910a7') in 0.007176 seconds 
========================================================================
Received Import Request.
  Time since last request: 0.000016 seconds.
  path: Assets/Art/CrossHairs/Outline/crosshair048.png
  artifactKey: Guid(72146b1d3e84d8e4697ce1e69d630f83) Importer(815301076,1909f56bfc062723c751e8b465ee728b)
Start importing Assets/Art/CrossHairs/Outline/crosshair048.png using Guid(72146b1d3e84d8e4697ce1e69d630f83) Importer(815301076,1909f56bfc062723c751e8b465ee728b)  -> (artifact id: '1cec4d7f405536255f2a10928b374aff') in 0.008454 seconds 
========================================================================
Received Import Request.
  Time since last request: 0.000016 seconds.
  path: Assets/Art/CrossHairs/Outline/crosshair010.png
  artifactKey: Guid(433869d1ea48ce74da7918547193bb46) Importer(815301076,1909f56bfc062723c751e8b465ee728b)
Start importing Assets/Art/CrossHairs/Outline/crosshair010.png using Guid(433869d1ea48ce74da7918547193bb46) Importer(815301076,1909f56bfc062723c751e8b465ee728b)  -> (artifact id: '1bd3a85fd437aaaeb939001ceebdccc6') in 0.007356 seconds 
========================================================================
Received Import Request.
  Time since last request: 0.000020 seconds.
  path: Assets/Art/CrossHairs/Outline/crosshair027.png
  artifactKey: Guid(fa783b0be4556324897dfe1dc90635a9) Importer(815301076,1909f56bfc062723c751e8b465ee728b)
Start importing Assets/Art/CrossHairs/Outline/crosshair027.png using Guid(fa783b0be4556324897dfe1dc90635a9) Importer(815301076,1909f56bfc062723c751e8b465ee728b)  -> (artifact id: '88f5cc5912c4562397f5a233782d0730') in 0.006859 seconds 
========================================================================
Received Import Request.
  Time since last request: 0.000015 seconds.
  path: Assets/Art/CrossHairs/Outline/crosshair054.png
  artifactKey: Guid(0befd3f0a854d0644aa8dae567ec69b1) Importer(815301076,1909f56bfc062723c751e8b465ee728b)
Start importing Assets/Art/CrossHairs/Outline/crosshair054.png using Guid(0befd3f0a854d0644aa8dae567ec69b1) Importer(815301076,1909f56bfc062723c751e8b465ee728b)  -> (artifact id: 'e2fac893633f0ddaa8c82e84a0286792') in 0.007410 seconds 
========================================================================
Received Import Request.
  Time since last request: 0.000024 seconds.
  path: Assets/Art/CrossHairs/Outline/crosshair083.png
  artifactKey: Guid(f77bdaee7db7a3e43b953f8d8c45df6e) Importer(815301076,1909f56bfc062723c751e8b465ee728b)
Start importing Assets/Art/CrossHairs/Outline/crosshair083.png using Guid(f77bdaee7db7a3e43b953f8d8c45df6e) Importer(815301076,1909f56bfc062723c751e8b465ee728b)  -> (artifact id: 'e46439b3f9f903bbfc7a3a161d0d4e8b') in 0.007625 seconds 
========================================================================
Received Import Request.
  Time since last request: 0.000017 seconds.
  path: Assets/Art/CrossHairs/Outline/crosshair021.png
  artifactKey: Guid(634da8b658ea8064cb0559de23ea4a5c) Importer(815301076,1909f56bfc062723c751e8b465ee728b)
Start importing Assets/Art/CrossHairs/Outline/crosshair021.png using Guid(634da8b658ea8064cb0559de23ea4a5c) Importer(815301076,1909f56bfc062723c751e8b465ee728b)  -> (artifact id: '2caeef0a70cd5f2e716f0c58f3bab627') in 0.007605 seconds 
========================================================================
Received Import Request.
  Time since last request: 0.000019 seconds.
  path: Assets/Art/Screen Overlay Effects/Blood Cloud Blood Overlay.png
  artifactKey: Guid(d5ee42b06b4a70d4a87ba0056ffd5847) Importer(815301076,1909f56bfc062723c751e8b465ee728b)
Start importing Assets/Art/Screen Overlay Effects/Blood Cloud Blood Overlay.png using Guid(d5ee42b06b4a70d4a87ba0056ffd5847) Importer(815301076,1909f56bfc062723c751e8b465ee728b)  -> (artifact id: 'db183cb59b8f39f455667f9950a3271b') in 0.246573 seconds 
========================================================================
Received Import Request.
  Time since last request: 0.000019 seconds.
  path: Assets/Art/free-guns-pixel-art/Amo7.png
  artifactKey: Guid(ccb1d0f89e00b9647bad7e61338bcb47) Importer(815301076,1909f56bfc062723c751e8b465ee728b)
Start importing Assets/Art/free-guns-pixel-art/Amo7.png using Guid(ccb1d0f89e00b9647bad7e61338bcb47) Importer(815301076,1909f56bfc062723c751e8b465ee728b)  -> (artifact id: '8ace6f4e8264a03bdc07f40bde8bbb81') in 0.108383 seconds 
========================================================================
Received Import Request.
  Time since last request: 0.000022 seconds.
  path: Packages/com.unity.2d.animation/Editor/Assets/SkinningModule/Icons/Light/Copy@3x.png
  artifactKey: Guid(55ad4b6109677be42b239f450ce98c29) Importer(815301076,1909f56bfc062723c751e8b465ee728b)
Start importing Packages/com.unity.2d.animation/Editor/Assets/SkinningModule/Icons/Light/Copy@3x.png using Guid(55ad4b6109677be42b239f450ce98c29) Importer(815301076,1909f56bfc062723c751e8b465ee728b)  -> (artifact id: '777e810f2fbb13e5d60fa83a0950d8d7') in 0.007402 seconds 
========================================================================
Received Import Request.
  Time since last request: 0.000018 seconds.
  path: Assets/Art/CrossHairs/Outline/crosshair040.png
  artifactKey: Guid(d424b06bba01d26459f00f9f7401d4e1) Importer(815301076,1909f56bfc062723c751e8b465ee728b)
Start importing Assets/Art/CrossHairs/Outline/crosshair040.png using Guid(d424b06bba01d26459f00f9f7401d4e1) Importer(815301076,1909f56bfc062723c751e8b465ee728b)  -> (artifact id: '9a10496fbd34e9d1b91102c6fa2adc42') in 0.008124 seconds 
========================================================================
Received Import Request.
  Time since last request: 0.000018 seconds.
  path: Packages/com.unity.2d.animation/Editor/Assets/SkinningModule/Icons/Light/Create Bones.png
  artifactKey: Guid(0e5ae7fe3a07e88429a3e90897c6ab82) Importer(815301076,1909f56bfc062723c751e8b465ee728b)
Start importing Packages/com.unity.2d.animation/Editor/Assets/SkinningModule/Icons/Light/Create Bones.png using Guid(0e5ae7fe3a07e88429a3e90897c6ab82) Importer(815301076,1909f56bfc062723c751e8b465ee728b)  -> (artifact id: '4bb9f53ef12d44e734bbd77476686744') in 0.006496 seconds 
========================================================================
Received Import Request.
  Time since last request: 0.000016 seconds.
  path: Assets/Art/CrossHairs/Outline/crosshair017.png
  artifactKey: Guid(e02facfc9aa1d7b4890dbf35f079d979) Importer(815301076,1909f56bfc062723c751e8b465ee728b)
Start importing Assets/Art/CrossHairs/Outline/crosshair017.png using Guid(e02facfc9aa1d7b4890dbf35f079d979) Importer(815301076,1909f56bfc062723c751e8b465ee728b)  -> (artifact id: '6d2f05c778e4c2488db8f466893b01e3') in 0.007053 seconds 
========================================================================
Received Import Request.
  Time since last request: 0.000014 seconds.
  path: Assets/Art/CrossHairs/Outline/crosshair022.png
  artifactKey: Guid(0805a44025004664797b74508b87b2ac) Importer(815301076,1909f56bfc062723c751e8b465ee728b)
Start importing Assets/Art/CrossHairs/Outline/crosshair022.png using Guid(0805a44025004664797b74508b87b2ac) Importer(815301076,1909f56bfc062723c751e8b465ee728b)  -> (artifact id: '2fc4e897114c8aa4135b930421c0a694') in 0.007269 seconds 
========================================================================
Received Import Request.
  Time since last request: 0.000017 seconds.
  path: Packages/com.unity.2d.animation/Editor/Assets/SkinningModule/Icons/Light/Copy@2x.png
  artifactKey: Guid(2e0cf451cb3d56742aad87ea75993209) Importer(815301076,1909f56bfc062723c751e8b465ee728b)
Start importing Packages/com.unity.2d.animation/Editor/Assets/SkinningModule/Icons/Light/Copy@2x.png using Guid(2e0cf451cb3d56742aad87ea75993209) Importer(815301076,1909f56bfc062723c751e8b465ee728b)  -> (artifact id: '3bff73f10c088d78e62606d894ce6171') in 0.006521 seconds 
========================================================================
Received Import Request.
  Time since last request: 0.000018 seconds.
  path: Packages/com.unity.2d.animation/Editor/Assets/SkinningModule/Icons/Selected/Copy@2x.png
  artifactKey: Guid(6cc5103edc9f0dd4f80e8274c73dfeac) Importer(815301076,1909f56bfc062723c751e8b465ee728b)
Start importing Packages/com.unity.2d.animation/Editor/Assets/SkinningModule/Icons/Selected/Copy@2x.png using Guid(6cc5103edc9f0dd4f80e8274c73dfeac) Importer(815301076,1909f56bfc062723c751e8b465ee728b)  -> (artifact id: '8a835433fff015d8fbd21ebffabecea2') in 0.007319 seconds 
========================================================================
Received Import Request.
  Time since last request: 0.000015 seconds.
  path: Assets/Art/CrossHairs/Outline/crosshair036.png
  artifactKey: Guid(393090f7733a8b0408b4e431293508e1) Importer(815301076,1909f56bfc062723c751e8b465ee728b)
Start importing Assets/Art/CrossHairs/Outline/crosshair036.png using Guid(393090f7733a8b0408b4e431293508e1) Importer(815301076,1909f56bfc062723c751e8b465ee728b)  -> (artifact id: '6b7d4fa96599e605da2b8919421dc89e') in 0.007628 seconds 
========================================================================
Received Import Request.
  Time since last request: 0.000014 seconds.
  path: Assets/Art/CrossHairs/Outline/crosshair079.png
  artifactKey: Guid(03cf17d7f9b4ea34c8cd9ae884c89a2d) Importer(815301076,1909f56bfc062723c751e8b465ee728b)
Start importing Assets/Art/CrossHairs/Outline/crosshair079.png using Guid(03cf17d7f9b4ea34c8cd9ae884c89a2d) Importer(815301076,1909f56bfc062723c751e8b465ee728b)  -> (artifact id: '7f912af65fcba0a82247bf6c8e22be8a') in 0.007065 seconds 
========================================================================
Received Import Request.
  Time since last request: 0.000013 seconds.
  path: Assets/Art/CrossHairs/Outline/crosshair030.png
  artifactKey: Guid(48c4d233e9ded644da23de8fcf5723f2) Importer(815301076,1909f56bfc062723c751e8b465ee728b)
Start importing Assets/Art/CrossHairs/Outline/crosshair030.png using Guid(48c4d233e9ded644da23de8fcf5723f2) Importer(815301076,1909f56bfc062723c751e8b465ee728b)  -> (artifact id: '79fb36ab57ee31e3535f748e00a84638') in 0.007913 seconds 
========================================================================
Received Import Request.
  Time since last request: 0.000016 seconds.
  path: Assets/Art/CrossHairs/Outline/crosshair062.png
  artifactKey: Guid(f81da1d6cafc58e459d21849e3060724) Importer(815301076,1909f56bfc062723c751e8b465ee728b)
Start importing Assets/Art/CrossHairs/Outline/crosshair062.png using Guid(f81da1d6cafc58e459d21849e3060724) Importer(815301076,1909f56bfc062723c751e8b465ee728b)  -> (artifact id: '86189f13a23ef1cc09b2e13818559f71') in 0.007649 seconds 
========================================================================
Received Import Request.
  Time since last request: 0.000014 seconds.
  path: Assets/Art/CrossHairs/Outline/crosshair081.png
  artifactKey: Guid(e76de07bd8f4c784c9525bf6429139b6) Importer(815301076,1909f56bfc062723c751e8b465ee728b)
Start importing Assets/Art/CrossHairs/Outline/crosshair081.png using Guid(e76de07bd8f4c784c9525bf6429139b6) Importer(815301076,1909f56bfc062723c751e8b465ee728b)  -> (artifact id: '7e0ef9e1abd8986ebcd48187cc44a9b8') in 0.010420 seconds 
========================================================================
Received Import Request.
  Time since last request: 0.000024 seconds.
  path: Packages/com.unity.2d.animation/Editor/Assets/SkinningModule/Icons/Selected/character_Mode@4x.png
  artifactKey: Guid(0ccc508108fa6ed4fa11b4a467d7f609) Importer(815301076,1909f56bfc062723c751e8b465ee728b)
Start importing Packages/com.unity.2d.animation/Editor/Assets/SkinningModule/Icons/Selected/character_Mode@4x.png using Guid(0ccc508108fa6ed4fa11b4a467d7f609) Importer(815301076,1909f56bfc062723c751e8b465ee728b)  -> (artifact id: '615e0e8046b2bda6c75d215ac76a7f6b') in 0.006818 seconds 
========================================================================
Received Import Request.
  Time since last request: 0.000014 seconds.
  path: Assets/Art/free-guns-pixel-art/AmoB1.png
  artifactKey: Guid(7f0303ef73cf9c74589749e26b93917c) Importer(815301076,1909f56bfc062723c751e8b465ee728b)
Start importing Assets/Art/free-guns-pixel-art/AmoB1.png using Guid(7f0303ef73cf9c74589749e26b93917c) Importer(815301076,1909f56bfc062723c751e8b465ee728b)  -> (artifact id: '9dbddfab60f3ac94bf09a7c1b4c0261d') in 0.017559 seconds 
========================================================================
Received Import Request.
  Time since last request: 0.000014 seconds.
  path: Assets/Art/CrossHairs/Outline/crosshair061.png
  artifactKey: Guid(7dbde4b3bcd8e9d44b317f4d0dce2a2e) Importer(815301076,1909f56bfc062723c751e8b465ee728b)
Start importing Assets/Art/CrossHairs/Outline/crosshair061.png using Guid(7dbde4b3bcd8e9d44b317f4d0dce2a2e) Importer(815301076,1909f56bfc062723c751e8b465ee728b)  -> (artifact id: '850022f205df1b2a4aa90b71930ce4b4') in 0.007689 seconds 
========================================================================
Received Import Request.
  Time since last request: 0.000015 seconds.
  path: Packages/com.unity.2d.animation/Editor/Assets/SkinningModule/Icons/Selected/Bone_Influence@4x.png
  artifactKey: Guid(daf2ab606d4db0d4f9ecf4c02137d2a8) Importer(815301076,1909f56bfc062723c751e8b465ee728b)
Start importing Packages/com.unity.2d.animation/Editor/Assets/SkinningModule/Icons/Selected/Bone_Influence@4x.png using Guid(daf2ab606d4db0d4f9ecf4c02137d2a8) Importer(815301076,1909f56bfc062723c751e8b465ee728b)  -> (artifact id: '5234971e0ac66808aefe12a3c68f81f8') in 0.007092 seconds 
========================================================================
Received Import Request.
  Time since last request: 0.000017 seconds.
  path: Assets/Art/Screen Overlay Effects/Blur True Corruption Blood Overlay.png
  artifactKey: Guid(7cb65011b0c86eb48bfebafc75477e3f) Importer(815301076,1909f56bfc062723c751e8b465ee728b)
Start importing Assets/Art/Screen Overlay Effects/Blur True Corruption Blood Overlay.png using Guid(7cb65011b0c86eb48bfebafc75477e3f) Importer(815301076,1909f56bfc062723c751e8b465ee728b)  -> (artifact id: '25a0b8b9ccff367f69f7409e285fcd35') in 0.180163 seconds 
========================================================================
Received Import Request.
  Time since last request: 0.000022 seconds.
  path: Packages/com.unity.2d.animation/Editor/Assets/SkinningModule/Icons/Selected/Create_Vertex@4x.png
  artifactKey: Guid(6a7ac9e8c26b12440bf2b1da2ca97794) Importer(815301076,1909f56bfc062723c751e8b465ee728b)
Start importing Packages/com.unity.2d.animation/Editor/Assets/SkinningModule/Icons/Selected/Create_Vertex@4x.png using Guid(6a7ac9e8c26b12440bf2b1da2ca97794) Importer(815301076,1909f56bfc062723c751e8b465ee728b)  -> (artifact id: '2509c1023229e4bf972236df0db751fd') in 0.007003 seconds 
========================================================================
Received Import Request.
  Time since last request: 0.000014 seconds.
  path: Assets/Art/free-guns-pixel-art/Assaut-rifle-3-scoped.png
  artifactKey: Guid(9cadbc01b08add24292ee4ca3d6dbe53) Importer(815301076,1909f56bfc062723c751e8b465ee728b)
Start importing Assets/Art/free-guns-pixel-art/Assaut-rifle-3-scoped.png using Guid(9cadbc01b08add24292ee4ca3d6dbe53) Importer(815301076,1909f56bfc062723c751e8b465ee728b)  -> (artifact id: '07a1e94ed835d1d5065b761142e69d7c') in 0.010699 seconds 
========================================================================
Received Import Request.
  Time since last request: 0.000015 seconds.
  path: Assets/Art/CrossHairs/Outline/crosshair038.png
  artifactKey: Guid(4cad5b39a19a852469426ef7950c50a6) Importer(815301076,1909f56bfc062723c751e8b465ee728b)
Start importing Assets/Art/CrossHairs/Outline/crosshair038.png using Guid(4cad5b39a19a852469426ef7950c50a6) Importer(815301076,1909f56bfc062723c751e8b465ee728b)  -> (artifact id: 'b70fa5d0bb8ea1dfa8fbbe1023961bd1') in 0.007454 seconds 
========================================================================
Received Import Request.
  Time since last request: 0.000015 seconds.
  path: Packages/com.unity.2d.animation/Editor/Assets/SkinningModule/Icons/Light/Bone.png
  artifactKey: Guid(62ce01ddca719d34ea9648c586a7cc94) Importer(815301076,1909f56bfc062723c751e8b465ee728b)
Start importing Packages/com.unity.2d.animation/Editor/Assets/SkinningModule/Icons/Light/Bone.png using Guid(62ce01ddca719d34ea9648c586a7cc94) Importer(815301076,1909f56bfc062723c751e8b465ee728b)  -> (artifact id: 'a0fda3790a34ee3d7db8a6ec65ac3174') in 0.037074 seconds 
========================================================================
Received Import Request.
  Time since last request: 0.000023 seconds.
  path: Assets/Art/free-guns-pixel-art/Assaut-rifle-1.png
  artifactKey: Guid(3217e32dcc4bd9a4e981dcd7337bf890) Importer(815301076,1909f56bfc062723c751e8b465ee728b)
Start importing Assets/Art/free-guns-pixel-art/Assaut-rifle-1.png using Guid(3217e32dcc4bd9a4e981dcd7337bf890) Importer(815301076,1909f56bfc062723c751e8b465ee728b)  -> (artifact id: '90a2f1bea9fe1e4a3a77db38668081d1') in 0.007180 seconds 
========================================================================
Received Import Request.
  Time since last request: 0.000015 seconds.
  path: Packages/com.unity.2d.animation/Editor/Assets/SkinningModule/Icons/Selected/Bone_Influence@3x.png
  artifactKey: Guid(68e5a78013e33f247822a837e55b0ab4) Importer(815301076,1909f56bfc062723c751e8b465ee728b)
Start importing Packages/com.unity.2d.animation/Editor/Assets/SkinningModule/Icons/Selected/Bone_Influence@3x.png using Guid(68e5a78013e33f247822a837e55b0ab4) Importer(815301076,1909f56bfc062723c751e8b465ee728b)  -> (artifact id: '1016c48ec874bf777dd2fd6b4839d099') in 0.007439 seconds 
========================================================================
Received Import Request.
  Time since last request: 0.000016 seconds.
  path: Assets/Art/CrossHairs/Outline/crosshair082.png
  artifactKey: Guid(0875c5086ee83634f8e79d2e02b5ebd0) Importer(815301076,1909f56bfc062723c751e8b465ee728b)
Start importing Assets/Art/CrossHairs/Outline/crosshair082.png using Guid(0875c5086ee83634f8e79d2e02b5ebd0) Importer(815301076,1909f56bfc062723c751e8b465ee728b)  -> (artifact id: '9bc8482208007d4ab741d1769423a256') in 0.007067 seconds 
========================================================================
Received Import Request.
  Time since last request: 0.000018 seconds.
  path: Assets/Art/CrossHairs/Outline/crosshair075.png
  artifactKey: Guid(4fc91eafdd6918247be2b01c97ec99bd) Importer(815301076,1909f56bfc062723c751e8b465ee728b)
Start importing Assets/Art/CrossHairs/Outline/crosshair075.png using Guid(4fc91eafdd6918247be2b01c97ec99bd) Importer(815301076,1909f56bfc062723c751e8b465ee728b)  -> (artifact id: '3bda13f3de0578057503334692454c13') in 0.008260 seconds 
========================================================================
Received Import Request.
  Time since last request: 0.000016 seconds.
  path: Assets/Art/free-guns-pixel-art/Assaut-rifle-2-scoped.png
  artifactKey: Guid(e0e0ba18ac8c5e64aa727fc0d410f4df) Importer(815301076,1909f56bfc062723c751e8b465ee728b)
Start importing Assets/Art/free-guns-pixel-art/Assaut-rifle-2-scoped.png using Guid(e0e0ba18ac8c5e64aa727fc0d410f4df) Importer(815301076,1909f56bfc062723c751e8b465ee728b)  -> (artifact id: 'ab4c042177cb0a8b254f39194528aaa1') in 0.036875 seconds 
========================================================================
Received Import Request.
  Time since last request: 0.000014 seconds.
  path: Assets/Art/CrossHairs/Outline/crosshair059.png
  artifactKey: Guid(60e95937c08845248a2ba254e159067a) Importer(815301076,1909f56bfc062723c751e8b465ee728b)
Start importing Assets/Art/CrossHairs/Outline/crosshair059.png using Guid(60e95937c08845248a2ba254e159067a) Importer(815301076,1909f56bfc062723c751e8b465ee728b)  -> (artifact id: '7951308eb1c3d093196416f731bd46ed') in 0.046427 seconds 
========================================================================
Received Import Request.
  Time since last request: 0.000016 seconds.
  path: Packages/com.unity.collab-proxy/Editor/PlasticSCM/Assets/Images/buttonssosigninemail@2x.png
  artifactKey: Guid(ddf2e76e8a1f88f46ae1e42277850b48) Importer(815301076,1909f56bfc062723c751e8b465ee728b)
Start importing Packages/com.unity.collab-proxy/Editor/PlasticSCM/Assets/Images/buttonssosigninemail@2x.png using Guid(ddf2e76e8a1f88f46ae1e42277850b48) Importer(815301076,1909f56bfc062723c751e8b465ee728b)  -> (artifact id: 'ee82a28e4a0742985f2d0a9cd06a10bc') in 0.007098 seconds 
========================================================================
Received Import Request.
  Time since last request: 0.000020 seconds.
  path: Packages/com.unity.2d.animation/Editor/Assets/SkinningModule/Icons/Light/Create_Edge.png
  artifactKey: Guid(1af9d2e44ecf3a2468601c9071df581f) Importer(815301076,1909f56bfc062723c751e8b465ee728b)
Start importing Packages/com.unity.2d.animation/Editor/Assets/SkinningModule/Icons/Light/Create_Edge.png using Guid(1af9d2e44ecf3a2468601c9071df581f) Importer(815301076,1909f56bfc062723c751e8b465ee728b)  -> (artifact id: 'cd972fe2740d2da1bc5d133d14488a6d') in 0.007439 seconds 
========================================================================
Received Import Request.
  Time since last request: 0.000014 seconds.
  path: Packages/com.unity.2d.animation/Editor/Assets/SkinningModule/Icons/Light/Bone@2x.png
  artifactKey: Guid(d6a44ab95b0def041a7929981a2c23a1) Importer(815301076,1909f56bfc062723c751e8b465ee728b)
Start importing Packages/com.unity.2d.animation/Editor/Assets/SkinningModule/Icons/Light/Bone@2x.png using Guid(d6a44ab95b0def041a7929981a2c23a1) Importer(815301076,1909f56bfc062723c751e8b465ee728b)  -> (artifact id: 'ebe9e25d3886a3899bc87a8724175501') in 0.006857 seconds 
========================================================================
Received Import Request.
  Time since last request: 0.000027 seconds.
  path: Assets/Art/Screen Overlay Effects/Bloody Debris Overlay V2.png
  artifactKey: Guid(36f53934fb8cc5743b8b625de90500e5) Importer(815301076,1909f56bfc062723c751e8b465ee728b)
Start importing Assets/Art/Screen Overlay Effects/Bloody Debris Overlay V2.png using Guid(36f53934fb8cc5743b8b625de90500e5) Importer(815301076,1909f56bfc062723c751e8b465ee728b)  -> (artifact id: 'aaaef075af198f472981d307ae2fb83b') in 0.147687 seconds 
========================================================================
Received Import Request.
  Time since last request: 0.000021 seconds.
  path: Packages/com.unity.2d.animation/Editor/Assets/SkinningModule/Icons/Light/Copy@4x.png
  artifactKey: Guid(5430b5412bcac5b4986be0a875a5e978) Importer(815301076,1909f56bfc062723c751e8b465ee728b)
Start importing Packages/com.unity.2d.animation/Editor/Assets/SkinningModule/Icons/Light/Copy@4x.png using Guid(5430b5412bcac5b4986be0a875a5e978) Importer(815301076,1909f56bfc062723c751e8b465ee728b)  -> (artifact id: '8e7d318004e0d369d9787540c07b8b80') in 0.007708 seconds 
========================================================================
Received Import Request.
  Time since last request: 0.000022 seconds.
  path: Assets/Art/CrossHairs/Outline/crosshair023.png
  artifactKey: Guid(db98dd274104d1d41bf32540ff612ccc) Importer(815301076,1909f56bfc062723c751e8b465ee728b)
Start importing Assets/Art/CrossHairs/Outline/crosshair023.png using Guid(db98dd274104d1d41bf32540ff612ccc) Importer(815301076,1909f56bfc062723c751e8b465ee728b)  -> (artifact id: 'c8ab660227a32483a2f40d6f64023542') in 0.034583 seconds 
========================================================================
Received Import Request.
  Time since last request: 0.000017 seconds.
  path: Packages/com.unity.2d.animation/Editor/Assets/SkinningModule/Icons/Selected/Create_Vertex@2x.png
  artifactKey: Guid(8afb57fea8c4eea4a8085e91c810380b) Importer(815301076,1909f56bfc062723c751e8b465ee728b)
Start importing Packages/com.unity.2d.animation/Editor/Assets/SkinningModule/Icons/Selected/Create_Vertex@2x.png using Guid(8afb57fea8c4eea4a8085e91c810380b) Importer(815301076,1909f56bfc062723c751e8b465ee728b)  -> (artifact id: '39684adc1432c71c8f9e539b828b3b1e') in 0.006808 seconds 
========================================================================
Received Import Request.
  Time since last request: 0.000029 seconds.
  path: Assets/Art/CrossHairs/Outline/crosshair067.png
  artifactKey: Guid(4e464a86e7274ee4c970c924c747c2e0) Importer(815301076,1909f56bfc062723c751e8b465ee728b)
Start importing Assets/Art/CrossHairs/Outline/crosshair067.png using Guid(4e464a86e7274ee4c970c924c747c2e0) Importer(815301076,1909f56bfc062723c751e8b465ee728b)  -> (artifact id: 'b133e351f37a4b6258ed7df825e4db68') in 0.036867 seconds 
========================================================================
Received Import Request.
  Time since last request: 0.000016 seconds.
  path: Packages/com.unity.2d.animation/Editor/Assets/SkinningModule/Icons/Selected/Bone_Influence@2x.png
  artifactKey: Guid(0779ad3feec52124e97114bcbb12ef13) Importer(815301076,1909f56bfc062723c751e8b465ee728b)
Start importing Packages/com.unity.2d.animation/Editor/Assets/SkinningModule/Icons/Selected/Bone_Influence@2x.png using Guid(0779ad3feec52124e97114bcbb12ef13) Importer(815301076,1909f56bfc062723c751e8b465ee728b)  -> (artifact id: '822d6d9ed9ec3daf6a471b7e9730c716') in 0.006698 seconds 
========================================================================
Received Import Request.
  Time since last request: 0.000015 seconds.
  path: Assets/Art/Screen Overlay Effects/blurry Blood Smear Overlay.png
  artifactKey: Guid(0bef1ae744e538c4bba86562bd5629e5) Importer(815301076,1909f56bfc062723c751e8b465ee728b)
Start importing Assets/Art/Screen Overlay Effects/blurry Blood Smear Overlay.png using Guid(0bef1ae744e538c4bba86562bd5629e5) Importer(815301076,1909f56bfc062723c751e8b465ee728b)  -> (artifact id: 'b5ac3f7e1caa3b810e60a322ea38dda3') in 0.123283 seconds 
========================================================================
Received Import Request.
  Time since last request: 0.000024 seconds.
  path: Assets/Art/CrossHairs/Outline/crosshair003.png
  artifactKey: Guid(2bc4342d8a55b5349899dfed56e39562) Importer(815301076,1909f56bfc062723c751e8b465ee728b)
Start importing Assets/Art/CrossHairs/Outline/crosshair003.png using Guid(2bc4342d8a55b5349899dfed56e39562) Importer(815301076,1909f56bfc062723c751e8b465ee728b)  -> (artifact id: 'bdc96ded3a9232fdc0f3a3f337cdebfe') in 0.014456 seconds 
========================================================================
Received Import Request.
  Time since last request: 0.000021 seconds.
  path: Assets/Art/CrossHairs/Outline/crosshair029.png
  artifactKey: Guid(1e74e33f1bf60a04885fd5b9669133a5) Importer(815301076,1909f56bfc062723c751e8b465ee728b)
Start importing Assets/Art/CrossHairs/Outline/crosshair029.png using Guid(1e74e33f1bf60a04885fd5b9669133a5) Importer(815301076,1909f56bfc062723c751e8b465ee728b)  -> (artifact id: '79277dfb8d153dfc7d9922869ec4c596') in 0.008980 seconds 
========================================================================
Received Import Request.
  Time since last request: 0.000027 seconds.
  path: Assets/Art/CrossHairs/Outline/crosshair073.png
  artifactKey: Guid(5cc509e4e9356e74b9f016c1e81fa5de) Importer(815301076,1909f56bfc062723c751e8b465ee728b)
Start importing Assets/Art/CrossHairs/Outline/crosshair073.png using Guid(5cc509e4e9356e74b9f016c1e81fa5de) Importer(815301076,1909f56bfc062723c751e8b465ee728b)  -> (artifact id: '8d95128d00ade38d43760aa9a941d815') in 0.010599 seconds 
========================================================================
Received Import Request.
  Time since last request: 0.000018 seconds.
  path: Assets/Art/free-guns-pixel-art/Assaut-rifle-1-scoped.png
  artifactKey: Guid(4bbfca31b85049641a16e41982666387) Importer(815301076,1909f56bfc062723c751e8b465ee728b)
Start importing Assets/Art/free-guns-pixel-art/Assaut-rifle-1-scoped.png using Guid(4bbfca31b85049641a16e41982666387) Importer(815301076,1909f56bfc062723c751e8b465ee728b)  -> (artifact id: '2d81fba67b35500a6aac675f150abc0f') in 0.007567 seconds 
========================================================================
Received Import Request.
  Time since last request: 0.000015 seconds.
  path: Assets/Art/CrossHairs/Outline/crosshair032.png
  artifactKey: Guid(3fd57d84743658d4e9c4a874585d525b) Importer(815301076,1909f56bfc062723c751e8b465ee728b)
Start importing Assets/Art/CrossHairs/Outline/crosshair032.png using Guid(3fd57d84743658d4e9c4a874585d525b) Importer(815301076,1909f56bfc062723c751e8b465ee728b)  -> (artifact id: 'e8d6fa5ceb1c895093f1b13c8c4f16ad') in 0.007919 seconds 
========================================================================
Received Import Request.
  Time since last request: 0.000013 seconds.
  path: Assets/Art/CrossHairs/Outline/crosshair049.png
  artifactKey: Guid(5dad41fc05edf9e4fa12738175ee1f6a) Importer(815301076,1909f56bfc062723c751e8b465ee728b)
Start importing Assets/Art/CrossHairs/Outline/crosshair049.png using Guid(5dad41fc05edf9e4fa12738175ee1f6a) Importer(815301076,1909f56bfc062723c751e8b465ee728b)  -> (artifact id: '118fbfa124c2394bdaf088426e0db499') in 0.007080 seconds 
========================================================================
Received Import Request.
  Time since last request: 0.000019 seconds.
  path: Assets/Art/CrossHairs/Outline/crosshair076.png
  artifactKey: Guid(7ac86c24d221e62498162122c7b07b75) Importer(815301076,1909f56bfc062723c751e8b465ee728b)
Start importing Assets/Art/CrossHairs/Outline/crosshair076.png using Guid(7ac86c24d221e62498162122c7b07b75) Importer(815301076,1909f56bfc062723c751e8b465ee728b)  -> (artifact id: '785c976481f1fcdf506c6cd8528ca77f') in 0.008437 seconds 
========================================================================
Received Import Request.
  Time since last request: 0.000016 seconds.
  path: Assets/Art/CrossHairs/Outline/crosshair006.png
  artifactKey: Guid(47c33850112c3a84ab9a9f5516b84513) Importer(815301076,1909f56bfc062723c751e8b465ee728b)
Start importing Assets/Art/CrossHairs/Outline/crosshair006.png using Guid(47c33850112c3a84ab9a9f5516b84513) Importer(815301076,1909f56bfc062723c751e8b465ee728b)  -> (artifact id: '50ceb9e647ef416211cbb8a15fe69843') in 0.013136 seconds 
========================================================================
Received Import Request.
  Time since last request: 0.000014 seconds.
  path: Packages/com.unity.2d.animation/Editor/Assets/SkinningModule/Icons/Light/character_Mode@4x.png
  artifactKey: Guid(748ae8b33df036b46a86e0387f1602cf) Importer(815301076,1909f56bfc062723c751e8b465ee728b)
Start importing Packages/com.unity.2d.animation/Editor/Assets/SkinningModule/Icons/Light/character_Mode@4x.png using Guid(748ae8b33df036b46a86e0387f1602cf) Importer(815301076,1909f56bfc062723c751e8b465ee728b)  -> (artifact id: '52def5ffbe6fb05a71c935e4ef5d0676') in 0.006996 seconds 
========================================================================
Received Import Request.
  Time since last request: 0.000018 seconds.
  path: Assets/Art/CrossHairs/Outline/crosshair012.png
  artifactKey: Guid(5c20558d78008db4da3d0f018cefb0f6) Importer(815301076,1909f56bfc062723c751e8b465ee728b)
Start importing Assets/Art/CrossHairs/Outline/crosshair012.png using Guid(5c20558d78008db4da3d0f018cefb0f6) Importer(815301076,1909f56bfc062723c751e8b465ee728b)  -> (artifact id: 'c2fc545712000e60406b12c6125dd7d2') in 0.040425 seconds 
========================================================================
Received Import Request.
  Time since last request: 0.000013 seconds.
  path: Packages/com.unity.2d.animation/Editor/Assets/SkinningModule/Icons/Selected/Create Bones@2x.png
  artifactKey: Guid(5b7f664b515582d458717c354f6be292) Importer(815301076,1909f56bfc062723c751e8b465ee728b)
Start importing Packages/com.unity.2d.animation/Editor/Assets/SkinningModule/Icons/Selected/Create Bones@2x.png using Guid(5b7f664b515582d458717c354f6be292) Importer(815301076,1909f56bfc062723c751e8b465ee728b)  -> (artifact id: '8876e6226bdf49685a1cd94d6652119d') in 0.007566 seconds 
========================================================================
Received Import Request.
  Time since last request: 0.000013 seconds.
  path: Packages/com.unity.2d.animation/Editor/Assets/SkinningModule/Icons/Light/Create_Edge@3x.png
  artifactKey: Guid(0da63bf69e254aa4a83c345c3de497c8) Importer(815301076,1909f56bfc062723c751e8b465ee728b)
Start importing Packages/com.unity.2d.animation/Editor/Assets/SkinningModule/Icons/Light/Create_Edge@3x.png using Guid(0da63bf69e254aa4a83c345c3de497c8) Importer(815301076,1909f56bfc062723c751e8b465ee728b)  -> (artifact id: 'be65976663e03e19da23d5ca085d8a46') in 0.007104 seconds 
Editor requested this worker to shutdown with reason: Scaling down because of idle timeout
AssetImportWorker is now disconnected from the server
Process exiting
Exiting without the bug reporter. Application will terminate with return code 0