Using pre-set license
Built from '2021.3/staging' branch; Version is '2021.3.18f1 (3129e69bc0c7) revision 3221990'; Using compiler version '192829333'; Build Type 'Release'
OS: 'Windows 10  (10.0.14393) 64bit EnterpriseS' Language: 'en' Physical Memory: 65487 MB
BatchMode: 1, IsHumanControllingUs: 0, StartBugReporterOnCrash: 0, Is64bit: 1, IsPro: 1

COMMAND LINE ARGUMENTS:
D:\_UNITY_\Editor\2021.3.18f1\Editor\Unity.exe
-adb2
-batchMode
-noUpm
-name
AssetImportWorker1
-projectPath
D:/_UNITY_/Projects/_PRIORITY_/2DTopShooter/2DTopShooter
-logFile
Logs/AssetImportWorker1.log
-srvPort
53881
Successfully changed project path to: D:/_UNITY_/Projects/_PRIORITY_/2DTopShooter/2DTopShooter
D:/_UNITY_/Projects/_PRIORITY_/2DTopShooter/2DTopShooter
[UnityMemory] Configuration Parameters - Can be set up in boot.config
    "memorysetup-bucket-allocator-granularity=16"
    "memorysetup-bucket-allocator-bucket-count=8"
    "memorysetup-bucket-allocator-block-size=33554432"
    "memorysetup-bucket-allocator-block-count=8"
    "memorysetup-main-allocator-block-size=16777216"
    "memorysetup-thread-allocator-block-size=16777216"
    "memorysetup-gfx-main-allocator-block-size=16777216"
    "memorysetup-gfx-thread-allocator-block-size=16777216"
    "memorysetup-cache-allocator-block-size=4194304"
    "memorysetup-typetree-allocator-block-size=2097152"
    "memorysetup-profiler-bucket-allocator-granularity=16"
    "memorysetup-profiler-bucket-allocator-bucket-count=8"
    "memorysetup-profiler-bucket-allocator-block-size=33554432"
    "memorysetup-profiler-bucket-allocator-block-count=8"
    "memorysetup-profiler-allocator-block-size=16777216"
    "memorysetup-profiler-editor-allocator-block-size=1048576"
    "memorysetup-temp-allocator-size-main=16777216"
    "memorysetup-job-temp-allocator-block-size=2097152"
    "memorysetup-job-temp-allocator-block-size-background=1048576"
    "memorysetup-job-temp-allocator-reduction-small-platforms=262144"
    "memorysetup-temp-allocator-size-background-worker=32768"
    "memorysetup-temp-allocator-size-job-worker=262144"
    "memorysetup-temp-allocator-size-preload-manager=33554432"
    "memorysetup-temp-allocator-size-nav-mesh-worker=65536"
    "memorysetup-temp-allocator-size-audio-worker=65536"
    "memorysetup-temp-allocator-size-cloud-worker=32768"
    "memorysetup-temp-allocator-size-gi-baking-worker=262144"
    "memorysetup-temp-allocator-size-gfx=262144"
Player connection [1468] Host "[IP] 172.25.0.165 [Port] 0 [Flags] 2 [Guid] 1040481204 [EditorId] 1040481204 [Version] 1048832 [Id] WindowsEditor(7,Atom-PC) [Debug] 1 [PackageName] WindowsEditor [ProjectName] Editor" joined multi-casting on [225.0.0.222:54997]...

Player connection [1468] Host "[IP] 172.25.0.165 [Port] 0 [Flags] 2 [Guid] 1040481204 [EditorId] 1040481204 [Version] 1048832 [Id] WindowsEditor(7,Atom-PC) [Debug] 1 [PackageName] WindowsEditor [ProjectName] Editor" joined alternative multi-casting on [225.0.0.222:34997]...

Refreshing native plugins compatible for Editor in 80.44 ms, found 4 plugins.
Preloading 0 native plugins for Editor in 0.00 ms.
Initialize engine version: 2021.3.18f1 (3129e69bc0c7)
[Subsystems] Discovering subsystems at path D:/_UNITY_/Editor/2021.3.18f1/Editor/Data/Resources/UnitySubsystems
[Subsystems] Discovering subsystems at path D:/_UNITY_/Projects/_PRIORITY_/2DTopShooter/2DTopShooter/Assets
GfxDevice: creating device client; threaded=0; jobified=0
Direct3D:
    Version:  Direct3D 11.0 [level 11.1]
    Renderer: NVIDIA GeForce GTX 1080 (ID=0x1b80)
    Vendor:   NVIDIA
    VRAM:     8084 MB
    Driver:   27.21.14.5206
Initialize mono
Mono path[0] = 'D:/_UNITY_/Editor/2021.3.18f1/Editor/Data/Managed'
Mono path[1] = 'D:/_UNITY_/Editor/2021.3.18f1/Editor/Data/MonoBleedingEdge/lib/mono/unityjit-win32'
Mono config path = 'D:/_UNITY_/Editor/2021.3.18f1/Editor/Data/MonoBleedingEdge/etc'
Using monoOptions --debugger-agent=transport=dt_socket,embedding=1,server=y,suspend=n,address=127.0.0.1:56380
Begin MonoManager ReloadAssembly
Registering precompiled unity dll's ...
Register platform support module: D:/_UNITY_/Editor/2021.3.18f1/Editor/Data/PlaybackEngines/WindowsStandaloneSupport/UnityEditor.WindowsStandalone.Extensions.dll
Registered in 0.002680 seconds.
Native extension for WindowsStandalone target not found
Refreshing native plugins compatible for Editor in 79.63 ms, found 4 plugins.
Preloading 0 native plugins for Editor in 0.00 ms.
Mono: successfully reloaded assembly
- Completed reload, in  0.603 seconds
Domain Reload Profiling:
	ReloadAssembly (604ms)
		BeginReloadAssembly (66ms)
			ExecutionOrderSort (0ms)
			DisableScriptedObjects (0ms)
			BackupInstance (0ms)
			ReleaseScriptingObjects (0ms)
			CreateAndSetChildDomain (1ms)
		EndReloadAssembly (430ms)
			LoadAssemblies (65ms)
			RebuildTransferFunctionScriptingTraits (0ms)
			SetupTypeCache (95ms)
			ReleaseScriptCaches (0ms)
			RebuildScriptCaches (29ms)
			SetupLoadedEditorAssemblies (264ms)
				LogAssemblyErrors (0ms)
				InitializePlatformSupportModulesInManaged (6ms)
				SetLoadedEditorAssemblies (0ms)
				RefreshPlugins (80ms)
				BeforeProcessingInitializeOnLoad (1ms)
				ProcessInitializeOnLoadAttributes (134ms)
				ProcessInitializeOnLoadMethodAttributes (42ms)
				AfterProcessingInitializeOnLoad (0ms)
				EditorAssembliesLoaded (0ms)
			ExecutionOrderSort2 (0ms)
			AwakeInstancesAfterBackupRestoration (0ms)
Platform modules already initialized, skipping
Registering precompiled user dll's ...
Registered in 0.004122 seconds.
Begin MonoManager ReloadAssembly
Symbol file LoadedFromMemory doesn't match image D:\_UNITY_\Projects\_PRIORITY_\2DTopShooter\2DTopShooter\Library\PackageCache\com.unity.visualscripting@1.8.0\Editor\VisualScripting.Core\Dependencies\YamlDotNet\Unity.VisualScripting.YamlDotNet.dll
Symbol file LoadedFromMemory doesn't match image D:\_UNITY_\Projects\_PRIORITY_\2DTopShooter\2DTopShooter\Library\PackageCache\com.unity.visualscripting@1.8.0\Editor\VisualScripting.Core\Dependencies\DotNetZip\Unity.VisualScripting.IonicZip.dll
Native extension for WindowsStandalone target not found
Refreshing native plugins compatible for Editor in 80.45 ms, found 4 plugins.
Preloading 0 native plugins for Editor in 0.00 ms.
Mono: successfully reloaded assembly
- Completed reload, in  0.982 seconds
Domain Reload Profiling:
	ReloadAssembly (983ms)
		BeginReloadAssembly (97ms)
			ExecutionOrderSort (0ms)
			DisableScriptedObjects (6ms)
			BackupInstance (0ms)
			ReleaseScriptingObjects (0ms)
			CreateAndSetChildDomain (18ms)
		EndReloadAssembly (787ms)
			LoadAssemblies (70ms)
			RebuildTransferFunctionScriptingTraits (0ms)
			SetupTypeCache (215ms)
			ReleaseScriptCaches (1ms)
			RebuildScriptCaches (52ms)
			SetupLoadedEditorAssemblies (413ms)
				LogAssemblyErrors (0ms)
				InitializePlatformSupportModulesInManaged (3ms)
				SetLoadedEditorAssemblies (0ms)
				RefreshPlugins (81ms)
				BeforeProcessingInitializeOnLoad (83ms)
				ProcessInitializeOnLoadAttributes (208ms)
				ProcessInitializeOnLoadMethodAttributes (36ms)
				AfterProcessingInitializeOnLoad (2ms)
				EditorAssembliesLoaded (0ms)
			ExecutionOrderSort2 (0ms)
			AwakeInstancesAfterBackupRestoration (5ms)
Platform modules already initialized, skipping
========================================================================
Worker process is ready to serve import requests
Launched and connected shader compiler UnityShaderCompiler.exe after 0.02 seconds
Refreshing native plugins compatible for Editor in 0.68 ms, found 4 plugins.
Preloading 0 native plugins for Editor in 0.00 ms.
Unloading 3796 Unused Serialized files (Serialized files now loaded: 0)
Unloading 35 unused Assets / (56.6 KB). Loaded Objects now: 4255.
Memory consumption went from 146.2 MB to 146.1 MB.
Total: 2.972871 ms (FindLiveObjects: 0.290646 ms CreateObjectMapping: 0.236752 ms MarkObjects: 2.374254 ms  DeleteObjects: 0.069935 ms)

AssetImportParameters requested are different than current active one (requested -> active):
  custom:video-decoder-ogg-theora: a1e56fd34408186e4bbccfd4996cb3dc -> 
  custom:container-muxer-webm: aa71ff27fc2769a1b78a27578f13a17b -> 
  custom:container-demuxer-webm: 4f35f7cbe854078d1ac9338744f61a02 -> 
  custom:video-encoder-webm-vp8: eb34c28f22e8b96e1ab97ce403110664 -> 
  custom:video-codec-MediaFoundation-h265: 55f8c8538cf0483ab7069ead6b737db2 -> 
  custom:audio-encoder-webm-vorbis: bf7c407c2cedff20999df2af8eb42d56 -> 
  custom:framework-win-MediaFoundation: 216162199b28c13a410421893ffa2e32 -> 
  custom:container-demuxer-ogg: 62fdf1f143b41e24485cea50d1cbac27 -> 
  custom:video-decoder-webm-vp8: 9c59270c3fd7afecdb556c50c9e8de78 -> 
  custom:audio-decoder-ogg-vorbis: bf7c407c2cedff20999df2af8eb42d56 -> 
========================================================================
Received Import Request.
  Time since last request: 336346.531765 seconds.
  path: Assets/Scenes/SampleScene.unity
  artifactKey: Guid(2cda990e2423bbf4892e6590ba056729) Importer(815301076,1909f56bfc062723c751e8b465ee728b)
Start importing Assets/Scenes/SampleScene.unity using Guid(2cda990e2423bbf4892e6590ba056729) Importer(815301076,1909f56bfc062723c751e8b465ee728b)  -> (artifact id: '1d0846ae7a33b5407b12486700120a60') in 0.006456 seconds 
========================================================================
Received Prepare
Registering precompiled user dll's ...
Registered in 0.004527 seconds.
Begin MonoManager ReloadAssembly
Symbol file LoadedFromMemory doesn't match image D:\_UNITY_\Projects\_PRIORITY_\2DTopShooter\2DTopShooter\Library\PackageCache\com.unity.visualscripting@1.8.0\Editor\VisualScripting.Core\Dependencies\YamlDotNet\Unity.VisualScripting.YamlDotNet.dll
Symbol file LoadedFromMemory doesn't match image D:\_UNITY_\Projects\_PRIORITY_\2DTopShooter\2DTopShooter\Library\PackageCache\com.unity.visualscripting@1.8.0\Editor\VisualScripting.Core\Dependencies\DotNetZip\Unity.VisualScripting.IonicZip.dll
Native extension for WindowsStandalone target not found
Refreshing native plugins compatible for Editor in 0.64 ms, found 4 plugins.
Preloading 0 native plugins for Editor in 0.00 ms.
Mono: successfully reloaded assembly
- Completed reload, in  0.886 seconds
Domain Reload Profiling:
	ReloadAssembly (886ms)
		BeginReloadAssembly (112ms)
			ExecutionOrderSort (0ms)
			DisableScriptedObjects (6ms)
			BackupInstance (0ms)
			ReleaseScriptingObjects (0ms)
			CreateAndSetChildDomain (32ms)
		EndReloadAssembly (695ms)
			LoadAssemblies (75ms)
			RebuildTransferFunctionScriptingTraits (0ms)
			SetupTypeCache (211ms)
			ReleaseScriptCaches (1ms)
			RebuildScriptCaches (47ms)
			SetupLoadedEditorAssemblies (313ms)
				LogAssemblyErrors (0ms)
				InitializePlatformSupportModulesInManaged (11ms)
				SetLoadedEditorAssemblies (0ms)
				RefreshPlugins (1ms)
				BeforeProcessingInitializeOnLoad (63ms)
				ProcessInitializeOnLoadAttributes (202ms)
				ProcessInitializeOnLoadMethodAttributes (33ms)
				AfterProcessingInitializeOnLoad (3ms)
				EditorAssembliesLoaded (0ms)
			ExecutionOrderSort2 (0ms)
			AwakeInstancesAfterBackupRestoration (8ms)
Platform modules already initialized, skipping
Refreshing native plugins compatible for Editor in 1.89 ms, found 4 plugins.
Preloading 0 native plugins for Editor in 0.00 ms.
Unloading 3772 Unused Serialized files (Serialized files now loaded: 0)
Unloading 22 unused Assets / (24.6 KB). Loaded Objects now: 4258.
Memory consumption went from 143.7 MB to 143.7 MB.
Total: 2.925071 ms (FindLiveObjects: 0.300271 ms CreateObjectMapping: 0.267228 ms MarkObjects: 2.331588 ms  DeleteObjects: 0.024702 ms)

AssetImportParameters requested are different than current active one (requested -> active):
  custom:video-decoder-ogg-theora: a1e56fd34408186e4bbccfd4996cb3dc -> 
  custom:container-muxer-webm: aa71ff27fc2769a1b78a27578f13a17b -> 
  custom:container-demuxer-webm: 4f35f7cbe854078d1ac9338744f61a02 -> 
  custom:video-encoder-webm-vp8: eb34c28f22e8b96e1ab97ce403110664 -> 
  custom:video-codec-MediaFoundation-h265: 55f8c8538cf0483ab7069ead6b737db2 -> 
  custom:audio-encoder-webm-vorbis: bf7c407c2cedff20999df2af8eb42d56 -> 
  custom:framework-win-MediaFoundation: 216162199b28c13a410421893ffa2e32 -> 
  custom:container-demuxer-ogg: 62fdf1f143b41e24485cea50d1cbac27 -> 
  custom:video-decoder-webm-vp8: 9c59270c3fd7afecdb556c50c9e8de78 -> 
  custom:audio-decoder-ogg-vorbis: bf7c407c2cedff20999df2af8eb42d56 -> 
========================================================================
Received Import Request.
  Time since last request: 57929.453876 seconds.
  path: Assets/Prefabs/Enemy.prefab
  artifactKey: Guid(0411c7704fb090a47b1b474eb42be27f) Importer(815301076,1909f56bfc062723c751e8b465ee728b)
Start importing Assets/Prefabs/Enemy.prefab using Guid(0411c7704fb090a47b1b474eb42be27f) Importer(815301076,1909f56bfc062723c751e8b465ee728b)  -> (artifact id: 'b503bf61547181bf55739470ba39e0ed') in 0.192971 seconds 
========================================================================
Received Import Request.
  Time since last request: 0.000036 seconds.
  path: Assets/Prefabs/EnemyBullet.prefab
  artifactKey: Guid(a947116268eefbc42b21eda3c8324534) Importer(815301076,1909f56bfc062723c751e8b465ee728b)
Start importing Assets/Prefabs/EnemyBullet.prefab using Guid(a947116268eefbc42b21eda3c8324534) Importer(815301076,1909f56bfc062723c751e8b465ee728b)  -> (artifact id: 'ac251c079ab20edee8ff7eee974523f5') in 0.011502 seconds 
========================================================================
Received Import Request.
  Time since last request: 0.000030 seconds.
  path: Assets/Prefabs/ShotgunBullet.prefab
  artifactKey: Guid(a110c7731089554449bfc47bd3ee5c3c) Importer(815301076,1909f56bfc062723c751e8b465ee728b)
Start importing Assets/Prefabs/ShotgunBullet.prefab using Guid(a110c7731089554449bfc47bd3ee5c3c) Importer(815301076,1909f56bfc062723c751e8b465ee728b)  -> (artifact id: 'c66d0a7eeb2015f375787d211a026b65') in 0.007078 seconds 
========================================================================
Received Prepare
Registering precompiled user dll's ...
Registered in 0.004356 seconds.
Begin MonoManager ReloadAssembly
Symbol file LoadedFromMemory doesn't match image D:\_UNITY_\Projects\_PRIORITY_\2DTopShooter\2DTopShooter\Library\PackageCache\com.unity.visualscripting@1.8.0\Editor\VisualScripting.Core\Dependencies\YamlDotNet\Unity.VisualScripting.YamlDotNet.dll
Symbol file LoadedFromMemory doesn't match image D:\_UNITY_\Projects\_PRIORITY_\2DTopShooter\2DTopShooter\Library\PackageCache\com.unity.visualscripting@1.8.0\Editor\VisualScripting.Core\Dependencies\DotNetZip\Unity.VisualScripting.IonicZip.dll
Native extension for WindowsStandalone target not found
Refreshing native plugins compatible for Editor in 0.64 ms, found 4 plugins.
Preloading 0 native plugins for Editor in 0.00 ms.
Mono: successfully reloaded assembly
- Completed reload, in  0.825 seconds
Domain Reload Profiling:
	ReloadAssembly (825ms)
		BeginReloadAssembly (115ms)
			ExecutionOrderSort (0ms)
			DisableScriptedObjects (6ms)
			BackupInstance (0ms)
			ReleaseScriptingObjects (0ms)
			CreateAndSetChildDomain (33ms)
		EndReloadAssembly (632ms)
			LoadAssemblies (75ms)
			RebuildTransferFunctionScriptingTraits (0ms)
			SetupTypeCache (200ms)
			ReleaseScriptCaches (1ms)
			RebuildScriptCaches (40ms)
			SetupLoadedEditorAssemblies (283ms)
				LogAssemblyErrors (0ms)
				InitializePlatformSupportModulesInManaged (10ms)
				SetLoadedEditorAssemblies (0ms)
				RefreshPlugins (1ms)
				BeforeProcessingInitializeOnLoad (56ms)
				ProcessInitializeOnLoadAttributes (182ms)
				ProcessInitializeOnLoadMethodAttributes (31ms)
				AfterProcessingInitializeOnLoad (2ms)
				EditorAssembliesLoaded (1ms)
			ExecutionOrderSort2 (0ms)
			AwakeInstancesAfterBackupRestoration (7ms)
Platform modules already initialized, skipping
Refreshing native plugins compatible for Editor in 1.87 ms, found 4 plugins.
Preloading 0 native plugins for Editor in 0.00 ms.
Unloading 3774 Unused Serialized files (Serialized files now loaded: 0)
Unloading 24 unused Assets / (50.7 KB). Loaded Objects now: 4271.
Memory consumption went from 148.2 MB to 148.1 MB.
Total: 2.779427 ms (FindLiveObjects: 0.268511 ms CreateObjectMapping: 0.183499 ms MarkObjects: 2.264540 ms  DeleteObjects: 0.062236 ms)

AssetImportParameters requested are different than current active one (requested -> active):
  custom:video-decoder-ogg-theora: a1e56fd34408186e4bbccfd4996cb3dc -> 
  custom:container-muxer-webm: aa71ff27fc2769a1b78a27578f13a17b -> 
  custom:container-demuxer-webm: 4f35f7cbe854078d1ac9338744f61a02 -> 
  custom:video-encoder-webm-vp8: eb34c28f22e8b96e1ab97ce403110664 -> 
  custom:video-codec-MediaFoundation-h265: 55f8c8538cf0483ab7069ead6b737db2 -> 
  custom:audio-encoder-webm-vorbis: bf7c407c2cedff20999df2af8eb42d56 -> 
  custom:framework-win-MediaFoundation: 216162199b28c13a410421893ffa2e32 -> 
  custom:container-demuxer-ogg: 62fdf1f143b41e24485cea50d1cbac27 -> 
  custom:video-decoder-webm-vp8: 9c59270c3fd7afecdb556c50c9e8de78 -> 
  custom:audio-decoder-ogg-vorbis: bf7c407c2cedff20999df2af8eb42d56 -> 
========================================================================
Received Prepare
Registering precompiled user dll's ...
Registered in 0.004338 seconds.
Begin MonoManager ReloadAssembly
Symbol file LoadedFromMemory doesn't match image D:\_UNITY_\Projects\_PRIORITY_\2DTopShooter\2DTopShooter\Library\PackageCache\com.unity.visualscripting@1.8.0\Editor\VisualScripting.Core\Dependencies\YamlDotNet\Unity.VisualScripting.YamlDotNet.dll
Symbol file LoadedFromMemory doesn't match image D:\_UNITY_\Projects\_PRIORITY_\2DTopShooter\2DTopShooter\Library\PackageCache\com.unity.visualscripting@1.8.0\Editor\VisualScripting.Core\Dependencies\DotNetZip\Unity.VisualScripting.IonicZip.dll
Native extension for WindowsStandalone target not found
Refreshing native plugins compatible for Editor in 0.63 ms, found 4 plugins.
Preloading 0 native plugins for Editor in 0.00 ms.
Mono: successfully reloaded assembly
- Completed reload, in  0.826 seconds
Domain Reload Profiling:
	ReloadAssembly (827ms)
		BeginReloadAssembly (114ms)
			ExecutionOrderSort (0ms)
			DisableScriptedObjects (8ms)
			BackupInstance (0ms)
			ReleaseScriptingObjects (0ms)
			CreateAndSetChildDomain (31ms)
		EndReloadAssembly (633ms)
			LoadAssemblies (77ms)
			RebuildTransferFunctionScriptingTraits (0ms)
			SetupTypeCache (192ms)
			ReleaseScriptCaches (1ms)
			RebuildScriptCaches (41ms)
			SetupLoadedEditorAssemblies (281ms)
				LogAssemblyErrors (0ms)
				InitializePlatformSupportModulesInManaged (10ms)
				SetLoadedEditorAssemblies (0ms)
				RefreshPlugins (1ms)
				BeforeProcessingInitializeOnLoad (55ms)
				ProcessInitializeOnLoadAttributes (179ms)
				ProcessInitializeOnLoadMethodAttributes (33ms)
				AfterProcessingInitializeOnLoad (3ms)
				EditorAssembliesLoaded (0ms)
			ExecutionOrderSort2 (0ms)
			AwakeInstancesAfterBackupRestoration (8ms)
Platform modules already initialized, skipping
Refreshing native plugins compatible for Editor in 1.75 ms, found 4 plugins.
Preloading 0 native plugins for Editor in 0.00 ms.
Unloading 3775 Unused Serialized files (Serialized files now loaded: 0)
Unloading 22 unused Assets / (24.6 KB). Loaded Objects now: 4275.
Memory consumption went from 148.2 MB to 148.2 MB.
Total: 2.761783 ms (FindLiveObjects: 0.258887 ms CreateObjectMapping: 0.155589 ms MarkObjects: 2.326455 ms  DeleteObjects: 0.020531 ms)

AssetImportParameters requested are different than current active one (requested -> active):
  custom:video-decoder-ogg-theora: a1e56fd34408186e4bbccfd4996cb3dc -> 
  custom:container-muxer-webm: aa71ff27fc2769a1b78a27578f13a17b -> 
  custom:container-demuxer-webm: 4f35f7cbe854078d1ac9338744f61a02 -> 
  custom:video-encoder-webm-vp8: eb34c28f22e8b96e1ab97ce403110664 -> 
  custom:video-codec-MediaFoundation-h265: 55f8c8538cf0483ab7069ead6b737db2 -> 
  custom:audio-encoder-webm-vorbis: bf7c407c2cedff20999df2af8eb42d56 -> 
  custom:framework-win-MediaFoundation: 216162199b28c13a410421893ffa2e32 -> 
  custom:container-demuxer-ogg: 62fdf1f143b41e24485cea50d1cbac27 -> 
  custom:video-decoder-webm-vp8: 9c59270c3fd7afecdb556c50c9e8de78 -> 
  custom:audio-decoder-ogg-vorbis: bf7c407c2cedff20999df2af8eb42d56 -> 
========================================================================
Received Prepare
Registering precompiled user dll's ...
Registered in 0.004288 seconds.
Begin MonoManager ReloadAssembly
Symbol file LoadedFromMemory doesn't match image D:\_UNITY_\Projects\_PRIORITY_\2DTopShooter\2DTopShooter\Library\PackageCache\com.unity.visualscripting@1.8.0\Editor\VisualScripting.Core\Dependencies\YamlDotNet\Unity.VisualScripting.YamlDotNet.dll
Symbol file LoadedFromMemory doesn't match image D:\_UNITY_\Projects\_PRIORITY_\2DTopShooter\2DTopShooter\Library\PackageCache\com.unity.visualscripting@1.8.0\Editor\VisualScripting.Core\Dependencies\DotNetZip\Unity.VisualScripting.IonicZip.dll
Native extension for WindowsStandalone target not found
Refreshing native plugins compatible for Editor in 0.60 ms, found 4 plugins.
Preloading 0 native plugins for Editor in 0.00 ms.
Mono: successfully reloaded assembly
- Completed reload, in  0.821 seconds
Domain Reload Profiling:
	ReloadAssembly (821ms)
		BeginReloadAssembly (116ms)
			ExecutionOrderSort (0ms)
			DisableScriptedObjects (7ms)
			BackupInstance (0ms)
			ReleaseScriptingObjects (0ms)
			CreateAndSetChildDomain (30ms)
		EndReloadAssembly (626ms)
			LoadAssemblies (79ms)
			RebuildTransferFunctionScriptingTraits (0ms)
			SetupTypeCache (198ms)
			ReleaseScriptCaches (1ms)
			RebuildScriptCaches (40ms)
			SetupLoadedEditorAssemblies (278ms)
				LogAssemblyErrors (0ms)
				InitializePlatformSupportModulesInManaged (10ms)
				SetLoadedEditorAssemblies (0ms)
				RefreshPlugins (1ms)
				BeforeProcessingInitializeOnLoad (56ms)
				ProcessInitializeOnLoadAttributes (180ms)
				ProcessInitializeOnLoadMethodAttributes (29ms)
				AfterProcessingInitializeOnLoad (2ms)
				EditorAssembliesLoaded (0ms)
			ExecutionOrderSort2 (0ms)
			AwakeInstancesAfterBackupRestoration (7ms)
Platform modules already initialized, skipping
Refreshing native plugins compatible for Editor in 1.73 ms, found 4 plugins.
Preloading 0 native plugins for Editor in 0.00 ms.
Unloading 3775 Unused Serialized files (Serialized files now loaded: 0)
Unloading 22 unused Assets / (24.6 KB). Loaded Objects now: 4278.
Memory consumption went from 148.2 MB to 148.2 MB.
Total: 12.238270 ms (FindLiveObjects: 0.267870 ms CreateObjectMapping: 0.184140 ms MarkObjects: 11.748085 ms  DeleteObjects: 0.037213 ms)

AssetImportParameters requested are different than current active one (requested -> active):
  custom:video-decoder-ogg-theora: a1e56fd34408186e4bbccfd4996cb3dc -> 
  custom:container-muxer-webm: aa71ff27fc2769a1b78a27578f13a17b -> 
  custom:container-demuxer-webm: 4f35f7cbe854078d1ac9338744f61a02 -> 
  custom:video-encoder-webm-vp8: eb34c28f22e8b96e1ab97ce403110664 -> 
  custom:video-codec-MediaFoundation-h265: 55f8c8538cf0483ab7069ead6b737db2 -> 
  custom:audio-encoder-webm-vorbis: bf7c407c2cedff20999df2af8eb42d56 -> 
  custom:framework-win-MediaFoundation: 216162199b28c13a410421893ffa2e32 -> 
  custom:container-demuxer-ogg: 62fdf1f143b41e24485cea50d1cbac27 -> 
  custom:video-decoder-webm-vp8: 9c59270c3fd7afecdb556c50c9e8de78 -> 
  custom:audio-decoder-ogg-vorbis: bf7c407c2cedff20999df2af8eb42d56 -> 
========================================================================
Received Prepare
Registering precompiled user dll's ...
Registered in 0.004323 seconds.
Begin MonoManager ReloadAssembly
Symbol file LoadedFromMemory doesn't match image D:\_UNITY_\Projects\_PRIORITY_\2DTopShooter\2DTopShooter\Library\PackageCache\com.unity.visualscripting@1.8.0\Editor\VisualScripting.Core\Dependencies\YamlDotNet\Unity.VisualScripting.YamlDotNet.dll
Symbol file LoadedFromMemory doesn't match image D:\_UNITY_\Projects\_PRIORITY_\2DTopShooter\2DTopShooter\Library\PackageCache\com.unity.visualscripting@1.8.0\Editor\VisualScripting.Core\Dependencies\DotNetZip\Unity.VisualScripting.IonicZip.dll
Native extension for WindowsStandalone target not found
Refreshing native plugins compatible for Editor in 0.62 ms, found 4 plugins.
Preloading 0 native plugins for Editor in 0.00 ms.
Mono: successfully reloaded assembly
- Completed reload, in  0.898 seconds
Domain Reload Profiling:
	ReloadAssembly (899ms)
		BeginReloadAssembly (114ms)
			ExecutionOrderSort (0ms)
			DisableScriptedObjects (6ms)
			BackupInstance (0ms)
			ReleaseScriptingObjects (0ms)
			CreateAndSetChildDomain (32ms)
		EndReloadAssembly (703ms)
			LoadAssemblies (76ms)
			RebuildTransferFunctionScriptingTraits (0ms)
			SetupTypeCache (212ms)
			ReleaseScriptCaches (1ms)
			RebuildScriptCaches (65ms)
			SetupLoadedEditorAssemblies (287ms)
				LogAssemblyErrors (0ms)
				InitializePlatformSupportModulesInManaged (10ms)
				SetLoadedEditorAssemblies (0ms)
				RefreshPlugins (1ms)
				BeforeProcessingInitializeOnLoad (56ms)
				ProcessInitializeOnLoadAttributes (188ms)
				ProcessInitializeOnLoadMethodAttributes (30ms)
				AfterProcessingInitializeOnLoad (2ms)
				EditorAssembliesLoaded (0ms)
			ExecutionOrderSort2 (0ms)
			AwakeInstancesAfterBackupRestoration (7ms)
Platform modules already initialized, skipping
Refreshing native plugins compatible for Editor in 1.76 ms, found 4 plugins.
Preloading 0 native plugins for Editor in 0.00 ms.
Unloading 3775 Unused Serialized files (Serialized files now loaded: 0)
Unloading 22 unused Assets / (24.7 KB). Loaded Objects now: 4281.
Memory consumption went from 148.2 MB to 148.2 MB.
Total: 2.866044 ms (FindLiveObjects: 0.258566 ms CreateObjectMapping: 0.171308 ms MarkObjects: 2.415959 ms  DeleteObjects: 0.019248 ms)

AssetImportParameters requested are different than current active one (requested -> active):
  custom:video-decoder-ogg-theora: a1e56fd34408186e4bbccfd4996cb3dc -> 
  custom:container-muxer-webm: aa71ff27fc2769a1b78a27578f13a17b -> 
  custom:container-demuxer-webm: 4f35f7cbe854078d1ac9338744f61a02 -> 
  custom:video-encoder-webm-vp8: eb34c28f22e8b96e1ab97ce403110664 -> 
  custom:video-codec-MediaFoundation-h265: 55f8c8538cf0483ab7069ead6b737db2 -> 
  custom:audio-encoder-webm-vorbis: bf7c407c2cedff20999df2af8eb42d56 -> 
  custom:framework-win-MediaFoundation: 216162199b28c13a410421893ffa2e32 -> 
  custom:container-demuxer-ogg: 62fdf1f143b41e24485cea50d1cbac27 -> 
  custom:video-decoder-webm-vp8: 9c59270c3fd7afecdb556c50c9e8de78 -> 
  custom:audio-decoder-ogg-vorbis: bf7c407c2cedff20999df2af8eb42d56 -> 
========================================================================
Received Import Request.
  Time since last request: 1025.026634 seconds.
  path: Assets/Art/free-guns-pixel-art/Amo2.png
  artifactKey: Guid(b0708b51f00788d4db236df9824e15c3) Importer(815301076,1909f56bfc062723c751e8b465ee728b)
Start importing Assets/Art/free-guns-pixel-art/Amo2.png using Guid(b0708b51f00788d4db236df9824e15c3) Importer(815301076,1909f56bfc062723c751e8b465ee728b)  -> (artifact id: '0023335b3b7bc97f66b61085770fdd00') in 0.058116 seconds 
========================================================================
Received Import Request.
  Time since last request: 0.000022 seconds.
  path: Assets/Art/Screen Overlay Effects/Blur True Corruption Blood Overlay V3.png
  artifactKey: Guid(065b1aff308251a4eb041d9cda36babb) Importer(815301076,1909f56bfc062723c751e8b465ee728b)
Start importing Assets/Art/Screen Overlay Effects/Blur True Corruption Blood Overlay V3.png using Guid(065b1aff308251a4eb041d9cda36babb) Importer(815301076,1909f56bfc062723c751e8b465ee728b)  -> (artifact id: '7f82c7eda07976c9da1890992ef62a88') in 0.204230 seconds 
========================================================================
Received Import Request.
  Time since last request: 0.000023 seconds.
  path: Assets/Art/Screen Overlay Effects/blurry Blood Smear Overlay V3.png
  artifactKey: Guid(a7532666bd10dc64c9d984319cf96b37) Importer(815301076,1909f56bfc062723c751e8b465ee728b)
Start importing Assets/Art/Screen Overlay Effects/blurry Blood Smear Overlay V3.png using Guid(a7532666bd10dc64c9d984319cf96b37) Importer(815301076,1909f56bfc062723c751e8b465ee728b)  -> (artifact id: '28333f817645918e057db04d30d02589') in 0.116735 seconds 
========================================================================
Received Import Request.
  Time since last request: 0.000028 seconds.
  path: Packages/com.unity.2d.animation/Editor/Assets/SkinningModule/Icons/Light/Create Bones@3x.png
  artifactKey: Guid(803b0b9bfc1fd824aae8423bfbab83b4) Importer(815301076,1909f56bfc062723c751e8b465ee728b)
Start importing Packages/com.unity.2d.animation/Editor/Assets/SkinningModule/Icons/Light/Create Bones@3x.png using Guid(803b0b9bfc1fd824aae8423bfbab83b4) Importer(815301076,1909f56bfc062723c751e8b465ee728b)  -> (artifact id: 'a28f4bad2c3ae1db80ea078747e9f901') in 0.008021 seconds 
========================================================================
Received Import Request.
  Time since last request: 0.000016 seconds.
  path: Packages/com.unity.2d.animation/Editor/Assets/SkinningModule/Icons/Selected/character_Mode@3x.png
  artifactKey: Guid(dcea51d6065d64246aeec467afeff684) Importer(815301076,1909f56bfc062723c751e8b465ee728b)
Start importing Packages/com.unity.2d.animation/Editor/Assets/SkinningModule/Icons/Selected/character_Mode@3x.png using Guid(dcea51d6065d64246aeec467afeff684) Importer(815301076,1909f56bfc062723c751e8b465ee728b)  -> (artifact id: 'dfd1f8dfef8defe7e82bbe4fb5593e0d') in 0.008166 seconds 
========================================================================
Received Import Request.
  Time since last request: 0.000017 seconds.
  path: Assets/Art/CrossHairs/Outline/crosshair020.png
  artifactKey: Guid(5c71e3c161483f34d873a712b9455b25) Importer(815301076,1909f56bfc062723c751e8b465ee728b)
Start importing Assets/Art/CrossHairs/Outline/crosshair020.png using Guid(5c71e3c161483f34d873a712b9455b25) Importer(815301076,1909f56bfc062723c751e8b465ee728b)  -> (artifact id: 'cb952e700fd7f1fd3c9be58682ec8d9c') in 0.008106 seconds 
========================================================================
Received Import Request.
  Time since last request: 0.000019 seconds.
  path: Packages/com.unity.2d.animation/Editor/Assets/SkinningModule/Icons/Selected/Create_Vertex@3x.png
  artifactKey: Guid(47fe565904dc6b1419e9acc62b99812e) Importer(815301076,1909f56bfc062723c751e8b465ee728b)
Start importing Packages/com.unity.2d.animation/Editor/Assets/SkinningModule/Icons/Selected/Create_Vertex@3x.png using Guid(47fe565904dc6b1419e9acc62b99812e) Importer(815301076,1909f56bfc062723c751e8b465ee728b)  -> (artifact id: '097e36b8349d145d71ce7707bb51d710') in 0.008203 seconds 
========================================================================
Received Import Request.
  Time since last request: 0.000017 seconds.
  path: Assets/Art/CrossHairs/Outline/crosshair047.png
  artifactKey: Guid(096d240a099e9da4f97c53da1eb63249) Importer(815301076,1909f56bfc062723c751e8b465ee728b)
Start importing Assets/Art/CrossHairs/Outline/crosshair047.png using Guid(096d240a099e9da4f97c53da1eb63249) Importer(815301076,1909f56bfc062723c751e8b465ee728b)  -> (artifact id: '4bf86db5e4da430cdc0782a56131fa86') in 0.006681 seconds 
========================================================================
Received Import Request.
  Time since last request: 0.000017 seconds.
  path: Assets/Art/CrossHairs/Outline/crosshair016.png
  artifactKey: Guid(39a19880d03d6ed4da9e73a669ec68ea) Importer(815301076,1909f56bfc062723c751e8b465ee728b)
Start importing Assets/Art/CrossHairs/Outline/crosshair016.png using Guid(39a19880d03d6ed4da9e73a669ec68ea) Importer(815301076,1909f56bfc062723c751e8b465ee728b)  -> (artifact id: 'ade07b013d6d6bd0e0656a0d0cd3eb7a') in 0.007785 seconds 
========================================================================
Received Import Request.
  Time since last request: 0.000018 seconds.
  path: Assets/Art/free-guns-pixel-art/Assaut-rifle-3.png
  artifactKey: Guid(2efb90f21b48424479cc26288c985556) Importer(815301076,1909f56bfc062723c751e8b465ee728b)
Start importing Assets/Art/free-guns-pixel-art/Assaut-rifle-3.png using Guid(2efb90f21b48424479cc26288c985556) Importer(815301076,1909f56bfc062723c751e8b465ee728b)  -> (artifact id: '43c4dc684b717c0aea019a82022c8bd7') in 0.007075 seconds 
========================================================================
Received Import Request.
  Time since last request: 0.000016 seconds.
  path: Assets/Art/Screen Overlay Effects/Blur True Corruption Blood Overlay V2.png
  artifactKey: Guid(196d4d24d4526d54590182961488bd0d) Importer(815301076,1909f56bfc062723c751e8b465ee728b)
Start importing Assets/Art/Screen Overlay Effects/Blur True Corruption Blood Overlay V2.png using Guid(196d4d24d4526d54590182961488bd0d) Importer(815301076,1909f56bfc062723c751e8b465ee728b)  -> (artifact id: 'a685e757c697095bdfbe261ec24823f9') in 0.173409 seconds 
========================================================================
Received Import Request.
  Time since last request: 0.000018 seconds.
  path: Assets/Art/free-guns-pixel-art/Amo3.png
  artifactKey: Guid(b51aea84b3bcd6a44a710035b1a2e3d7) Importer(815301076,1909f56bfc062723c751e8b465ee728b)
Start importing Assets/Art/free-guns-pixel-art/Amo3.png using Guid(b51aea84b3bcd6a44a710035b1a2e3d7) Importer(815301076,1909f56bfc062723c751e8b465ee728b)  -> (artifact id: '7cf6d0f7a45e5570e15c37ef5f66300e') in 0.007757 seconds 
========================================================================
Received Import Request.
  Time since last request: 0.000023 seconds.
  path: Assets/Art/CrossHairs/Outline/crosshair070.png
  artifactKey: Guid(0d7db2b1d9297b548aa2f3f2177fcc5c) Importer(815301076,1909f56bfc062723c751e8b465ee728b)
Start importing Assets/Art/CrossHairs/Outline/crosshair070.png using Guid(0d7db2b1d9297b548aa2f3f2177fcc5c) Importer(815301076,1909f56bfc062723c751e8b465ee728b)  -> (artifact id: '3312135228a8154b94e278ab9d92ebb9') in 0.007806 seconds 
========================================================================
Received Import Request.
  Time since last request: 0.000013 seconds.
  path: Assets/Art/CrossHairs/Outline/crosshair044.png
  artifactKey: Guid(2d7493e7682e4f14eb659ae458add074) Importer(815301076,1909f56bfc062723c751e8b465ee728b)
Start importing Assets/Art/CrossHairs/Outline/crosshair044.png using Guid(2d7493e7682e4f14eb659ae458add074) Importer(815301076,1909f56bfc062723c751e8b465ee728b)  -> (artifact id: '28abbec410d5c3978cfb033ab9c1997e') in 0.007878 seconds 
========================================================================
Received Import Request.
  Time since last request: 0.000023 seconds.
  path: Packages/com.unity.2d.animation/Editor/Assets/SkinningModule/Icons/Light/Create_Vertex@4x.png
  artifactKey: Guid(e6a6624ab013b8e44beddfa2668afb65) Importer(815301076,1909f56bfc062723c751e8b465ee728b)
Start importing Packages/com.unity.2d.animation/Editor/Assets/SkinningModule/Icons/Light/Create_Vertex@4x.png using Guid(e6a6624ab013b8e44beddfa2668afb65) Importer(815301076,1909f56bfc062723c751e8b465ee728b)  -> (artifact id: '4693fea8ed24791aeddafd8a11272368') in 0.007731 seconds 
========================================================================
Received Import Request.
  Time since last request: 0.000017 seconds.
  path: Assets/Art/free-guns-pixel-art/AmoB2.png
  artifactKey: Guid(b16cd6f45954ceb45b244049692ec1d5) Importer(815301076,1909f56bfc062723c751e8b465ee728b)
Start importing Assets/Art/free-guns-pixel-art/AmoB2.png using Guid(b16cd6f45954ceb45b244049692ec1d5) Importer(815301076,1909f56bfc062723c751e8b465ee728b)  -> (artifact id: '68a814ef3bf93913ab15e0c608a8a84e') in 0.006912 seconds 
========================================================================
Received Import Request.
  Time since last request: 0.000031 seconds.
  path: Packages/com.unity.2d.animation/Editor/Assets/SkinningModule/Icons/Light/Bone@3x.png
  artifactKey: Guid(76beef9fdae7b48468ddf07d0400a374) Importer(815301076,1909f56bfc062723c751e8b465ee728b)
Start importing Packages/com.unity.2d.animation/Editor/Assets/SkinningModule/Icons/Light/Bone@3x.png using Guid(76beef9fdae7b48468ddf07d0400a374) Importer(815301076,1909f56bfc062723c751e8b465ee728b)  -> (artifact id: '375d161a767d671cedc1691e507beeef') in 0.007164 seconds 
========================================================================
Received Import Request.
  Time since last request: 0.000014 seconds.
  path: Assets/Art/CrossHairs/Outline/crosshair034.png
  artifactKey: Guid(890fe267fdc133d4a915e665d30cf19d) Importer(815301076,1909f56bfc062723c751e8b465ee728b)
Start importing Assets/Art/CrossHairs/Outline/crosshair034.png using Guid(890fe267fdc133d4a915e665d30cf19d) Importer(815301076,1909f56bfc062723c751e8b465ee728b)  -> (artifact id: '9c7f89131dc225aedaa85f63d0099a9c') in 0.007896 seconds 
========================================================================
Received Import Request.
  Time since last request: 0.000016 seconds.
  path: Assets/Art/CrossHairs/Outline/crosshair065.png
  artifactKey: Guid(b4681d6502dd5e44089b1e4d45ed4f49) Importer(815301076,1909f56bfc062723c751e8b465ee728b)
Start importing Assets/Art/CrossHairs/Outline/crosshair065.png using Guid(b4681d6502dd5e44089b1e4d45ed4f49) Importer(815301076,1909f56bfc062723c751e8b465ee728b)  -> (artifact id: '165b071635a66d6e9a46fa244155cec3') in 0.009235 seconds 
========================================================================
Received Import Request.
  Time since last request: 0.000019 seconds.
  path: Packages/com.unity.2d.animation/Editor/Assets/SkinningModule/Icons/Selected/character_Mode@2x.png
  artifactKey: Guid(5d52b20f865aff242bfcb08c3b6f61a5) Importer(815301076,1909f56bfc062723c751e8b465ee728b)
Start importing Packages/com.unity.2d.animation/Editor/Assets/SkinningModule/Icons/Selected/character_Mode@2x.png using Guid(5d52b20f865aff242bfcb08c3b6f61a5) Importer(815301076,1909f56bfc062723c751e8b465ee728b)  -> (artifact id: 'e8d93c826ca5ad5b2e75c4739613c0b9') in 0.006576 seconds 
========================================================================
Received Import Request.
  Time since last request: 0.000018 seconds.
  path: Assets/Art/CrossHairs/Outline/crosshair008.png
  artifactKey: Guid(5ffc577c558d0d84db8ac72034785664) Importer(815301076,1909f56bfc062723c751e8b465ee728b)
Start importing Assets/Art/CrossHairs/Outline/crosshair008.png using Guid(5ffc577c558d0d84db8ac72034785664) Importer(815301076,1909f56bfc062723c751e8b465ee728b)  -> (artifact id: '02edad8f0406054414dd3108b2de3960') in 0.007097 seconds 
========================================================================
Received Import Request.
  Time since last request: 0.000013 seconds.
  path: Assets/Art/CrossHairs/Outline/crosshair080.png
  artifactKey: Guid(c830a6993abd395499c844901d2cad80) Importer(815301076,1909f56bfc062723c751e8b465ee728b)
Start importing Assets/Art/CrossHairs/Outline/crosshair080.png using Guid(c830a6993abd395499c844901d2cad80) Importer(815301076,1909f56bfc062723c751e8b465ee728b)  -> (artifact id: '3f31199e250e4841b91d64a0b4a772dc') in 0.007813 seconds 
========================================================================
Received Import Request.
  Time since last request: 0.000020 seconds.
  path: Assets/Art/CrossHairs/Outline/crosshair024.png
  artifactKey: Guid(e91133c87b430a448b2547735a627d69) Importer(815301076,1909f56bfc062723c751e8b465ee728b)
Start importing Assets/Art/CrossHairs/Outline/crosshair024.png using Guid(e91133c87b430a448b2547735a627d69) Importer(815301076,1909f56bfc062723c751e8b465ee728b)  -> (artifact id: 'a1de5d03b51bf083f2cf11ab866ccff2') in 0.007475 seconds 
========================================================================
Received Import Request.
  Time since last request: 0.000019 seconds.
  path: Assets/Art/free-guns-pixel-art/Bazooka.png
  artifactKey: Guid(4d3bee7138c528741bd593a8c21557ce) Importer(815301076,1909f56bfc062723c751e8b465ee728b)
Start importing Assets/Art/free-guns-pixel-art/Bazooka.png using Guid(4d3bee7138c528741bd593a8c21557ce) Importer(815301076,1909f56bfc062723c751e8b465ee728b)  -> (artifact id: 'a65b75f9b32d8eef61f9b9437960bb74') in 0.006945 seconds 
========================================================================
Received Import Request.
  Time since last request: 0.000019 seconds.
  path: Assets/Art/CrossHairs/Outline/crosshair057.png
  artifactKey: Guid(071d15d2a0eec8c468261459da95f94e) Importer(815301076,1909f56bfc062723c751e8b465ee728b)
Start importing Assets/Art/CrossHairs/Outline/crosshair057.png using Guid(071d15d2a0eec8c468261459da95f94e) Importer(815301076,1909f56bfc062723c751e8b465ee728b)  -> (artifact id: 'd1cb428f407c931661ef702ece5c9bbe') in 0.007407 seconds 
========================================================================
Received Import Request.
  Time since last request: 0.000016 seconds.
  path: Packages/com.unity.2d.animation/Editor/Assets/SkinningModule/Icons/Light/character_Mode@3x.png
  artifactKey: Guid(17fa84703485d314b8d6b5216987d4b1) Importer(815301076,1909f56bfc062723c751e8b465ee728b)
Start importing Packages/com.unity.2d.animation/Editor/Assets/SkinningModule/Icons/Light/character_Mode@3x.png using Guid(17fa84703485d314b8d6b5216987d4b1) Importer(815301076,1909f56bfc062723c751e8b465ee728b)  -> (artifact id: 'd1a7ef4e5280d98df02c62d5af0cf3a6') in 0.007098 seconds 
========================================================================
Received Import Request.
  Time since last request: 0.000019 seconds.
  path: Assets/Art/CrossHairs/Outline/crosshair053.png
  artifactKey: Guid(1504426973cca004d996c5c4fe4a35fe) Importer(815301076,1909f56bfc062723c751e8b465ee728b)
Start importing Assets/Art/CrossHairs/Outline/crosshair053.png using Guid(1504426973cca004d996c5c4fe4a35fe) Importer(815301076,1909f56bfc062723c751e8b465ee728b)  -> (artifact id: 'cc0db60caf4199489c5329d920b8faa1') in 0.007862 seconds 
========================================================================
Received Import Request.
  Time since last request: 0.000018 seconds.
  path: Assets/Art/free-guns-pixel-art/Assaut-rifle-2.png
  artifactKey: Guid(dc17375794456e84e9a76c395b2aef53) Importer(815301076,1909f56bfc062723c751e8b465ee728b)
Start importing Assets/Art/free-guns-pixel-art/Assaut-rifle-2.png using Guid(dc17375794456e84e9a76c395b2aef53) Importer(815301076,1909f56bfc062723c751e8b465ee728b)  -> (artifact id: 'af8e62af8eaa6a79e8cd744240228806') in 0.008335 seconds 
========================================================================
Received Import Request.
  Time since last request: 0.000018 seconds.
  path: Assets/Art/CrossHairs/Outline/crosshair001.png
  artifactKey: Guid(7a6f24c0a3e46004a87bff5d5b995059) Importer(815301076,1909f56bfc062723c751e8b465ee728b)
Start importing Assets/Art/CrossHairs/Outline/crosshair001.png using Guid(7a6f24c0a3e46004a87bff5d5b995059) Importer(815301076,1909f56bfc062723c751e8b465ee728b)  -> (artifact id: '27b47151c079f83ad74caf6b269f0dd2') in 0.007641 seconds 
========================================================================
Received Import Request.
  Time since last request: 0.000017 seconds.
  path: Assets/Art/CrossHairs/Outline/crosshair018.png
  artifactKey: Guid(81f030150019e9241bc1b63381194139) Importer(815301076,1909f56bfc062723c751e8b465ee728b)
Start importing Assets/Art/CrossHairs/Outline/crosshair018.png using Guid(81f030150019e9241bc1b63381194139) Importer(815301076,1909f56bfc062723c751e8b465ee728b)  -> (artifact id: 'ffe800fd89caee8881ddb9789c14957e') in 0.007143 seconds 
========================================================================
Received Import Request.
  Time since last request: 0.000024 seconds.
  path: Assets/Art/CrossHairs/Outline/crosshair031.png
  artifactKey: Guid(5f023de62a6c81f4bb4c6e5aa7f81084) Importer(815301076,1909f56bfc062723c751e8b465ee728b)
Start importing Assets/Art/CrossHairs/Outline/crosshair031.png using Guid(5f023de62a6c81f4bb4c6e5aa7f81084) Importer(815301076,1909f56bfc062723c751e8b465ee728b)  -> (artifact id: '97767f0455e70194928415c00a8b1f25') in 0.007639 seconds 
========================================================================
Received Import Request.
  Time since last request: 0.000020 seconds.
  path: Packages/com.unity.2d.animation/Editor/Assets/SkinningModule/Icons/Light/Bone_Influence@3x.png
  artifactKey: Guid(cee9dbe90b270c944ae1dabf41c93b10) Importer(815301076,1909f56bfc062723c751e8b465ee728b)
Start importing Packages/com.unity.2d.animation/Editor/Assets/SkinningModule/Icons/Light/Bone_Influence@3x.png using Guid(cee9dbe90b270c944ae1dabf41c93b10) Importer(815301076,1909f56bfc062723c751e8b465ee728b)  -> (artifact id: '12b08b1417e1eff8eb99c8b01e074b28') in 0.007358 seconds 
========================================================================
Received Import Request.
  Time since last request: 0.000016 seconds.
  path: Assets/Art/CrossHairs/Outline/crosshair052.png
  artifactKey: Guid(d634c96e71a1bfb47b02ec53b73c17c3) Importer(815301076,1909f56bfc062723c751e8b465ee728b)
Start importing Assets/Art/CrossHairs/Outline/crosshair052.png using Guid(d634c96e71a1bfb47b02ec53b73c17c3) Importer(815301076,1909f56bfc062723c751e8b465ee728b)  -> (artifact id: 'e06e35288d95cc15e72ff62b241f111d') in 0.008561 seconds 
========================================================================
Received Import Request.
  Time since last request: 0.000015 seconds.
  path: Packages/com.unity.2d.animation/Editor/Assets/SkinningModule/Icons/Selected/character_Mode.png
  artifactKey: Guid(e60718119cec31e4190849292fcde068) Importer(815301076,1909f56bfc062723c751e8b465ee728b)
Start importing Packages/com.unity.2d.animation/Editor/Assets/SkinningModule/Icons/Selected/character_Mode.png using Guid(e60718119cec31e4190849292fcde068) Importer(815301076,1909f56bfc062723c751e8b465ee728b)  -> (artifact id: '4a8bee7bbb298a09f337afd067c34cc3') in 0.008270 seconds 
========================================================================
Received Import Request.
  Time since last request: 0.000013 seconds.
  path: Assets/Art/CrossHairs/Outline/crosshair071.png
  artifactKey: Guid(4f6c7cb2e87cd264eb6b75e7cd831d67) Importer(815301076,1909f56bfc062723c751e8b465ee728b)
Start importing Assets/Art/CrossHairs/Outline/crosshair071.png using Guid(4f6c7cb2e87cd264eb6b75e7cd831d67) Importer(815301076,1909f56bfc062723c751e8b465ee728b)  -> (artifact id: 'a761b1479e4a1dbbdc738984e7bb9dba') in 0.007675 seconds 
========================================================================
Received Import Request.
  Time since last request: 0.000014 seconds.
  path: Assets/Art/Screen Overlay Effects/Bloody Debris Overlay V3.png
  artifactKey: Guid(d008da501ef71b94eaa428c3ef7b7937) Importer(815301076,1909f56bfc062723c751e8b465ee728b)
Start importing Assets/Art/Screen Overlay Effects/Bloody Debris Overlay V3.png using Guid(d008da501ef71b94eaa428c3ef7b7937) Importer(815301076,1909f56bfc062723c751e8b465ee728b)  -> (artifact id: '06b67b11f7caa991b78e778df3bee9b7') in 0.216742 seconds 
========================================================================
Received Import Request.
  Time since last request: 0.000016 seconds.
  path: Packages/com.unity.2d.animation/Editor/Assets/SkinningModule/Icons/Light/Bone@4x.png
  artifactKey: Guid(9125c204f566db048a92ebcb64d9d14a) Importer(815301076,1909f56bfc062723c751e8b465ee728b)
Start importing Packages/com.unity.2d.animation/Editor/Assets/SkinningModule/Icons/Light/Bone@4x.png using Guid(9125c204f566db048a92ebcb64d9d14a) Importer(815301076,1909f56bfc062723c751e8b465ee728b)  -> (artifact id: 'dd051584ed01428b11e9a1d4cf7c1078') in 0.007264 seconds 
========================================================================
Received Import Request.
  Time since last request: 0.000022 seconds.
  path: Packages/com.unity.collab-proxy/Editor/PlasticSCM/Assets/Images/buttonssosigninemail.png
  artifactKey: Guid(d24e7e0b75e1a244bb9687d6fd4315ef) Importer(815301076,1909f56bfc062723c751e8b465ee728b)
Start importing Packages/com.unity.collab-proxy/Editor/PlasticSCM/Assets/Images/buttonssosigninemail.png using Guid(d24e7e0b75e1a244bb9687d6fd4315ef) Importer(815301076,1909f56bfc062723c751e8b465ee728b)  -> (artifact id: 'cc14d437759a994ad0d7f9e1aa537230') in 0.045725 seconds 
========================================================================
Received Import Request.
  Time since last request: 0.000020 seconds.
  path: Packages/com.unity.2d.animation/Editor/Assets/SkinningModule/Icons/Light/Create_Vertex@3x.png
  artifactKey: Guid(66fa19194577350438c952106f661c2f) Importer(815301076,1909f56bfc062723c751e8b465ee728b)
Start importing Packages/com.unity.2d.animation/Editor/Assets/SkinningModule/Icons/Light/Create_Vertex@3x.png using Guid(66fa19194577350438c952106f661c2f) Importer(815301076,1909f56bfc062723c751e8b465ee728b)  -> (artifact id: 'f78d00fd843fc27ddceaa0cf15f81eed') in 0.007377 seconds 
========================================================================
Received Import Request.
  Time since last request: 0.000020 seconds.
  path: Assets/Art/Screen Overlay Effects/Bloody Debris Overlay.png
  artifactKey: Guid(0aa7632d55f662248926f7e8dad9c759) Importer(815301076,1909f56bfc062723c751e8b465ee728b)
Start importing Assets/Art/Screen Overlay Effects/Bloody Debris Overlay.png using Guid(0aa7632d55f662248926f7e8dad9c759) Importer(815301076,1909f56bfc062723c751e8b465ee728b)  -> (artifact id: '723fa6778412abeed89484a721ac31a6') in 0.130091 seconds 
========================================================================
Received Import Request.
  Time since last request: 0.000020 seconds.
  path: Assets/Art/CrossHairs/Outline/crosshair069.png
  artifactKey: Guid(0a379d3e5186e5c40be3c09b5edae7b5) Importer(815301076,1909f56bfc062723c751e8b465ee728b)
Start importing Assets/Art/CrossHairs/Outline/crosshair069.png using Guid(0a379d3e5186e5c40be3c09b5edae7b5) Importer(815301076,1909f56bfc062723c751e8b465ee728b)  -> (artifact id: '4055e10e829c42d84171867bccc4ce85') in 0.007172 seconds 
========================================================================
Received Import Request.
  Time since last request: 0.000022 seconds.
  path: Assets/Art/CrossHairs/Outline/crosshair033.png
  artifactKey: Guid(18ab612e723078b418ec5ed5d3e7b59e) Importer(815301076,1909f56bfc062723c751e8b465ee728b)
Start importing Assets/Art/CrossHairs/Outline/crosshair033.png using Guid(18ab612e723078b418ec5ed5d3e7b59e) Importer(815301076,1909f56bfc062723c751e8b465ee728b)  -> (artifact id: 'e58cc7f8466ef3b5e80639251c42725a') in 0.007025 seconds 
========================================================================
Received Import Request.
  Time since last request: 0.000019 seconds.
  path: Assets/Art/CrossHairs/Outline/crosshair066.png
  artifactKey: Guid(685d9d2cc099ac94785ed165de9ed32a) Importer(815301076,1909f56bfc062723c751e8b465ee728b)
Start importing Assets/Art/CrossHairs/Outline/crosshair066.png using Guid(685d9d2cc099ac94785ed165de9ed32a) Importer(815301076,1909f56bfc062723c751e8b465ee728b)  -> (artifact id: 'f37fe45100ec99215a86e6f2ebcbde6f') in 0.008195 seconds 
========================================================================
Received Import Request.
  Time since last request: 0.000015 seconds.
  path: Packages/com.unity.2d.animation/Editor/Assets/SkinningModule/Icons/Light/Bone_Influence@2x.png
  artifactKey: Guid(7395bf0bc3cc40e4ab2dda5ec6832261) Importer(815301076,1909f56bfc062723c751e8b465ee728b)
Start importing Packages/com.unity.2d.animation/Editor/Assets/SkinningModule/Icons/Light/Bone_Influence@2x.png using Guid(7395bf0bc3cc40e4ab2dda5ec6832261) Importer(815301076,1909f56bfc062723c751e8b465ee728b)  -> (artifact id: 'e3e362e6965219c66160d214888a3faf') in 0.008602 seconds 
========================================================================
Received Import Request.
  Time since last request: 0.000017 seconds.
  path: Assets/Art/free-guns-pixel-art/Amo6.png
  artifactKey: Guid(2cb6c28d1eea8ad4e9ae91c732506298) Importer(815301076,1909f56bfc062723c751e8b465ee728b)
Start importing Assets/Art/free-guns-pixel-art/Amo6.png using Guid(2cb6c28d1eea8ad4e9ae91c732506298) Importer(815301076,1909f56bfc062723c751e8b465ee728b)  -> (artifact id: 'b49a4d627c87019e807217ca5298b49f') in 0.037018 seconds 
========================================================================
Received Import Request.
  Time since last request: 0.000015 seconds.
  path: Packages/com.unity.2d.animation/Editor/Assets/SkinningModule/Icons/Selected/Create Bones@4x.png
  artifactKey: Guid(61ac40b257b3a994f841856ad38b2b6b) Importer(815301076,1909f56bfc062723c751e8b465ee728b)
Start importing Packages/com.unity.2d.animation/Editor/Assets/SkinningModule/Icons/Selected/Create Bones@4x.png using Guid(61ac40b257b3a994f841856ad38b2b6b) Importer(815301076,1909f56bfc062723c751e8b465ee728b)  -> (artifact id: '6d3277791bc4858ca3886a07e9fe64db') in 0.006867 seconds 
========================================================================
Received Import Request.
  Time since last request: 0.000017 seconds.
  path: Packages/com.unity.2d.animation/Editor/Assets/SkinningModule/Icons/Selected/Create Bones@3x.png
  artifactKey: Guid(7835bec40f86c2c4fb3f91a6eb3b7034) Importer(815301076,1909f56bfc062723c751e8b465ee728b)
Start importing Packages/com.unity.2d.animation/Editor/Assets/SkinningModule/Icons/Selected/Create Bones@3x.png using Guid(7835bec40f86c2c4fb3f91a6eb3b7034) Importer(815301076,1909f56bfc062723c751e8b465ee728b)  -> (artifact id: 'b49fac7036ec5f79b9e03b78ac64b4de') in 0.006978 seconds 
========================================================================
Received Import Request.
  Time since last request: 0.000015 seconds.
  path: Packages/com.unity.2d.animation/Editor/Assets/SkinningModule/Icons/Selected/Create Bones.png
  artifactKey: Guid(7b86a539750e1a44ca7ec5b7f690babd) Importer(815301076,1909f56bfc062723c751e8b465ee728b)
Start importing Packages/com.unity.2d.animation/Editor/Assets/SkinningModule/Icons/Selected/Create Bones.png using Guid(7b86a539750e1a44ca7ec5b7f690babd) Importer(815301076,1909f56bfc062723c751e8b465ee728b)  -> (artifact id: '3094aefa731ba79ced34ae93143ee2b3') in 0.058755 seconds 
========================================================================
Received Import Request.
  Time since last request: 0.000013 seconds.
  path: Assets/Art/CrossHairs/Outline/crosshair078.png
  artifactKey: Guid(5e45e845769dee8418a6770e83e29f97) Importer(815301076,1909f56bfc062723c751e8b465ee728b)
Start importing Assets/Art/CrossHairs/Outline/crosshair078.png using Guid(5e45e845769dee8418a6770e83e29f97) Importer(815301076,1909f56bfc062723c751e8b465ee728b)  -> (artifact id: '58bd9ed8e850f6dbf3efff56aa3aa003') in 0.007031 seconds 
========================================================================
Received Import Request.
  Time since last request: 0.000014 seconds.
  path: Assets/Art/CrossHairs/Outline/crosshair014.png
  artifactKey: Guid(e7f589422f8759b47868798223ec1bba) Importer(815301076,1909f56bfc062723c751e8b465ee728b)
Start importing Assets/Art/CrossHairs/Outline/crosshair014.png using Guid(e7f589422f8759b47868798223ec1bba) Importer(815301076,1909f56bfc062723c751e8b465ee728b)  -> (artifact id: 'e0b47abd03b0d8eb3877b24dd1e71821') in 0.007743 seconds 
========================================================================
Received Import Request.
  Time since last request: 0.000015 seconds.
  path: Assets/Art/free-guns-pixel-art/Amo5.png
  artifactKey: Guid(4e1fc806975a1e64ebe34b845bb62085) Importer(815301076,1909f56bfc062723c751e8b465ee728b)
Start importing Assets/Art/free-guns-pixel-art/Amo5.png using Guid(4e1fc806975a1e64ebe34b845bb62085) Importer(815301076,1909f56bfc062723c751e8b465ee728b)  -> (artifact id: 'f3f553d01f04bf50a11c3e1ade07ca64') in 0.007504 seconds 
========================================================================
Received Import Request.
  Time since last request: 0.000017 seconds.
  path: Assets/Art/CrossHairs/Outline/crosshair056.png
  artifactKey: Guid(63cbc65596b99d342b8e6d0066b0a2b8) Importer(815301076,1909f56bfc062723c751e8b465ee728b)
Start importing Assets/Art/CrossHairs/Outline/crosshair056.png using Guid(63cbc65596b99d342b8e6d0066b0a2b8) Importer(815301076,1909f56bfc062723c751e8b465ee728b)  -> (artifact id: 'db12fce2a7680a5cfcc95b86b3bf6303') in 0.007149 seconds 
========================================================================
Received Import Request.
  Time since last request: 0.000026 seconds.
  path: Assets/Art/CrossHairs/Outline/crosshair002.png
  artifactKey: Guid(d41b077a1ca9d1a499404b74941482d8) Importer(815301076,1909f56bfc062723c751e8b465ee728b)
Start importing Assets/Art/CrossHairs/Outline/crosshair002.png using Guid(d41b077a1ca9d1a499404b74941482d8) Importer(815301076,1909f56bfc062723c751e8b465ee728b)  -> (artifact id: '05f7067fb9f4879a8d277f777646353a') in 0.037811 seconds 
========================================================================
Received Import Request.
  Time since last request: 0.000016 seconds.
  path: Assets/Art/CrossHairs/Outline/crosshair039.png
  artifactKey: Guid(5b39c71e2c9d1a54fb1f691cdcf3f61f) Importer(815301076,1909f56bfc062723c751e8b465ee728b)
Start importing Assets/Art/CrossHairs/Outline/crosshair039.png using Guid(5b39c71e2c9d1a54fb1f691cdcf3f61f) Importer(815301076,1909f56bfc062723c751e8b465ee728b)  -> (artifact id: 'a8e7da91e5e3b4348350ee56956355a6') in 0.007915 seconds 
========================================================================
Received Import Request.
  Time since last request: 0.000015 seconds.
  path: Assets/Art/Screen Overlay Effects/blurry Blood Overlay V3.png
  artifactKey: Guid(2d7792dea7ac702459d3025272b4d73c) Importer(815301076,1909f56bfc062723c751e8b465ee728b)
Start importing Assets/Art/Screen Overlay Effects/blurry Blood Overlay V3.png using Guid(2d7792dea7ac702459d3025272b4d73c) Importer(815301076,1909f56bfc062723c751e8b465ee728b)  -> (artifact id: '141b0bc01b741619b3307dedc1ff1080') in 0.131066 seconds 
========================================================================
Received Import Request.
  Time since last request: 0.000015 seconds.
  path: Assets/Art/CrossHairs/Outline/crosshair013.png
  artifactKey: Guid(5e3f1c39fef963b4b898b74a4d0c519f) Importer(815301076,1909f56bfc062723c751e8b465ee728b)
Start importing Assets/Art/CrossHairs/Outline/crosshair013.png using Guid(5e3f1c39fef963b4b898b74a4d0c519f) Importer(815301076,1909f56bfc062723c751e8b465ee728b)  -> (artifact id: 'b9305fa2bc7b7504786a5c6ed499502d') in 0.045387 seconds 
========================================================================
Received Import Request.
  Time since last request: 0.000017 seconds.
  path: Packages/com.unity.2d.animation/Editor/Assets/SkinningModule/Icons/Light/Bone_Influence@4x.png
  artifactKey: Guid(c7aa62ae78ffca0498c89e5f45f94c0e) Importer(815301076,1909f56bfc062723c751e8b465ee728b)
Start importing Packages/com.unity.2d.animation/Editor/Assets/SkinningModule/Icons/Light/Bone_Influence@4x.png using Guid(c7aa62ae78ffca0498c89e5f45f94c0e) Importer(815301076,1909f56bfc062723c751e8b465ee728b)  -> (artifact id: '55bbe5a0025f30d6e9093f9dc84ad937') in 0.007019 seconds 
========================================================================
Received Import Request.
  Time since last request: 0.000024 seconds.
  path: Assets/Art/CrossHairs/Outline/crosshair077.png
  artifactKey: Guid(2df1db442176095459dbb2eb500160fd) Importer(815301076,1909f56bfc062723c751e8b465ee728b)
Start importing Assets/Art/CrossHairs/Outline/crosshair077.png using Guid(2df1db442176095459dbb2eb500160fd) Importer(815301076,1909f56bfc062723c751e8b465ee728b)  -> (artifact id: '1bb4bc8a47075edaba3fe855ffa6ce63') in 0.007930 seconds 
========================================================================
Received Import Request.
  Time since last request: 0.000015 seconds.
  path: Assets/Art/Screen Overlay Effects/Blood Cloud Blood Overlay V2.png
  artifactKey: Guid(366c0a4163838174b86c3cc888dcbb15) Importer(815301076,1909f56bfc062723c751e8b465ee728b)
Start importing Assets/Art/Screen Overlay Effects/Blood Cloud Blood Overlay V2.png using Guid(366c0a4163838174b86c3cc888dcbb15) Importer(815301076,1909f56bfc062723c751e8b465ee728b)  -> (artifact id: '33fff003cd321520575fa0ba0254b4be') in 0.162766 seconds 
========================================================================
Received Import Request.
  Time since last request: 0.000016 seconds.
  path: Assets/Art/CrossHairs/Outline/crosshair037.png
  artifactKey: Guid(bc2b4ba455167bb44a6b6829b5238340) Importer(815301076,1909f56bfc062723c751e8b465ee728b)
Start importing Assets/Art/CrossHairs/Outline/crosshair037.png using Guid(bc2b4ba455167bb44a6b6829b5238340) Importer(815301076,1909f56bfc062723c751e8b465ee728b)  -> (artifact id: '140e394e04d600c2400595d78f7f416c') in 0.007643 seconds 
========================================================================
Received Import Request.
  Time since last request: 0.000023 seconds.
  path: Packages/com.unity.2d.animation/Editor/Assets/SkinningModule/Icons/Selected/Create_Vertex.png
  artifactKey: Guid(e7ddb9213511d984f8b951a7c913d83a) Importer(815301076,1909f56bfc062723c751e8b465ee728b)
Start importing Packages/com.unity.2d.animation/Editor/Assets/SkinningModule/Icons/Selected/Create_Vertex.png using Guid(e7ddb9213511d984f8b951a7c913d83a) Importer(815301076,1909f56bfc062723c751e8b465ee728b)  -> (artifact id: '9d5322570f3c37952db682904a4b7b6c') in 0.034082 seconds 
========================================================================
Received Import Request.
  Time since last request: 0.000018 seconds.
  path: Assets/Art/CrossHairs/Outline/crosshair042.png
  artifactKey: Guid(e79f9d2d67af3e844bac0fd374a267e9) Importer(815301076,1909f56bfc062723c751e8b465ee728b)
Start importing Assets/Art/CrossHairs/Outline/crosshair042.png using Guid(e79f9d2d67af3e844bac0fd374a267e9) Importer(815301076,1909f56bfc062723c751e8b465ee728b)  -> (artifact id: 'f62096ad732662bcfa36fcbb2881ebf1') in 0.008440 seconds 
========================================================================
Received Import Request.
  Time since last request: 0.000028 seconds.
  path: Assets/Art/CrossHairs/Outline/crosshair068.png
  artifactKey: Guid(243cc29cc0a9013499e0981d5853647a) Importer(815301076,1909f56bfc062723c751e8b465ee728b)
Start importing Assets/Art/CrossHairs/Outline/crosshair068.png using Guid(243cc29cc0a9013499e0981d5853647a) Importer(815301076,1909f56bfc062723c751e8b465ee728b)  -> (artifact id: '32893555a95ad47d58b2d2511d7f2c1a') in 0.036048 seconds 
========================================================================
Received Import Request.
  Time since last request: 0.000019 seconds.
  path: Packages/com.unity.2d.animation/Editor/Assets/SkinningModule/Icons/Selected/Copy@3x.png
  artifactKey: Guid(bb51334c6930f864abac38001f7bdf6e) Importer(815301076,1909f56bfc062723c751e8b465ee728b)
Start importing Packages/com.unity.2d.animation/Editor/Assets/SkinningModule/Icons/Selected/Copy@3x.png using Guid(bb51334c6930f864abac38001f7bdf6e) Importer(815301076,1909f56bfc062723c751e8b465ee728b)  -> (artifact id: 'd41a341107870f56613ce1f857b2bdf5') in 0.007952 seconds 
========================================================================
Received Import Request.
  Time since last request: 0.000017 seconds.
  path: Assets/Art/Screen Overlay Effects/blurry Blood Smear Overlay V2.png
  artifactKey: Guid(b37fda22b09773a4788c75960d57355c) Importer(815301076,1909f56bfc062723c751e8b465ee728b)
Start importing Assets/Art/Screen Overlay Effects/blurry Blood Smear Overlay V2.png using Guid(b37fda22b09773a4788c75960d57355c) Importer(815301076,1909f56bfc062723c751e8b465ee728b)  -> (artifact id: '652714a591ea36b33966a5fd1396d5c3') in 0.114792 seconds 
========================================================================
Received Import Request.
  Time since last request: 0.000014 seconds.
  path: Packages/com.unity.2d.animation/Editor/Assets/SkinningModule/Icons/Light/Create Bones@4x.png
  artifactKey: Guid(f618c5fe13b18994aa5aee8b97d8dca1) Importer(815301076,1909f56bfc062723c751e8b465ee728b)
Start importing Packages/com.unity.2d.animation/Editor/Assets/SkinningModule/Icons/Light/Create Bones@4x.png using Guid(f618c5fe13b18994aa5aee8b97d8dca1) Importer(815301076,1909f56bfc062723c751e8b465ee728b)  -> (artifact id: '74a595945ae82ce4a785c9990620ecb3') in 0.008090 seconds 
========================================================================
Received Import Request.
  Time since last request: 0.000016 seconds.
  path: Assets/Art/CrossHairs/Outline/crosshair015.png
  artifactKey: Guid(2e1be7061ce880d458d56f5ff2fca0b7) Importer(815301076,1909f56bfc062723c751e8b465ee728b)
Start importing Assets/Art/CrossHairs/Outline/crosshair015.png using Guid(2e1be7061ce880d458d56f5ff2fca0b7) Importer(815301076,1909f56bfc062723c751e8b465ee728b)  -> (artifact id: 'dff524c977cf0b9114f09e74032893ed') in 0.007721 seconds 
========================================================================
Received Import Request.
  Time since last request: 0.000013 seconds.
  path: Assets/Art/CrossHairs/Outline/crosshair064.png
  artifactKey: Guid(7ba9d8a2c5d339c4b81cb377d4595737) Importer(815301076,1909f56bfc062723c751e8b465ee728b)
Start importing Assets/Art/CrossHairs/Outline/crosshair064.png using Guid(7ba9d8a2c5d339c4b81cb377d4595737) Importer(815301076,1909f56bfc062723c751e8b465ee728b)  -> (artifact id: 'b52cbbda3d33d783242d6fe565e9b3e1') in 0.008121 seconds 
========================================================================
Received Import Request.
  Time since last request: 0.000015 seconds.
  path: Assets/Art/CrossHairs/Outline/crosshair046.png
  artifactKey: Guid(e908e23a6a6fcf34c96da22cc2d50001) Importer(815301076,1909f56bfc062723c751e8b465ee728b)
Start importing Assets/Art/CrossHairs/Outline/crosshair046.png using Guid(e908e23a6a6fcf34c96da22cc2d50001) Importer(815301076,1909f56bfc062723c751e8b465ee728b)  -> (artifact id: '2d69ef8674591ecc156ae2649ab635a7') in 0.011016 seconds 
========================================================================
Received Import Request.
  Time since last request: 0.000024 seconds.
  path: Packages/com.unity.2d.animation/Editor/Assets/SkinningModule/Icons/Light/Create_Edge@2x.png
  artifactKey: Guid(3b4e88f5705085042a95960cdcef2561) Importer(815301076,1909f56bfc062723c751e8b465ee728b)
Start importing Packages/com.unity.2d.animation/Editor/Assets/SkinningModule/Icons/Light/Create_Edge@2x.png using Guid(3b4e88f5705085042a95960cdcef2561) Importer(815301076,1909f56bfc062723c751e8b465ee728b)  -> (artifact id: '69300e6ea9ef7b8504cc2d4eece74eee') in 0.007212 seconds 
========================================================================
Received Import Request.
  Time since last request: 0.000016 seconds.
  path: Assets/Art/CrossHairs/Outline/crosshair004.png
  artifactKey: Guid(93e67d63fab461b4a9329ddf4643b4ba) Importer(815301076,1909f56bfc062723c751e8b465ee728b)
Start importing Assets/Art/CrossHairs/Outline/crosshair004.png using Guid(93e67d63fab461b4a9329ddf4643b4ba) Importer(815301076,1909f56bfc062723c751e8b465ee728b)  -> (artifact id: '75d2e48313afbf3224a853b3ad8ef5cd') in 0.021067 seconds 
========================================================================
Received Import Request.
  Time since last request: 0.000015 seconds.
  path: Assets/Art/CrossHairs/Outline/crosshair009.png
  artifactKey: Guid(3a7793265d0622441a9b860880f6e879) Importer(815301076,1909f56bfc062723c751e8b465ee728b)
Start importing Assets/Art/CrossHairs/Outline/crosshair009.png using Guid(3a7793265d0622441a9b860880f6e879) Importer(815301076,1909f56bfc062723c751e8b465ee728b)  -> (artifact id: '8cc11d3adadaa0fb79a6250ee912e019') in 0.009486 seconds 
========================================================================
Received Import Request.
  Time since last request: 0.000016 seconds.
  path: Assets/Art/CrossHairs/Outline/crosshair043.png
  artifactKey: Guid(714b26416b4a90f4eaee14cdcf5e5b06) Importer(815301076,1909f56bfc062723c751e8b465ee728b)
Start importing Assets/Art/CrossHairs/Outline/crosshair043.png using Guid(714b26416b4a90f4eaee14cdcf5e5b06) Importer(815301076,1909f56bfc062723c751e8b465ee728b)  -> (artifact id: 'cdaf8ca13d1314840a318aee07b961a7') in 0.006696 seconds 
========================================================================
Received Import Request.
  Time since last request: 0.000022 seconds.
  path: Packages/com.unity.2d.animation/Editor/Assets/SkinningModule/Icons/Selected/Create_Edge@4x.png
  artifactKey: Guid(3458c119c69e9bc4f9647599c2901dee) Importer(815301076,1909f56bfc062723c751e8b465ee728b)
Start importing Packages/com.unity.2d.animation/Editor/Assets/SkinningModule/Icons/Selected/Create_Edge@4x.png using Guid(3458c119c69e9bc4f9647599c2901dee) Importer(815301076,1909f56bfc062723c751e8b465ee728b)  -> (artifact id: '596f5ce33746711a2eb967d6c6350c54') in 0.007029 seconds 
========================================================================
Received Import Request.
  Time since last request: 0.000018 seconds.
  path: Assets/Art/CrossHairs/Outline/crosshair063.png
  artifactKey: Guid(6a4bfdf6959854a4b8e772ae4d8e4573) Importer(815301076,1909f56bfc062723c751e8b465ee728b)
Start importing Assets/Art/CrossHairs/Outline/crosshair063.png using Guid(6a4bfdf6959854a4b8e772ae4d8e4573) Importer(815301076,1909f56bfc062723c751e8b465ee728b)  -> (artifact id: 'babc26c023a557527838fbe0b01a21eb') in 0.039822 seconds 
========================================================================
Received Import Request.
  Time since last request: 0.000015 seconds.
  path: Packages/com.unity.collab-proxy/Editor/PlasticSCM/Assets/Images/buttonssosigningoogle.png
  artifactKey: Guid(f09eae8c0ea04254b90c5386a034a225) Importer(815301076,1909f56bfc062723c751e8b465ee728b)
Start importing Packages/com.unity.collab-proxy/Editor/PlasticSCM/Assets/Images/buttonssosigningoogle.png using Guid(f09eae8c0ea04254b90c5386a034a225) Importer(815301076,1909f56bfc062723c751e8b465ee728b)  -> (artifact id: '0a0a22225221209166d64062091899ac') in 0.007378 seconds 
========================================================================
Received Import Request.
  Time since last request: 0.000015 seconds.
  path: Assets/Art/free-guns-pixel-art/Amo4.png
  artifactKey: Guid(64617b3089d746748b6d48192e217529) Importer(815301076,1909f56bfc062723c751e8b465ee728b)
Start importing Assets/Art/free-guns-pixel-art/Amo4.png using Guid(64617b3089d746748b6d48192e217529) Importer(815301076,1909f56bfc062723c751e8b465ee728b)  -> (artifact id: '46fe134c674d03b98c3bbcebadc12664') in 0.007786 seconds 
========================================================================
Received Import Request.
  Time since last request: 0.000020 seconds.
  path: Assets/Art/CrossHairs/Outline/crosshair025.png
  artifactKey: Guid(6b35834b9397b3c468a9774421d06bb6) Importer(815301076,1909f56bfc062723c751e8b465ee728b)
Start importing Assets/Art/CrossHairs/Outline/crosshair025.png using Guid(6b35834b9397b3c468a9774421d06bb6) Importer(815301076,1909f56bfc062723c751e8b465ee728b)  -> (artifact id: '8c5061252c65ceacff7d9b10da4be1ac') in 0.006937 seconds 
========================================================================
Received Prepare
Registering precompiled user dll's ...
Registered in 0.004744 seconds.
Begin MonoManager ReloadAssembly
Symbol file LoadedFromMemory doesn't match image D:\_UNITY_\Projects\_PRIORITY_\2DTopShooter\2DTopShooter\Library\PackageCache\com.unity.visualscripting@1.8.0\Editor\VisualScripting.Core\Dependencies\YamlDotNet\Unity.VisualScripting.YamlDotNet.dll
Symbol file LoadedFromMemory doesn't match image D:\_UNITY_\Projects\_PRIORITY_\2DTopShooter\2DTopShooter\Library\PackageCache\com.unity.visualscripting@1.8.0\Editor\VisualScripting.Core\Dependencies\DotNetZip\Unity.VisualScripting.IonicZip.dll
Native extension for WindowsStandalone target not found
Refreshing native plugins compatible for Editor in 0.64 ms, found 4 plugins.
Preloading 0 native plugins for Editor in 0.00 ms.
Mono: successfully reloaded assembly
- Completed reload, in  0.816 seconds
Domain Reload Profiling:
	ReloadAssembly (816ms)
		BeginReloadAssembly (115ms)
			ExecutionOrderSort (0ms)
			DisableScriptedObjects (6ms)
			BackupInstance (0ms)
			ReleaseScriptingObjects (0ms)
			CreateAndSetChildDomain (33ms)
		EndReloadAssembly (622ms)
			LoadAssemblies (74ms)
			RebuildTransferFunctionScriptingTraits (0ms)
			SetupTypeCache (193ms)
			ReleaseScriptCaches (1ms)
			RebuildScriptCaches (42ms)
			SetupLoadedEditorAssemblies (279ms)
				LogAssemblyErrors (0ms)
				InitializePlatformSupportModulesInManaged (9ms)
				SetLoadedEditorAssemblies (0ms)
				RefreshPlugins (1ms)
				BeforeProcessingInitializeOnLoad (56ms)
				ProcessInitializeOnLoadAttributes (181ms)
				ProcessInitializeOnLoadMethodAttributes (29ms)
				AfterProcessingInitializeOnLoad (2ms)
				EditorAssembliesLoaded (0ms)
			ExecutionOrderSort2 (0ms)
			AwakeInstancesAfterBackupRestoration (7ms)
Platform modules already initialized, skipping
Refreshing native plugins compatible for Editor in 1.81 ms, found 4 plugins.
Preloading 0 native plugins for Editor in 0.00 ms.
Unloading 3775 Unused Serialized files (Serialized files now loaded: 0)
Unloading 22 unused Assets / (24.6 KB). Loaded Objects now: 4302.
Memory consumption went from 148.7 MB to 148.7 MB.
Total: 2.772049 ms (FindLiveObjects: 0.275569 ms CreateObjectMapping: 0.194085 ms MarkObjects: 2.282826 ms  DeleteObjects: 0.018607 ms)

AssetImportParameters requested are different than current active one (requested -> active):
  custom:video-decoder-ogg-theora: a1e56fd34408186e4bbccfd4996cb3dc -> 
  custom:container-muxer-webm: aa71ff27fc2769a1b78a27578f13a17b -> 
  custom:container-demuxer-webm: 4f35f7cbe854078d1ac9338744f61a02 -> 
  custom:video-encoder-webm-vp8: eb34c28f22e8b96e1ab97ce403110664 -> 
  custom:video-codec-MediaFoundation-h265: 55f8c8538cf0483ab7069ead6b737db2 -> 
  custom:audio-encoder-webm-vorbis: bf7c407c2cedff20999df2af8eb42d56 -> 
  custom:framework-win-MediaFoundation: 216162199b28c13a410421893ffa2e32 -> 
  custom:container-demuxer-ogg: 62fdf1f143b41e24485cea50d1cbac27 -> 
  custom:video-decoder-webm-vp8: 9c59270c3fd7afecdb556c50c9e8de78 -> 
  custom:audio-decoder-ogg-vorbis: bf7c407c2cedff20999df2af8eb42d56 -> 
========================================================================
Received Prepare
Registering precompiled user dll's ...
Registered in 0.004205 seconds.
Begin MonoManager ReloadAssembly
Symbol file LoadedFromMemory doesn't match image D:\_UNITY_\Projects\_PRIORITY_\2DTopShooter\2DTopShooter\Library\PackageCache\com.unity.visualscripting@1.8.0\Editor\VisualScripting.Core\Dependencies\YamlDotNet\Unity.VisualScripting.YamlDotNet.dll
Symbol file LoadedFromMemory doesn't match image D:\_UNITY_\Projects\_PRIORITY_\2DTopShooter\2DTopShooter\Library\PackageCache\com.unity.visualscripting@1.8.0\Editor\VisualScripting.Core\Dependencies\DotNetZip\Unity.VisualScripting.IonicZip.dll
Native extension for WindowsStandalone target not found
Refreshing native plugins compatible for Editor in 0.62 ms, found 4 plugins.
Preloading 0 native plugins for Editor in 0.00 ms.
Mono: successfully reloaded assembly
- Completed reload, in  0.831 seconds
Domain Reload Profiling:
	ReloadAssembly (832ms)
		BeginReloadAssembly (113ms)
			ExecutionOrderSort (0ms)
			DisableScriptedObjects (7ms)
			BackupInstance (0ms)
			ReleaseScriptingObjects (0ms)
			CreateAndSetChildDomain (31ms)
		EndReloadAssembly (638ms)
			LoadAssemblies (76ms)
			RebuildTransferFunctionScriptingTraits (0ms)
			SetupTypeCache (198ms)
			ReleaseScriptCaches (1ms)
			RebuildScriptCaches (41ms)
			SetupLoadedEditorAssemblies (287ms)
				LogAssemblyErrors (0ms)
				InitializePlatformSupportModulesInManaged (10ms)
				SetLoadedEditorAssemblies (0ms)
				RefreshPlugins (1ms)
				BeforeProcessingInitializeOnLoad (57ms)
				ProcessInitializeOnLoadAttributes (186ms)
				ProcessInitializeOnLoadMethodAttributes (31ms)
				AfterProcessingInitializeOnLoad (2ms)
				EditorAssembliesLoaded (0ms)
			ExecutionOrderSort2 (0ms)
			AwakeInstancesAfterBackupRestoration (8ms)
Platform modules already initialized, skipping
Refreshing native plugins compatible for Editor in 1.72 ms, found 4 plugins.
Preloading 0 native plugins for Editor in 0.00 ms.
Unloading 3775 Unused Serialized files (Serialized files now loaded: 0)
Unloading 22 unused Assets / (24.7 KB). Loaded Objects now: 4305.
Memory consumption went from 148.7 MB to 148.7 MB.
Total: 2.646615 ms (FindLiveObjects: 0.272682 ms CreateObjectMapping: 0.175479 ms MarkObjects: 2.179849 ms  DeleteObjects: 0.017965 ms)

AssetImportParameters requested are different than current active one (requested -> active):
  custom:video-decoder-ogg-theora: a1e56fd34408186e4bbccfd4996cb3dc -> 
  custom:container-muxer-webm: aa71ff27fc2769a1b78a27578f13a17b -> 
  custom:container-demuxer-webm: 4f35f7cbe854078d1ac9338744f61a02 -> 
  custom:video-encoder-webm-vp8: eb34c28f22e8b96e1ab97ce403110664 -> 
  custom:video-codec-MediaFoundation-h265: 55f8c8538cf0483ab7069ead6b737db2 -> 
  custom:audio-encoder-webm-vorbis: bf7c407c2cedff20999df2af8eb42d56 -> 
  custom:framework-win-MediaFoundation: 216162199b28c13a410421893ffa2e32 -> 
  custom:container-demuxer-ogg: 62fdf1f143b41e24485cea50d1cbac27 -> 
  custom:video-decoder-webm-vp8: 9c59270c3fd7afecdb556c50c9e8de78 -> 
  custom:audio-decoder-ogg-vorbis: bf7c407c2cedff20999df2af8eb42d56 -> 
========================================================================
Received Prepare
Registering precompiled user dll's ...
Registered in 0.004972 seconds.
Begin MonoManager ReloadAssembly
Symbol file LoadedFromMemory doesn't match image D:\_UNITY_\Projects\_PRIORITY_\2DTopShooter\2DTopShooter\Library\PackageCache\com.unity.visualscripting@1.8.0\Editor\VisualScripting.Core\Dependencies\YamlDotNet\Unity.VisualScripting.YamlDotNet.dll
Symbol file LoadedFromMemory doesn't match image D:\_UNITY_\Projects\_PRIORITY_\2DTopShooter\2DTopShooter\Library\PackageCache\com.unity.visualscripting@1.8.0\Editor\VisualScripting.Core\Dependencies\DotNetZip\Unity.VisualScripting.IonicZip.dll
Native extension for WindowsStandalone target not found
Refreshing native plugins compatible for Editor in 0.62 ms, found 4 plugins.
Preloading 0 native plugins for Editor in 0.00 ms.
Mono: successfully reloaded assembly
- Completed reload, in  0.897 seconds
Domain Reload Profiling:
	ReloadAssembly (897ms)
		BeginReloadAssembly (115ms)
			ExecutionOrderSort (0ms)
			DisableScriptedObjects (7ms)
			BackupInstance (0ms)
			ReleaseScriptingObjects (0ms)
			CreateAndSetChildDomain (29ms)
		EndReloadAssembly (702ms)
			LoadAssemblies (81ms)
			RebuildTransferFunctionScriptingTraits (0ms)
			SetupTypeCache (217ms)
			ReleaseScriptCaches (1ms)
			RebuildScriptCaches (43ms)
			SetupLoadedEditorAssemblies (326ms)
				LogAssemblyErrors (0ms)
				InitializePlatformSupportModulesInManaged (10ms)
				SetLoadedEditorAssemblies (0ms)
				RefreshPlugins (1ms)
				BeforeProcessingInitializeOnLoad (57ms)
				ProcessInitializeOnLoadAttributes (225ms)
				ProcessInitializeOnLoadMethodAttributes (31ms)
				AfterProcessingInitializeOnLoad (2ms)
				EditorAssembliesLoaded (0ms)
			ExecutionOrderSort2 (0ms)
			AwakeInstancesAfterBackupRestoration (8ms)
Platform modules already initialized, skipping
Refreshing native plugins compatible for Editor in 1.97 ms, found 4 plugins.
Preloading 0 native plugins for Editor in 0.00 ms.
Unloading 3775 Unused Serialized files (Serialized files now loaded: 0)
Unloading 22 unused Assets / (24.7 KB). Loaded Objects now: 4308.
Memory consumption went from 148.7 MB to 148.7 MB.
Total: 2.565132 ms (FindLiveObjects: 0.288080 ms CreateObjectMapping: 0.205313 ms MarkObjects: 2.050245 ms  DeleteObjects: 0.020531 ms)

AssetImportParameters requested are different than current active one (requested -> active):
  custom:video-decoder-ogg-theora: a1e56fd34408186e4bbccfd4996cb3dc -> 
  custom:container-muxer-webm: aa71ff27fc2769a1b78a27578f13a17b -> 
  custom:container-demuxer-webm: 4f35f7cbe854078d1ac9338744f61a02 -> 
  custom:video-encoder-webm-vp8: eb34c28f22e8b96e1ab97ce403110664 -> 
  custom:video-codec-MediaFoundation-h265: 55f8c8538cf0483ab7069ead6b737db2 -> 
  custom:audio-encoder-webm-vorbis: bf7c407c2cedff20999df2af8eb42d56 -> 
  custom:framework-win-MediaFoundation: 216162199b28c13a410421893ffa2e32 -> 
  custom:container-demuxer-ogg: 62fdf1f143b41e24485cea50d1cbac27 -> 
  custom:video-decoder-webm-vp8: 9c59270c3fd7afecdb556c50c9e8de78 -> 
  custom:audio-decoder-ogg-vorbis: bf7c407c2cedff20999df2af8eb42d56 -> 
========================================================================
Received Prepare
Registering precompiled user dll's ...
Registered in 0.004435 seconds.
Begin MonoManager ReloadAssembly
Symbol file LoadedFromMemory doesn't match image D:\_UNITY_\Projects\_PRIORITY_\2DTopShooter\2DTopShooter\Library\PackageCache\com.unity.visualscripting@1.8.0\Editor\VisualScripting.Core\Dependencies\YamlDotNet\Unity.VisualScripting.YamlDotNet.dll
Symbol file LoadedFromMemory doesn't match image D:\_UNITY_\Projects\_PRIORITY_\2DTopShooter\2DTopShooter\Library\PackageCache\com.unity.visualscripting@1.8.0\Editor\VisualScripting.Core\Dependencies\DotNetZip\Unity.VisualScripting.IonicZip.dll
Native extension for WindowsStandalone target not found
Refreshing native plugins compatible for Editor in 0.62 ms, found 4 plugins.
Preloading 0 native plugins for Editor in 0.00 ms.
Mono: successfully reloaded assembly
- Completed reload, in  0.855 seconds
Domain Reload Profiling:
	ReloadAssembly (855ms)
		BeginReloadAssembly (120ms)
			ExecutionOrderSort (0ms)
			DisableScriptedObjects (7ms)
			BackupInstance (0ms)
			ReleaseScriptingObjects (0ms)
			CreateAndSetChildDomain (34ms)
		EndReloadAssembly (649ms)
			LoadAssemblies (80ms)
			RebuildTransferFunctionScriptingTraits (0ms)
			SetupTypeCache (197ms)
			ReleaseScriptCaches (1ms)
			RebuildScriptCaches (40ms)
			SetupLoadedEditorAssemblies (298ms)
				LogAssemblyErrors (0ms)
				InitializePlatformSupportModulesInManaged (10ms)
				SetLoadedEditorAssemblies (0ms)
				RefreshPlugins (1ms)
				BeforeProcessingInitializeOnLoad (55ms)
				ProcessInitializeOnLoadAttributes (195ms)
				ProcessInitializeOnLoadMethodAttributes (35ms)
				AfterProcessingInitializeOnLoad (2ms)
				EditorAssembliesLoaded (0ms)
			ExecutionOrderSort2 (0ms)
			AwakeInstancesAfterBackupRestoration (7ms)
Platform modules already initialized, skipping
Refreshing native plugins compatible for Editor in 1.79 ms, found 4 plugins.
Preloading 0 native plugins for Editor in 0.00 ms.
Unloading 3775 Unused Serialized files (Serialized files now loaded: 0)
Unloading 22 unused Assets / (24.7 KB). Loaded Objects now: 4311.
Memory consumption went from 148.8 MB to 148.7 MB.
Total: 2.959076 ms (FindLiveObjects: 0.279098 ms CreateObjectMapping: 0.196010 ms MarkObjects: 2.462475 ms  DeleteObjects: 0.020852 ms)

AssetImportParameters requested are different than current active one (requested -> active):
  custom:video-decoder-ogg-theora: a1e56fd34408186e4bbccfd4996cb3dc -> 
  custom:container-muxer-webm: aa71ff27fc2769a1b78a27578f13a17b -> 
  custom:container-demuxer-webm: 4f35f7cbe854078d1ac9338744f61a02 -> 
  custom:video-encoder-webm-vp8: eb34c28f22e8b96e1ab97ce403110664 -> 
  custom:video-codec-MediaFoundation-h265: 55f8c8538cf0483ab7069ead6b737db2 -> 
  custom:audio-encoder-webm-vorbis: bf7c407c2cedff20999df2af8eb42d56 -> 
  custom:framework-win-MediaFoundation: 216162199b28c13a410421893ffa2e32 -> 
  custom:container-demuxer-ogg: 62fdf1f143b41e24485cea50d1cbac27 -> 
  custom:video-decoder-webm-vp8: 9c59270c3fd7afecdb556c50c9e8de78 -> 
  custom:audio-decoder-ogg-vorbis: bf7c407c2cedff20999df2af8eb42d56 -> 
========================================================================
Received Prepare
Registering precompiled user dll's ...
Registered in 0.004304 seconds.
Begin MonoManager ReloadAssembly
Symbol file LoadedFromMemory doesn't match image D:\_UNITY_\Projects\_PRIORITY_\2DTopShooter\2DTopShooter\Library\PackageCache\com.unity.visualscripting@1.8.0\Editor\VisualScripting.Core\Dependencies\YamlDotNet\Unity.VisualScripting.YamlDotNet.dll
Symbol file LoadedFromMemory doesn't match image D:\_UNITY_\Projects\_PRIORITY_\2DTopShooter\2DTopShooter\Library\PackageCache\com.unity.visualscripting@1.8.0\Editor\VisualScripting.Core\Dependencies\DotNetZip\Unity.VisualScripting.IonicZip.dll
Native extension for WindowsStandalone target not found
Refreshing native plugins compatible for Editor in 0.64 ms, found 4 plugins.
Preloading 0 native plugins for Editor in 0.00 ms.
Mono: successfully reloaded assembly
- Completed reload, in  0.882 seconds
Domain Reload Profiling:
	ReloadAssembly (882ms)
		BeginReloadAssembly (121ms)
			ExecutionOrderSort (0ms)
			DisableScriptedObjects (7ms)
			BackupInstance (0ms)
			ReleaseScriptingObjects (0ms)
			CreateAndSetChildDomain (34ms)
		EndReloadAssembly (677ms)
			LoadAssemblies (75ms)
			RebuildTransferFunctionScriptingTraits (0ms)
			SetupTypeCache (215ms)
			ReleaseScriptCaches (1ms)
			RebuildScriptCaches (43ms)
			SetupLoadedEditorAssemblies (309ms)
				LogAssemblyErrors (0ms)
				InitializePlatformSupportModulesInManaged (10ms)
				SetLoadedEditorAssemblies (0ms)
				RefreshPlugins (1ms)
				BeforeProcessingInitializeOnLoad (56ms)
				ProcessInitializeOnLoadAttributes (205ms)
				ProcessInitializeOnLoadMethodAttributes (34ms)
				AfterProcessingInitializeOnLoad (2ms)
				EditorAssembliesLoaded (0ms)
			ExecutionOrderSort2 (0ms)
			AwakeInstancesAfterBackupRestoration (8ms)
Platform modules already initialized, skipping
Refreshing native plugins compatible for Editor in 1.73 ms, found 4 plugins.
Preloading 0 native plugins for Editor in 0.00 ms.
Unloading 3775 Unused Serialized files (Serialized files now loaded: 0)
Unloading 22 unused Assets / (24.7 KB). Loaded Objects now: 4314.
Memory consumption went from 148.8 MB to 148.7 MB.
Total: 2.830114 ms (FindLiveObjects: 0.277494 ms CreateObjectMapping: 0.194085 ms MarkObjects: 2.335437 ms  DeleteObjects: 0.022777 ms)

AssetImportParameters requested are different than current active one (requested -> active):
  custom:video-decoder-ogg-theora: a1e56fd34408186e4bbccfd4996cb3dc -> 
  custom:container-muxer-webm: aa71ff27fc2769a1b78a27578f13a17b -> 
  custom:container-demuxer-webm: 4f35f7cbe854078d1ac9338744f61a02 -> 
  custom:video-encoder-webm-vp8: eb34c28f22e8b96e1ab97ce403110664 -> 
  custom:video-codec-MediaFoundation-h265: 55f8c8538cf0483ab7069ead6b737db2 -> 
  custom:audio-encoder-webm-vorbis: bf7c407c2cedff20999df2af8eb42d56 -> 
  custom:framework-win-MediaFoundation: 216162199b28c13a410421893ffa2e32 -> 
  custom:container-demuxer-ogg: 62fdf1f143b41e24485cea50d1cbac27 -> 
  custom:video-decoder-webm-vp8: 9c59270c3fd7afecdb556c50c9e8de78 -> 
  custom:audio-decoder-ogg-vorbis: bf7c407c2cedff20999df2af8eb42d56 -> 
========================================================================
Received Prepare
Registering precompiled user dll's ...
Registered in 0.004477 seconds.
Begin MonoManager ReloadAssembly
Symbol file LoadedFromMemory doesn't match image D:\_UNITY_\Projects\_PRIORITY_\2DTopShooter\2DTopShooter\Library\PackageCache\com.unity.visualscripting@1.8.0\Editor\VisualScripting.Core\Dependencies\YamlDotNet\Unity.VisualScripting.YamlDotNet.dll
Symbol file LoadedFromMemory doesn't match image D:\_UNITY_\Projects\_PRIORITY_\2DTopShooter\2DTopShooter\Library\PackageCache\com.unity.visualscripting@1.8.0\Editor\VisualScripting.Core\Dependencies\DotNetZip\Unity.VisualScripting.IonicZip.dll
Native extension for WindowsStandalone target not found
Refreshing native plugins compatible for Editor in 0.61 ms, found 4 plugins.
Preloading 0 native plugins for Editor in 0.00 ms.
Mono: successfully reloaded assembly
- Completed reload, in  0.835 seconds
Domain Reload Profiling:
	ReloadAssembly (835ms)
		BeginReloadAssembly (111ms)
			ExecutionOrderSort (0ms)
			DisableScriptedObjects (6ms)
			BackupInstance (0ms)
			ReleaseScriptingObjects (0ms)
			CreateAndSetChildDomain (29ms)
		EndReloadAssembly (644ms)
			LoadAssemblies (76ms)
			RebuildTransferFunctionScriptingTraits (0ms)
			SetupTypeCache (214ms)
			ReleaseScriptCaches (1ms)
			RebuildScriptCaches (45ms)
			SetupLoadedEditorAssemblies (276ms)
				LogAssemblyErrors (0ms)
				InitializePlatformSupportModulesInManaged (10ms)
				SetLoadedEditorAssemblies (0ms)
				RefreshPlugins (1ms)
				BeforeProcessingInitializeOnLoad (55ms)
				ProcessInitializeOnLoadAttributes (178ms)
				ProcessInitializeOnLoadMethodAttributes (30ms)
				AfterProcessingInitializeOnLoad (2ms)
				EditorAssembliesLoaded (0ms)
			ExecutionOrderSort2 (0ms)
			AwakeInstancesAfterBackupRestoration (7ms)
Platform modules already initialized, skipping
Refreshing native plugins compatible for Editor in 1.75 ms, found 4 plugins.
Preloading 0 native plugins for Editor in 0.00 ms.
Unloading 3775 Unused Serialized files (Serialized files now loaded: 0)
Unloading 22 unused Assets / (24.7 KB). Loaded Objects now: 4317.
Memory consumption went from 148.8 MB to 148.7 MB.
Total: 2.606836 ms (FindLiveObjects: 0.265624 ms CreateObjectMapping: 0.175799 ms MarkObjects: 2.144881 ms  DeleteObjects: 0.019890 ms)

AssetImportParameters requested are different than current active one (requested -> active):
  custom:video-decoder-ogg-theora: a1e56fd34408186e4bbccfd4996cb3dc -> 
  custom:container-muxer-webm: aa71ff27fc2769a1b78a27578f13a17b -> 
  custom:container-demuxer-webm: 4f35f7cbe854078d1ac9338744f61a02 -> 
  custom:video-encoder-webm-vp8: eb34c28f22e8b96e1ab97ce403110664 -> 
  custom:video-codec-MediaFoundation-h265: 55f8c8538cf0483ab7069ead6b737db2 -> 
  custom:audio-encoder-webm-vorbis: bf7c407c2cedff20999df2af8eb42d56 -> 
  custom:framework-win-MediaFoundation: 216162199b28c13a410421893ffa2e32 -> 
  custom:container-demuxer-ogg: 62fdf1f143b41e24485cea50d1cbac27 -> 
  custom:video-decoder-webm-vp8: 9c59270c3fd7afecdb556c50c9e8de78 -> 
  custom:audio-decoder-ogg-vorbis: bf7c407c2cedff20999df2af8eb42d56 -> 
========================================================================
Received Import Request.
  Time since last request: 507.387578 seconds.
  path: Assets/Prefabs/BasicBullet.prefab
  artifactKey: Guid(dde9b94b5a6143943a5a96dd6819b928) Importer(815301076,1909f56bfc062723c751e8b465ee728b)
Start importing Assets/Prefabs/BasicBullet.prefab using Guid(dde9b94b5a6143943a5a96dd6819b928) Importer(815301076,1909f56bfc062723c751e8b465ee728b)  -> (artifact id: '9c8ba6556375c73300ee307dba1dda96') in 0.060385 seconds 
========================================================================
Received Import Request.
  Time since last request: 0.000017 seconds.
  path: Assets/Prefabs/MachineGunBullet.prefab
  artifactKey: Guid(d19bd59a362f70540b7e771f60019692) Importer(815301076,1909f56bfc062723c751e8b465ee728b)
Start importing Assets/Prefabs/MachineGunBullet.prefab using Guid(d19bd59a362f70540b7e771f60019692) Importer(815301076,1909f56bfc062723c751e8b465ee728b)  -> (artifact id: 'ff645fd39d115b09ce80f77bec11039a') in 0.006387 seconds 
========================================================================
Received Import Request.
  Time since last request: 0.000026 seconds.
  path: Assets/Prefabs/EnemyRange.prefab
  artifactKey: Guid(44e4ffd9ab3ca6841aeece64aad55f8e) Importer(815301076,1909f56bfc062723c751e8b465ee728b)
Start importing Assets/Prefabs/EnemyRange.prefab using Guid(44e4ffd9ab3ca6841aeece64aad55f8e) Importer(815301076,1909f56bfc062723c751e8b465ee728b)  -> (artifact id: '68ea623cdaedb9b959f90eb4709accbe') in 0.007819 seconds 
========================================================================
Received Import Request.
  Time since last request: 0.000017 seconds.
  path: Assets/Prefabs/ShotgunBullet.prefab
  artifactKey: Guid(a110c7731089554449bfc47bd3ee5c3c) Importer(815301076,1909f56bfc062723c751e8b465ee728b)
Start importing Assets/Prefabs/ShotgunBullet.prefab using Guid(a110c7731089554449bfc47bd3ee5c3c) Importer(815301076,1909f56bfc062723c751e8b465ee728b)  -> (artifact id: '27d76dda4385a08ef1083b134f67d1be') in 0.008751 seconds 
========================================================================
Received Prepare
Registering precompiled user dll's ...
Registered in 0.004440 seconds.
Begin MonoManager ReloadAssembly
Symbol file LoadedFromMemory doesn't match image D:\_UNITY_\Projects\_PRIORITY_\2DTopShooter\2DTopShooter\Library\PackageCache\com.unity.visualscripting@1.8.0\Editor\VisualScripting.Core\Dependencies\YamlDotNet\Unity.VisualScripting.YamlDotNet.dll
Symbol file LoadedFromMemory doesn't match image D:\_UNITY_\Projects\_PRIORITY_\2DTopShooter\2DTopShooter\Library\PackageCache\com.unity.visualscripting@1.8.0\Editor\VisualScripting.Core\Dependencies\DotNetZip\Unity.VisualScripting.IonicZip.dll
Native extension for WindowsStandalone target not found
Refreshing native plugins compatible for Editor in 0.94 ms, found 4 plugins.
Preloading 0 native plugins for Editor in 0.00 ms.
Mono: successfully reloaded assembly
- Completed reload, in  0.951 seconds
Domain Reload Profiling:
	ReloadAssembly (952ms)
		BeginReloadAssembly (118ms)
			ExecutionOrderSort (0ms)
			DisableScriptedObjects (6ms)
			BackupInstance (0ms)
			ReleaseScriptingObjects (0ms)
			CreateAndSetChildDomain (32ms)
		EndReloadAssembly (738ms)
			LoadAssemblies (78ms)
			RebuildTransferFunctionScriptingTraits (0ms)
			SetupTypeCache (220ms)
			ReleaseScriptCaches (1ms)
			RebuildScriptCaches (48ms)
			SetupLoadedEditorAssemblies (341ms)
				LogAssemblyErrors (0ms)
				InitializePlatformSupportModulesInManaged (11ms)
				SetLoadedEditorAssemblies (0ms)
				RefreshPlugins (1ms)
				BeforeProcessingInitializeOnLoad (69ms)
				ProcessInitializeOnLoadAttributes (220ms)
				ProcessInitializeOnLoadMethodAttributes (37ms)
				AfterProcessingInitializeOnLoad (3ms)
				EditorAssembliesLoaded (0ms)
			ExecutionOrderSort2 (0ms)
			AwakeInstancesAfterBackupRestoration (8ms)
Platform modules already initialized, skipping
Refreshing native plugins compatible for Editor in 2.06 ms, found 4 plugins.
Preloading 0 native plugins for Editor in 0.00 ms.
Unloading 3775 Unused Serialized files (Serialized files now loaded: 0)
Unloading 24 unused Assets / (50.8 KB). Loaded Objects now: 4320.
Memory consumption went from 148.8 MB to 148.8 MB.
Total: 3.863737 ms (FindLiveObjects: 0.425704 ms CreateObjectMapping: 0.333313 ms MarkObjects: 3.022916 ms  DeleteObjects: 0.080842 ms)

AssetImportParameters requested are different than current active one (requested -> active):
  custom:video-decoder-ogg-theora: a1e56fd34408186e4bbccfd4996cb3dc -> 
  custom:container-muxer-webm: aa71ff27fc2769a1b78a27578f13a17b -> 
  custom:container-demuxer-webm: 4f35f7cbe854078d1ac9338744f61a02 -> 
  custom:video-encoder-webm-vp8: eb34c28f22e8b96e1ab97ce403110664 -> 
  custom:video-codec-MediaFoundation-h265: 55f8c8538cf0483ab7069ead6b737db2 -> 
  custom:audio-encoder-webm-vorbis: bf7c407c2cedff20999df2af8eb42d56 -> 
  custom:framework-win-MediaFoundation: 216162199b28c13a410421893ffa2e32 -> 
  custom:container-demuxer-ogg: 62fdf1f143b41e24485cea50d1cbac27 -> 
  custom:video-decoder-webm-vp8: 9c59270c3fd7afecdb556c50c9e8de78 -> 
  custom:audio-decoder-ogg-vorbis: bf7c407c2cedff20999df2af8eb42d56 -> 
Editor requested this worker to shutdown with reason: Scaling down because of idle timeout
AssetImportWorker is now disconnected from the server
Process exiting
Exiting without the bug reporter. Application will terminate with return code 0